㼗
㼘
㼙
㼚
㼛
㼜
㼝
㼞
㼟
㼠
㼡
㼢
㼣
㼤
㼥
㼦
㼧
㼨
㼩
㼪
㼫
㼬
㼭
㼮
㼯
㼰
㼱
㼲
㼳
㼴
㼵
㼶
㼷
㼸
㼹
㼺
㼻
㼼
㼽
㼾
㼿
㽀
㽁
㽂
㽃
㽄
㽅
㽆
㽇
㽈
㽉
㽊
㽋
㽌
瓨
瓪
瓬
瓭
瓳
瓴
瓵
瓹
瓻
瓼
瓽
瓾
甀
甂
甆
甇
甈
甉
甊
甋
甏
甐
甒
甔
甖
甆
𠪹
𤬦
𤬧
𤬨
𤬩
𤬪
𤬫
𤬬
𤬭
𤬮
𤬯
𤬰
𤬱
𤬲
𤬳
𤬴
𤬵
𤬶
𤬷
𤬸
𤬹
𤬺
𤬻
𤬼
𤬽
𤬾
𤬿
𤭀
𤭁
𤭂
𤭃
𤭄
𤭅
𤭆
𤭇
𤭈
𤭉
𤭊
𤭋
𤭌
𤭍
𤭎
𤭏
𤭐
𤭑
𤭒
𤭓
𤭔
𤭕
𤭗
𤭘
𤭙
𤭚
𤭛
𤭜
𤭝
𤭞
𤭟
𤭠
𤭡
𤭢
𤭣
𤭤
𤭥
𤭦
𤭧
𤭨
𤭩
𤭪
𤭫
𤭬
𤭭
𤭮
𤭰
𤭱
𤭲
𤭳
𤭴
𤭵
𤭶
𤭷
𤭸
𤭹
𤭺
𤭻
𤭼
𤭽
𤭾
𤭿
𤮀
𤮁
𤮂
𤮃
𤮄
𤮅
𤮆
𤮇
𤮈
𤮉
𤮊
𤮋
𤮌
𤮍
𤮎
𤮏
𤮐
𤮑
𤮒
𤮓
𤮔
𤮕
𤮖
𤮗
𤮘
𤮙
𤮚
𤮛
𤮜
𤮝
𤮞
𤮟
𤮠
𤮡
𤮢
𤮣
𤮤
𤮥
𤮦
𤮧
𤮨
𤮩
𤮪
𤮫
𤮬
𤮭
𤮮
𤮯
𤮰
𤮱
𤮲
𤮳
𤮴
𤮵
𤮶
𤮷
𤮸
𤮹
𪼶
𪼷
𪼸
𪼹
𪼺
𪼻
𪼼
𪼽
𪼾
𪼿
𬎤
𬎥
𬎦
𬎧
𬎨
𬎩
𬎪
𬎫
𬎬
𬎭
𬎮
𬎯
𬎰
𭺛
𭺜
𭺝
𭺞
𭺟
𭺠
𭺡
𭺢
𭺣
𭺤
𭺥
𭺦
𭺧
𭺨
𭺩
𮴼
㼛
𰢢
𰢣
𰢤
𰢥
𰢦
𱰈
𱰉
𱰊
𱰋
𱰌
𱰍
𱰎
𱰏
𱰐
𱰑
𱰒
𱰓
𱰔
𱰕