㘝
㘟
㘠
㘡
㘢
㘣
㘤
㘥
囙
囜
囝
囟
囡
团
囤
囥
囦
囧
囨
囩
囪
囫
囬
园
囯
囱
围
囵
囶
囷
囸
囻
囼
图
圁
圂
圅
圆
圇
圊
圌
圎
圐
圑
圔
圕
圗
圙
圚
圛
圝
圞
龱
囹
𠀯
𠁤
𡆠
𡆡
𡆢
𡆣
𡆤
𡆥
𡆦
𡆧
𡆨
𡆩
𡆪
𡆫
𡆬
𡆭
𡆮
𡆯
𡆰
𡆱
𡆲
𡆳
𡆴
𡆵
𡆶
𡆷
𡆸
𡆹
𡆺
𡆻
𡆼
𡆽
𡆾
𡆿
𡇀
𡇁
𡇂
𡇃
𡇄
𡇅
𡇆
𡇇
𡇈
𡇉
𡇊
𡇋
𡇌
𡇎
𡇏
𡇐
𡇑
𡇒
𡇓
𡇔
𡇕
𡇖
𡇗
𡇘
𡇙
𡇚
𡇛
𡇜
𡇝
𡇞
𡇟
𡇠
𡇡
𡇢
𡇣
𡇤
𡇥
𡇦
𡇧
𡇨
𡇩
𡇪
𡇫
𡇬
𡇭
𡇮
𡇯
𡇰
𡇱
𡇲
𡇳
𡇴
𡇵
𡇶
𡇷
𡇸
𡇹
𡇺
𡇻
𡇼
𡇽
𡇾
𡇿
𡈀
𡈁
𡈂
𡈃
𡈄
𡈅
𡈆
𡈇
𡈈
𡈉
𡈊
𡈋
𡈌
𡈍
𡈎
𡈏
𡈐
𡈑
𡈒
𡈓
𡈔
𡈕
𡈖
𡈗
𡈘
𡈙
𡈚
𡈛
𡈜
𡈝
𡈞
𡈟
𡈠
𡈡
𡈢
𡈣
𡈤
𡈥
𡈦
𡈧
𡈨
𡈩
𡈪
𡈫
𡈬
𡈭
𡈮
𡈯
𡈰
𡈱
𡈲
𡈳
𡈴
𡈵
𡈶
𡈷
𡈸
𡈹
𡈺
𡈻
𤔗
𪛘
𪢨
𪢩
𪢪
𪢫
𪢬
𪢭
𪢮
𪢯
𪢰
𫭂
𫭃
𫭄
𫭅
𫭆
𫭇
𫭈
𫭉
𫭊
𫭋
𫭌
𫭍
𫭎
𫭏
𫭐
𫭑
𫭒
𫭓
𫭔
𫭕
𭍚
𭍛
𭍜
𭍝
𭍞
𭍟
𭍠
𭍡
𭍢
𭍣
𭍤
𭍥
𭍦
𭍧
𭍨
𭍩
𭍪
𭍫
𭍬
𭍭
𭍮
𭍯
𭍰
𭍱
𭍲
𭍳
𭍴
𭍵
𭍶
𭍷
𭍸
𭍹
𮰘
圖
圗
𰉍
𰉎
𰉏
𰉐
𰉑
𰉒
𰉓
𰉔
𱕸
𱕹
𱕺
𱕻
𱕼
𱕽
𱕾
𱕿
𱖀
𱖁
𱖂
𱖃
𱖄
𱖅