㕂
㕃
㕄
㕅
㕆
㕇
㕈
㕉
㕊
㕋
㕌
㕍
㕎
㕏
㕐
㕑
㕒
㕓
㕔
厃
厅
历
厇
厈
厉
厊
压
厌
厍
厎
厏
厐
厑
厒
厓
厔
厕
厗
厙
厛
厜
厝
厞
厡
厢
厣
厤
厧
厪
厫
厬
厯
厱
厲
厴
厵
虒
靥
餍
龎
𠂬
𠂮
𠂰
𠨬
𠨭
𠨮
𠨯
𠨰
𠨱
𠨲
𠨳
𠨴
𠨵
𠨶
𠨷
𠨸
𠨹
𠨺
𠨻
𠨼
𠨽
𠨾
𠨿
𠩀
𠩁
𠩂
𠩃
𠩄
𠩅
𠩆
𠩇
𠩈
𠩉
𠩊
𠩋
𠩌
𠩍
𠩎
𠩏
𠩐
𠩑
𠩒
𠩓
𠩔
𠩕
𠩗
𠩘
𠩙
𠩚
𠩛
𠩜
𠩝
𠩞
𠩟
𠩠
𠩡
𠩢
𠩣
𠩤
𠩥
𠩦
𠩧
𠩨
𠩩
𠩪
𠩫
𠩬
𠩭
𠩮
𠩯
𠩰
𠩱
𠩲
𠩳
𠩴
𠩵
𠩶
𠩷
𠩸
𠩹
𠩺
𠩻
𠩼
𠩽
𠩾
𠩿
𠪀
𠪁
𠪂
𠪃
𠪄
𠪅
𠪆
𠪇
𠪈
𠪉
𠪊
𠪋
𠪌
𠪍
𠪎
𠪏
𠪐
𠪑
𠪒
𠪓
𠪔
𠪕
𠪖
𠪗
𠪘
𠪙
𠪚
𠪛
𠪜
𠪝
𠪞
𠪟
𠪠
𠪡
𠪢
𠪣
𠪤
𠪥
𠪦
𠪧
𠪨
𠪩
𠪪
𠪫
𠪬
𠪭
𠪮
𠪯
𠪰
𠪱
𠪲
𠪳
𠪴
𠪵
𠪶
𠪷
𠪸
𠪺
𠪻
𠪼
𠪽
𠪾
𠪿
𠫀
𠫁
𠫂
𠫃
𠫄
𠫅
𠫆
𠫇
𠫉
𠫊
𠫋
𠫌
𠫍
𠫎
𠫏
𠫐
𠫑
𠫒
𪠃
𪠄
𪠅
𪠆
𪠇
𪠈
𪠉
𪠊
𪠋
𪠌
𪠍
𪠎
𪠏
𪠐
𪠑
𪠒
𪠓
𪠔
𪠕
𪠖
𪠗
𪠘
𪠙
𪠚
𪠛
𫝕
𫝖
𫝗
𫨂
𫨃
𫨄
𫨅
𫨆
𫨇
𫨈
𫨉
𫨊
𫨋
𫨌
𫨍
𫨎
𫨏
𫨐
𫨑
𫨒
𫨓
𫨔
𫨕
𫨖
𫨗
𫨘
𫨙
𫨚
𫨛
𫨜
𫨝
𫨞
𫨟
𫨠
𫨡
𫨢
𫨣
𫨤
𫨥
𭆀
𭆁
𭆂
𭆃
𭆄
𭆅
𭆆
𭆇
𭆈
𭆉
𭆊
𭆋
𭆌
𭆍
𭆎
𭆏
𭆐
𭆑
𭆒
𭆓
𭆔
𭆕
𭆖
𭆗
𭆘
𮰑
𮰒
𠨬
灰
𰆕
𰆖
𰆗
𰆘
𰆙
𰆚
𰆛
𰆜
𰆝
𰆞
𰆟
𰆠
𰆡
𰆢
𰆣
𰆤
𰆥
𰆦
𰆧
𰆨
𰆩
𰆪
𰆫
𰆬
𱑜
𱑝
𱑞
𱑟
𱑠
𱑡