䫸
䫹
䫺
䫻
䫼
䫽
䫾
䫿
䬀
䬁
䬂
䬃
䬄
䬅
䬆
䬇
䬈
䬉
䬊
䬋
䬌
䬍
䬎
䬏
䬐
䬑
䬒
䬓
䬔
䬕
䬖
䬗
䬘
䬙
䬚
䬛
䬜
䬝
䬞
䬟
凬
颩
颫
颬
颭
颮
颰
颲
颳
颴
颵
颷
颸
颹
颺
颻
颼
颽
颾
颿
飀
飁
飂
飅
飇
飈
飉
飊
飋
飌
飍
风
飏
飐
飑
飒
飓
飔
飕
飖
飗
飘
飙
飚
𠙬
𩂑
𩖘
𩖙
𩖚
𩖛
𩖜
𩖝
𩖞
𩖟
𩖠
𩖡
𩖢
𩖣
𩖤
𩖥
𩖦
𩖧
𩖨
𩖩
𩖪
𩖫
𩖬
𩖭
𩖮
𩖯
𩖱
𩖲
𩖳
𩖴
𩖵
𩖶
𩖷
𩖸
𩖹
𩖺
𩖻
𩖼
𩖽
𩖾
𩖿
𩗀
𩗁
𩗂
𩗃
𩗄
𩗅
𩗆
𩗇
𩗈
𩗉
𩗊
𩗋
𩗌
𩗍
𩗎
𩗏
𩗐
𩗑
𩗒
𩗓
𩗔
𩗕
𩗖
𩗗
𩗘
𩗙
𩗚
𩗛
𩗜
𩗝
𩗞
𩗟
𩗠
𩗡
𩗢
𩗣
𩗤
𩗥
𩗦
𩗧
𩗨
𩗩
𩗪
𩗫
𩗬
𩗭
𩗮
𩗯
𩗰
𩗱
𩗲
𩗳
𩗴
𩗵
𩗶
𩗷
𩗸
𩗹
𩗺
𩗻
𩗼
𩗽
𩗾
𩗿
𩘀
𩘁
𩘂
𩘃
𩘄
𩘅
𩘆
𩘇
𩘈
𩘉
𩘊
𩘋
𩘌
𩘍
𩘎
𩘏
𩘐
𩘑
𩘒
𩘓
𩘔
𩘕
𩘖
𩘗
𩘘
𩘙
𩘚
𩘛
𩘜
𩘝
𩘞
𩘟
𩘠
𩘡
𩘢
𩘣
𩘤
𩘥
𩘦
𩘧
𩘨
𩘩
𩘪
𩘫
𩘬
𩘭
𩘮
𩘯
𩘰
𩘱
𩘲
𩘳
𩘴
𩘵
𩘶
𩘷
𩘸
𩘹
𩘺
𩘻
𩘼
𩘽
𩘾
𩘿
𩙀
𩙁
𩙂
𩙃
𩙄
𩙅
𩙆
𩙇
𩙈
𩙉
𩙊
𩙋
𩙌
𩙍
𩙎
𩙏
𩙐
𩙑
𩙒
𩙓
𩙔
𩙕
𩙖
𩙗
𩙘
𩙙
𩙚
𩙛
𩙜
𩙝
𩙞
𩙟
𩙠
𩙡
𩙢
𩙣
𩙤
𩙥
𩙦
𩙧
𩙨
𩙩
𩙪
𩙫
𩙬
𩙭
𩙮
𩙯
𩙰
𫖻
𫖼
𫖽
𫖾
𫖿
𫗀
𫗁
𫗂
𫗃
𫗄
𫗅
𫗆
𫗇
𫗈
𫗉
𫗊
𫗋
𫠇
𫠈
𬱴
𬱵
𬱶
𬱷
𬱸
𬱹
𬱺
𬱻
𬱼
𬱽
𬱾
𬱿
𬲀
𬲁
𬲂
𬲃
𬲄
𬲅
𬲆
𬲇
𬲈
𮨦
𮨧
𮨨
𮨩
𮨪
𮨫
𮨬
𮨭
𮨮
𮨯
𮨰
𮨱
𮨲
𮨳
𮨴
𮨵
𮸻
𮸼
𩖶
𱂼
𱂽
𱂾
𱂿
𱃀
𱃁
𱃂
𱃃
𱃄
𱃅
𱃆
𱃇
𱃈
𱃉
𱃊
𱃋
𱃌
𱃍
𱃎
𱃏
𱃐
𱃑
𱃒
𱃓
𱃔
𱃕
𱃖
𱃗
𱃘
𱃙
𱃚
𱃛
𱃜
𱃝
𱃞
𱃟
𱃠
𱎤
𱣃
𱣨
𱽐
𲋄
𲋅
𲋆
𲋇
𲋈
𲋉
𲋊
𲋋
𲋌
𲋍
𲋎
𲋏
𲋐
𲋑