㑑
㔆
㔍
㛑
㛽
㜗
㜞
㜺
㝈
㟛
㟞
㠝
㣅
㣌
㣓
㤾
㥇
㦃
㦌
㦧
㦮
㧲
㨻
㪔
㪚
㭫
㭮
㮍
㯆
㰑
㱚
㶒
㸥
㹌
㹽
㺑
㺖
㺗
㺘
㺥
㻮
㻵
㽩
㿊
䀐
䂁
䂎
䃸
䄟
䈀
䉈
䉔
䉵
䊉
䊏
䊲
䌣
䍼
䎒
䏼
䐮
䐶
䑎
䗃
䗝
䗞
䘉
䙁
䚲
䝜
䝳
䞼
䟃
䟅
䟎
䠣
䡲
䡽
䣟
䤔
䤘
䤫
䧯
䩆
䩔
䪌
䫅
䫩
䫮
䬤
䬸
䭕
䰖
䰼
䱠
䱿
䳻
䴮
䴼
䵇
䶨
𠁷
𠊩
𠍘
𠎃
𠒀
𠕋
𠗿
𠚹
𠚿
𠛹
𠜂
𠝩
𠟆
𠟉
𠠀
𠠋
𠠮
𠡡
𠣄
𠥘
𠫭
𠫰
𠫵
𡂐
𡎻
𡓦
𡙘
𡙫
𡛒
𡛝
𡛹
𡜜
𡡖
𡣏
𡬬
𡭞
𡮿
𡶸
𡷭
𡸊
𡸚
𢁘
𢁚
𢂺
𢄤
𢄻
𢈽
𢌺
𢏵
𢑊
𢒆
𢕕
𢖑
𢖞
𢘼
𢡄
𢡖
𢡚
𢦘
𢦸
𢧣
𢩠
𢸥
𢺟
𢺱
𢻞
𢻦
𢻾
𢽝
𢾃
𢿈
𢿨
𢿷
𣀧
𣀯
𣀶
𣂧
𣑭
𣓒
𣔫
𣔵
𣖉
𣗸
𣚈
𣛳
𣛷
𣝊
𣟴
𣤱
𣦻
𣦼
𣧺
𣧻
𣩳
𣪚
𣪶
𣬛
𣮠
𣯺
𣶡
𣸄
𣻬
𣽽
𤀤
𤅒
𤅲
𤍝
𤍾
𤏷
𤐒
𤐲
𤑖
𤓟
𤓥
𤖆
𤛤
𤜇
𤞹
𤡅
𤡙
𤤪
𤩀
𤮭
𤳒
𤶤
𤷥
𤼋
𥁫
𥂥
𥊀
𥊓
𥍬
𥎑
𥎞
𥎢
𥎣
𥎤
𥎥
𥒬
𥕌
𥜙
𥝺
𥡡
𥢽
𥣚
𥣪
𥤳
𥮅
𥮚
𥰨
𥰭
𥱄
𥲏
𥲻
𥳋
𥳪
𥴵
𥴷
𥶊
𥶟
𥷭
𥸢
𥹏
𥹾
𥺤
𥻕
𥼾
𥽱
𥽽
𦇕
𦈻
𦌔
𦎗
𦘹
𦙉
𦙱
𦙸
𦚛
𦚻
𦝓
𦠆
𦠐
𦡨
𦪜
𦪫
𦯘
𦲞
𦲯
𦳫
𦷻
𦸰
𦺐
𦺻
𦾹
𧀡
𧀵
𧃏
𧄽
𧅀
𧉏
𧌩
𧑯
𧕃
𧕽
𧗋
𧛄
𧛡
𧟖
𧣴
𧥓
𧧚
𧧪
𧮺
𧱆
𧲮
𧲾
𧽾
𧾋
𧾬
𨀢
𨄉
𨅔
𨅕
𨅖
𨇃
𨇦
𨇩
𨊝
𨏓
𨏘
𨏪
𨖋
𨘄
𨙏
𨚿
𨝩
𨝵
𨞷
𨠡
𨢽
𨣪
𨣲
𨣵
𨪑
𨬖
𨰭
𨲨
𨲱
𨳂
𨳄
𨴕
𨹞
𨻴
𨼮
𩀧
𩀲
𩀼
𩁺
𩂅
𩃔
𩅼
𩆑
𩆤
𩆯
𩆷
𩈲
𩈻
𩈼
𩋐
𩌰
𩍑
𩍴
𩎈
𩎑
𩔊
𩕞
𩖌
𩛻
𩝖
𩞀
𩞏
𩞼
𩟌
𩟒
𩟖
𩟪
𩟴
𩟶
𩥮
𩨡
𩮲
𩯑
𩯞
𩯟
𩯳
𩰃
𩲽
𩹆
𩻣
𩼇
𩽐
𩽝
𪆶
𪉺
𪊴
𪑃
𪓄
𪖎
𪗂
𪘑
𪘝
𪘪
𪙅
𪙞
𪚃
𬳯
𭀰
𭀱
𭆞
𭆤
𭟯
𭣚
𭣹
𭰋
𭰦
𮅕
𮆪
𮇓
𮚋
𮚌
𮠳
𮡱
𮪠
𮯈
𠦃