㬳
㬴
㬵
㬶
㬷
㬸
㬺
㬻
㬼
㬽
㬾
㬿
㭀
䶺
䶻
䶼
䶽
朊
朌
朎
朐
朘
朚
朜
朠
朡
朢
朣
朤
朗
望
𣍝
𣍞
𣍟
𣍠
𣍡
𣍢
𣍣
𣍤
𣍥
𣍦
𣍧
𣍩
𣍪
𣍫
𣍬
𣍭
𣍮
𣍱
𣍳
𣍴
𣍵
𣍶
𣍷
𣍸
𣍹
𣍺
𣍻
𣍼
𣍽
𣍾
𣍿
𣎀
𣎁
𣎂
𣎃
𣎄
𣎅
𣎆
𣎇
𣎈
𣎉
𣎊
𣎋
𣎌
𣎍
𣎎
𣎏
𣎐
𣎑
𣎒
𣎓
𣎔
𣎕
𣎖
𣎗
𣎘
𣎙
𣎚
𣎛
𣎜
𣎝
𣎞
𣎟
𣎠
𣎡
𣎢
𣎣
𣎤
𣎥
𣎦
𣎧
𣎨
𣎩
𣎪
𣎫
𣎬
𣎭
𣎮
𣎯
𣎰
𣎱
𣎲
𦙗
𦚹
𦜳
𦡖
𪱙
𪱚
𪱛
𪱜
𪱝
𪱞
𪱟
𪱠
𪱡
𪱢
𪱣
𪱤
𪱥
𪱦
𪱧
𪱨
𪱩
𪱪
𪱫
𪱬
𪱭
𪱮
𪱯
𪱰
𫇃
𫞅
𫞆
𫞇
𬁰
𬁱
𬁲
𬁳
𬁴
𬁵
𬁶
𬁷
𬁸
𬁹
𬁺
𬁻
𬁼
𬁽
𬁾
𬁿
𬂀
𬂁
𬂂
𬂃
𬂄
𬂅
𬂆
𬂇
𬂈
𬂉
𬂊
𬂋
𬂌
𬂍
𬂎
𬂏
𬂐
𬂑
𬂒
𬂓
𬂔
𬂕
𬂖
𬂗
𬂘
𬂙
𬂚
𭨤
𭨥
𭨦
𭨧
𭨨
𭨩
𭨪
𭨫
𭨬
𭨭
𭨮
𭨯
𭨰
𭨱
𭨲
𭨳
𭨴
𭨵
𭨶
𭨷
𭨸
𭨹
𭨺
𭨻
𭨼
𭨽
𭨾
𭨿
𭩀
𭩁
𭩂
𭩃
𭩄
𭩅
𭩆
𭩇
𭩈
𭩉
𭩊
𭩋
𭩌
𭩍
𭩎
𭩏
𭩐
𭩑
𭩒
𭩓
𭩔
𭩕
𭩖
𭩗
𮲪
朗
望
朡
𣍟
𣎓
𣎜
𰗄
𰗅
𰗆
𰗇
𰗈
𰗉
𰗊
𰗋
𰗌
𰗍
𰗎
𰗏
𱢸
𱢹
𱢺
𱢻
𱢼
𱢽