㦭
䉸
䌵
䖂
䖃
䖄
䙱
䡾
䨹
䪎
䭨
䭳
䮿
䲚
䲛
䴏
䶐
䶧
䶵
灧
灨
犫
纝
虌
蠽
蠾
蠿
豓
貜
躩
軉
鑻
靋
靌
飍
飝
饡
馫
驦
驧
鬤
鬰
鸖
鸗
齈
龮
鿝
鿨
𠨋
𡆙
𡆚
𡆞
𡚥
𡤷
𡤸
𡤹
𡤺
𡦸
𡬎
𡬙
𡬚
𡿠
𡿡
𡿣
𡿤
𢀏
𢆇
𢆈
𢌔
𢌕
𢍷
𢍸
𢖨
𢦅
𢦆
𢦇
𢺰
𢺱
𢺲
𣀽
𣀾
𣌞
𣡲
𣡳
𣡴
𣡵
𣫪
𣫫
𣬚
𤅷
𤅸
𤅹
𤅺
𤅻
𤓦
𤓧
𤓨
𤓩
𤖥
𤣤
𤮸
𤴌
𤴍
𤼢
𥍙
𥍚
𥗾
𥗿
𥘀
𥸐
𥸑
𥸒
𥸓
𥸔
𥸕
𥸖
𥾀
𥾁
𦇾
𦇿
𦈀
𦈁
𦈂
𦉨
𦍇
𦍉
𦏯
𦣛
𦧁
𦧂
𦨆
𦫈
𧆇
𧆈
𧆉
𧆊
𧆋
𧆌
𧆍
𧆎
𧖄
𧖅
𧖆
𧖇
𧖈
𧖉
𧖋
𧖌
𧖍
𧖎
𧖏
𧖐
𧟘
𧢭
𧮞
𧮟
𧮠
𧮡
𧯘
𧰣
𧰤
𧲝
𧴣
𧾵
𨈁
𨈂
𨈃
𨏹
𨏻
𨏾
𨤇
𨤈
𨤉
𨰞
𨰟
𨰠
𨰡
𨰢
𨰣
𨰤
𨰥
𨰦
𨰧
𨰨
𨽴
𨽵
𩉖
𩉗
𩉘
𩎇
𩏶
𩏷
𩏸
𩑉
𩖏
𩖐
𩖑
𩙝
𩙞
𩠹
𩧔
𩧕
𩧖
𩧗
𩪼
𩪽
𩫰
𩫱
𩰁
𩰂
𩰃
𩰄
𩰩
𩱫
𩱬
𩵄
𩵅
𩽍
𩽎
𩽏
𩽐
𩽑
𩽒
𩽓
𩽔
𩽕
𩽖
𩽗
𩽘
𩽙
𪈃
𪈄
𪈅
𪈆
𪈇
𪈈
𪈉
𪈊
𪈋
𪈌
𪈍
𪈎
𪈏
𪈐
𪈑
𪈒
𪈓
𪈔
𪈕
𪈖
𪈗
𪊉
𪋵
𪎁
𪎂
𪏫
𪒹
𪒺
𪒻
𪒼
𪒽
𪒾
𪓿
𪔀
𪔊
𪔶
𪖋
𪖾
𪖿
𪗀
𪙣
𪙤
𪙥
𪙦
𪙧
𪙨
𪙩
𪙪
𪙫
𪙬
𪙭
𪙮
𪙯
𪚣
𪚤
𪛂
𪛃
𪛄
𪛒
𪴧
𪺌
𫄘
𫓤
𫘚
𫜧
𫭁
𬅛
𬋡
𬖈
𬖉
𬧝
𬬣
𬰕
𬲢
𬲤
𬴤
𬴥
𬵷
𬵹
𬹸
𭍓
𭍔
𭍗
𭍹
𭸴
𭻼
𭻽
𭼻
𮇁
𮇂
𮉟
𮍳
𮚯
𮚰
𮧀
𮧁
𮨳
𮪟
𮫪
𮬗
𮭝
𮭞
𮮂
𮯔
𮯕
𪈎
𰆂
𰗃
𰪥
𰸹
𱁐
𱃒
𱃓
𱇈
𱉅
𱉆
𱌥
𱏣
𱘟
𱛃
𱥚
𱪟
𱪠
𲄖
𲄲
𲊓
𲎎