䴬
䴭
䴮
䴯
䴰
䴱
䴲
䴳
䴴
䴵
䴶
䴷
䴸
䴹
䴺
䴻
䴼
䴽
䴾
䴿
䵀
䵁
䵂
䵃
䵄
䵅
䵆
麧
麫
麮
麰
麱
麲
麳
麶
麷
𪋼
𪋽
𪋾
𪋿
𪌀
𪌁
𪌂
𪌃
𪌄
𪌅
𪌆
𪌇
𪌈
𪌉
𪌊
𪌋
𪌌
𪌍
𪌎
𪌏
𪌐
𪌑
𪌒
𪌓
𪌔
𪌕
𪌖
𪌗
𪌘
𪌙
𪌚
𪌜
𪌝
𪌞
𪌟
𪌠
𪌡
𪌢
𪌣
𪌤
𪌥
𪌦
𪌧
𪌨
𪌩
𪌪
𪌫
𪌬
𪌭
𪌮
𪌯
𪌰
𪌱
𪌲
𪌳
𪌴
𪌵
𪌶
𪌷
𪌸
𪌹
𪌺
𪌻
𪌼
𪌽
𪌾
𪌿
𪍀
𪍁
𪍂
𪍃
𪍄
𪍅
𪍆
𪍇
𪍈
𪍉
𪍊
𪍋
𪍌
𪍍
𪍎
𪍏
𪍐
𪍑
𪍒
𪍓
𪍔
𪍕
𪍖
𪍗
𪍘
𪍙
𪍚
𪍛
𪍜
𪍝
𪍞
𪍟
𪍠
𪍡
𪍢
𪍣
𪍤
𪍥
𪍦
𪍧
𪍨
𪍩
𪍪
𪍫
𪍬
𪍭
𪍮
𪍯
𪍰
𪍱
𪍲
𪍳
𪍴
𪍵
𪍶
𪍷
𪍸
𪍹
𪍺
𪍻
𪍼
𪍽
𪍾
𪍿
𪎀
𪎁
𪎂
𪎃
𪎄
𪎅
𪎆
𪎇
𪎈
𪎉
𪎊
𪎋
𪎍
𪎎
𪎏
𪎐
𫜐
𫜑
𫜒
𫜓
𫜔
𫜕
𬹂
𬹃
𬹄
𬹅
𬹆
𬹇
𬹈
𬹉
𬹊
𬹋
𬹌
𬹍
𬹎
𮭻
𮭼
𮭽
𮭾
𮭿
𮮀
𮮁
𮮂
𮮃
𮮄
𮮅
𮮆
𮮇
𱋃
𱋄
𱋅
𱋆
𱋇
𱋈
𱋉
𱋊
𱋋
𱋌
𱋍
𱋎
𱋏
𱋐
𱋑
𱋒
𱋓
𱋔
𱋕
𱋖
𱋗
𱋘
𱋙
𱋚
𱋛
𱋜
𱋝
𱋞
𱋟
𱋠
𱋡
𱋢
𱋣
𱋤
𱋥
𱋦
𱋧
𱋨
𱋩
𱋪
𱋫
𱋬
𱋭
𱋮
𲎏
𲎐
𲎑
𲎒
𲎓