䠲
䠳
䠴
䠵
䠶
䠷
䠸
䠹
䠺
䠻
䠼
䠽
䠾
䠿
䡀
䡁
躭
躮
躲
躳
躴
躵
躶
躷
躸
躹
躺
躻
躼
躽
躿
軀
軁
軂
軃
軄
軇
軉
𨈏
𨈐
𨈑
𨈒
𨈓
𨈔
𨈕
𨈖
𨈗
𨈘
𨈙
𨈚
𨈛
𨈜
𨈝
𨈞
𨈟
𨈠
𨈡
𨈢
𨈣
𨈤
𨈥
𨈦
𨈧
𨈨
𨈩
𨈪
𨈫
𨈬
𨈭
𨈮
𨈯
𨈰
𨈱
𨈲
𨈳
𨈴
𨈵
𨈶
𨈷
𨈸
𨈹
𨈺
𨈻
𨈼
𨈽
𨈾
𨈿
𨉀
𨉁
𨉂
𨉃
𨉄
𨉅
𨉆
𨉇
𨉈
𨉉
𨉊
𨉋
𨉌
𨉍
𨉎
𨉏
𨉐
𨉑
𨉒
𨉓
𨉔
𨉕
𨉖
𨉗
𨉘
𨉙
𨉚
𨉛
𨉜
𨉝
𨉞
𨉟
𨉠
𨉡
𨉢
𨉣
𨉤
𨉥
𨉦
𨉧
𨉨
𨉩
𨉪
𨉫
𨉬
𨉭
𨉮
𨉯
𨉰
𨉱
𨉲
𨉳
𨉴
𨉵
𨉶
𨉷
𨉸
𨉹
𨉺
𨉻
𨉼
𨉽
𨉾
𨉿
𨊀
𨊁
𨊂
𨊃
𨊄
𨊅
𨊆
𨊇
𨊈
𨊉
𨊊
𨊋
𨊌
𨊍
𨊎
𨊏
𨊐
𨊑
𨊒
𨊓
𨊔
𨊕
𨊖
𨊗
𨊘
𨊙
𨊚
𨊛
𨊜
𨊝
𨊞
𨊟
𫏪
𫏫
𫏬
𫏭
𫏮
𫏯
𫏰
𫏱
𬧠
𬧡
𬧢
𬧣
𬧤
𬧥
𬧦
𬧧
𬧨
𬧩
𬧪
𬧫
𬧬
𬧭
𬧮
𬧯
𬧰
𮜮
𮜯
𮜰
𮜱
𮜲
𮜳
𮜴
𮜵
𮜶
𮜷
𮜸
𮜹
𮜺
𮜻
𮜼
𮜽
𮜾
𮷓
𮷔
𮷕
𰸺
𰸻
𰸼
𰸽
𰸾
𰸿
𰹀
𰹁
𰹂
𰹃
𰹄
𰹅
𰹆
𰹇
𲄗
𲄘
𲄙
𲄚
𲄛
𲄜
𲄝
𲄞
𲄟
𲄠
𲄡
𲄢
𲄣
𲄤
𲄥
𲄦
𲄧
𲄨
𲄩
𲄪
𲄫
𲄬
𲄭
𲄮
𲄯
𲄰
𲄱
𲄲