㑪
㓌
㓹
㓾
㔍
㔟
㔺
㖂
㗂
㗫
㘫
㙚
㛳
㝂
㝭
㡜
㢴
㣏
㧗
㨹
㩊
㩨
㩩
㫼
㭡
㮐
㯔
㯕
㱏
㴉
㵾
㷣
㸄
㸷
㹌
㼩
㼮
㼳
㽄
㽒
㽮
㾪
㾷
䀙
䀸
䀿
䁀
䁞
䂃
䂑
䃏
䄟
䄢
䇽
䈣
䊒
䋊
䍤
䎺
䎽
䏅
䐡
䔴
䕓
䗌
䚇
䚭
䛖
䜞
䝴
䝼
䠁
䠠
䤱
䨖
䨝
䩢
䪠
䪡
䪣
䫆
䬽
䭁
䭨
䮺
䰏
䱥
䱨
䵻
䶒
䶓
䶩
𠀍
𠄵
𠄷
𠆜
𠏧
𠑴
𠓵
𠓶
𠓽
𠔍
𠔻
𠕠
𠗜
𠙺
𠛐
𠛯
𠜔
𠜸
𠝁
𠝦
𠞂
𠟬
𠢦
𠤵
𠦔
𠧜
𠧟
𠨍
𠩪
𠫱
𠫼
𠬋
𠬎
𠬐
𠬘
𠭉
𠭗
𠭘
𠭥
𠱕
𠴢
𠴧
𠻎
𠻖
𠽶
𠽹
𡁔
𡅓
𡉄
𡉸
𡎎
𡑺
𡒍
𡕓
𡗡
𡜧
𡞞
𡠸
𡡒
𡡛
𡥷
𡦍
𡨽
𡪟
𡬚
𡬳
𡮀
𡲾
𡴏
𡴐
𡴑
𡶯
𡷉
𡹖
𡻕
𡻰
𡼞
𡽉
𢁃
𢁿
𢂕
𢄢
𢄣
𢅕
𢅫
𢌛
𢒱
𢜫
𢜳
𢝗
𢟩
𢟯
𢠹
𢡈
𢡐
𢡒
𢤅
𢥎
𢦩
𢮓
𢳅
𢳐
𢼋
𢿫
𣀔
𣂯
𣂶
𣃍
𣃢
𣄀
𣇄
𣐑
𣣮
𣤳
𣥔
𣦔
𣦧
𣨋
𣨾
𣰖
𣰗
𣰚
𣳟
𣳦
𣴎
𣸓
𣹍
𣹨
𣹴
𣺴
𣻒
𣻓
𣽱
𤀤
𤏽
𤏾
𤓕
𤕛
𤙡
𤙲
𤚣
𤛄
𤛫
𤝼
𤟐
𤠥
𤠹
𤢻
𤥒
𤦨
𤯓
𤯕
𤯜
𤯞
𤯡
𤯢
𤯣
𤯧
𤯬
𤰨
𤴇
𤴓
𤴟
𤵙
𤶈
𤶰
𤸞
𤸪
𤸾
𤺅
𤺊
𤺚
𤼥
𤽛
𤾪
𥄾
𥅱
𥅶
𥆏
𥇕
𥉻
𥍭
𥐀
𥒛
𥕁
𥠀
𥢲
𥣩
𥤴
𥥇
𥧶
𥨕
𥰰
𥱨
𥱵
𥲣
𥲨
𥳈
𥳵
𥴰
𥶙
𥶹
𥷂
𥷣
𥻥
𥼛
𥼤
𦁆
𦄑
𦅵
𦇀
𦑊
𦔄
𦕀
𦕓
𦕡
𦕶
𦖜
𦖤
𦙟
𦙫
𦚨
𦛙
𦜋
𦜗
𦜾
𦠃
𦠕
𦡅
𦡕
𦦏
𦩠
𦩭
𦪊
𦪱
𦳗
𦾿
𧅠
𧅱
𧅴
𧍖
𧏄
𧏝
𧑎
𧓉
𧓔
𧕙
𧖊
𧗪
𧘿
𧙁
𧚳
𧛁
𧛟
𧜁
𧟿
𧡈
𧡏
𧢱
𧣯
𧤱
𧨰
𧪇
𧪷
𧬊
𧬜
𧮼
𧴹
𧶚
𧷌
𧷔
𧻸
𧾙
𧾸
𨀧
𨂋
𨄐
𨊉
𨌍
𨒌
𨒧
𨒴
𨓽
𨙷
𨚢
𨚣
𨜜
𨝋
𨝠
𨞐
𨡐
𨡘
𨡶
𨢏
𨢹
𨣧
𨥙
𨥦
𨥳
𨦙
𨦬
𨧬
𨧳
𨨬
𨫍
𨲓
𨲚
𨲢
𨵥
𨸥
𨹚
𨹶
𨹷
𨻕
𨽘
𨾖
𨿩
𨿬
𩃋
𩃟
𩄄
𩄆
𩇕
𩇖
𩇛
𩇝
𩉃
𩎰
𩐇
𩐊
𩐋
𩐐
𩓞
𩓨
𩕖
𩗶
𩗼
𩚫
𩜎
𩥍
𩩭
𩯰
𩰁
𩳯
𩶆
𩷼
𩺄
𪁋
𪂴
𪄈
𪅻
𪇒
𪊆
𪔊
𪖉
𪗅
𪗆
𪗇
𪗊
𪗌
𪗍
𪗏
𪘔
𪙘
𪙙
𫕅
𫝑
𫞓
𬰁
𬻥
𭃥
𭃭
𭄣
𭕝
𭗓
𭚃
𭣰
𭣱
𭤘
𭮶
𭰉
𭲍
𭳯
𭺳
𮁨
𮂧
𮋻
𮔰
𮢕
𮢙
𮮺
𮮻
𮮼