㒄
㒰
㓴
㔯
㘣
㚩
㜣
㣤
㦓
㧫
㨎
㨻
㪨
㮒
㮕
㯀
㰊
㲯
㳭
㵪
㶄
㸐
㸥
㻵
㻽
㼱
㽭
㿵
䀬
䁢
䁣
䁮
䆓
䉵
䍼
䎃
䏼
䐶
䑙
䒣
䓓
䓴
䔳
䕭
䕼
䕿
䗃
䗠
䙇
䛁
䞂
䟅
䡲
䢭
䣸
䤔
䤡
䧖
䧠
䫇
䬯
䱠
䳿
䴉
䴋
𠟉
𠟺
𠤀
𠤰
𠤹
𠨎
𠫹
𠭝
𠯍
𠱞
𠵊
𠷁
𠽴
𠾄
𠾺
𡄠
𡎻
𡜉
𡜫
𡭐
𡷭
𢅮
𢈽
𢋄
𢓏
𢓒
𢕻
𢘎
𢡵
𢪈
𢮨
𢳄
𢵈
𢸧
𣃅
𣎓
𣔻
𣚊
𣛹
𣜅
𣟳
𣡗
𣤀
𣥑
𣩧
𣬭
𣱄
𣽳
𤍙
𤑆
𤓉
𤕱
𤖆
𤚁
𤜼
𤟙
𤡮
𤢅
𤥷
𤭀
𤮍
𤮜
𤮪
𤱋
𤲗
𤲬
𤳟
𤴿
𤷃
𥀫
𥀭
𥈇
𥊶
𥎀
𥎘
𥒎
𥕷
𥛶
𥬕
𥮒
𥯬
𥱇
𥲻
𥳚
𥸣
𥻾
𥾢
𦁆
𦂒
𦆀
𦈻
𦉕
𦎍
𦎗
𦏟
𦏯
𦐘
𦓰
𦛔
𦛡
𦛦
𦝏
𦝸
𦠆
𦢃
𦢨
𦶇
𦺍
𦺲
𦺾
𦾶
𧀵
𧁰
𧅻
𧆋
𧆖
𧆚
𧊨
𧍭
𧏦
𧑮
𧔇
𧔢
𧗸
𧜈
𧜽
𧦦
𧧛
𧨅
𧨾
𧭽
𧮟
𧮺
𧸀
𧽹
𧾎
𧾩
𨁁
𨅲
𨋁
𨋚
𨒩
𨗧
𨛇
𨟪
𨨰
𨬔
𨬖
𨷓
𨹌
𨽨
𩀋
𩃵
𩅂
𩏈
𩑞
𩑺
𩒹
𩓾
𩕖
𩟋
𩢝
𩢡
𩣀
𩶎
𩻝
𪃉
𪆈
𪋱
𪍧
𪍶
𪘪
𪚮
𫝐
𭁠
𭆡
𭈼
𭰏
𭰦
𭾪
𭾱
𮉼
𮒹
𮖯
𮟃
𮧊
𬒭