㐰
㐱
㑗
㑴
㓎
㔤
㕥
㖘
㘰
㚞
㛙
㛛
㜄
㜗
㜤
㜦
㜪
㝲
㞥
㠁
㣺
㤈
㥲
㪸
㫳
㬐
㬜
㭄
㭡
㮱
㯸
㰂
㰉
㰮
㲀
㲔
㴆
㴱
㵕
㶒
㶦
㶳
㺑
㺬
㻸
㽦
㾕
㾛
㿊
䀢
䀼
䂦
䂧
䃌
䃡
䃸
䅸
䅾
䆣
䈜
䈯
䊁
䍼
䐜
䐶
䑐
䒖
䔚
䗯
䚓
䚱
䛜
䛨
䜟
䜷
䝩
䞋
䟴
䠴
䡩
䢅
䢈
䢻
䣅
䤁
䤐
䥠
䪴
䪾
䪿
䫃
䫈
䫖
䫬
䭀
䭙
䯂
䰠
䰼
䲋
䳲
𠂧
𠂮
𠃫
𠈐
𠋜
𠔹
𠖶
𠗿
𠘆
𠘱
𠙷
𠚁
𠜘
𠟉
𠤛
𠤤
𠨱
𠨷
𠩟
𠫭
𠫵
𠭙
𠭜
𠲳
𠸸
𡆮
𡇑
𡈿
𡎹
𡏷
𡖬
𡙊
𡝌
𡣎
𡥪
𡨞
𡨦
𡩁
𡩠
𡩨
𡩻
𡪢
𡫁
𡫒
𡬓
𡰬
𡴜
𡺽
𡻿
𡼒
𡼶
𢀝
𢆺
𢈇
𢈥
𢈯
𢊖
𢊲
𢎕
𢏓
𢏦
𢑋
𢑚
𢒀
𢒁
𢓠
𢓫
𢔀
𢗀
𢗐
𢗑
𢘊
𢘑
𢙈
𢠝
𢩫
𢩲
𢬶
𢭧
𢱶
𢱷
𢸩
𢸰
𢼧
𢽪
𣁱
𣂺
𣃄
𣆋
𣆲
𣈆
𣌇
𣐽
𣓀
𣖽
𣘕
𣘘
𣘣
𣘲
𣜈
𣝯
𣝾
𣞟
𣟹
𣠟
𣡎
𣢀
𣢇
𣢘
𣥇
𣨠
𣬻
𣱽
𣳦
𣷽
𣸁
𣹦
𣹰
𣼡
𣽧
𣿇
𤃂
𤄸
𤄼
𤎭
𤏗
𤕊
𤚨
𤚩
𤚾
𤚿
𤛧
𤜢
𤣭
𤦯
𤫨
𤰶
𤱏
𤱓
𤱥
𤱼
𤵂
𤶴
𤹩
𤺋
𤺑
𤻞
𤽰
𥂵
𥅘
𥅜
𥆏
𥆓
𥆣
𥇐
𥉜
𥊱
𥋀
𥍗
𥍯
𥎧
𥎪
𥎯
𥏖
𥒨
𥓗
𥔪
𥕃
𥗒
𥘿
𥙍
𥚞
𥛀
𥛃
𥛆
𥛠
𥜩
𥠼
𥢮
𥣠
𥤇
𥤤
𥥍
𥥦
𥥿
𥧲
𥬐
𥯓
𥳍
𥳱
𥵧
𥸬
𥿜
𦁍
𦁟
𦁴
𦃌
𦅀
𦇢
𦊃
𦋗
𦌀
𦎷
𦏋
𦐹
𦕇
𦕑
𦕗
𦕽
𦘔
𦙳
𦚉
𦚠
𦛒
𦛛
𦜊
𦜜
𦞤
𦠅
𦤟
𦥓
𦥔
𦦀
𦨱
𦩏
𦩦
𦩨
𦪉
𦯈
𦰸
𦲞
𦳳
𦴼
𦵲
𦸂
𦸮
𦸯
𦺭
𦺷
𦼒
𦽥
𦾗
𦿒
𧀯
𧀷
𧁘
𧂅
𧂇
𧂗
𧅜
𧆂
𧎽
𧒏
𧗁
𧗃
𧗊
𧠍
𧠝
𧠦
𧠸
𧡘
𧡪
𧡿
𧢹
𧤛
𧥬
𧦜
𧧂
𧧍
𧨡
𧨼
𧫓
𧭉
𧭼
𧮂
𧮬
𧲳
𧳄
𧵉
𧵬
𧷇
𧽕
𨁊
𨉱
𨊳
𨋎
𨋏
𨏤
𨐌
𨐍
𨐏
𨐔
𨐕
𨑃
𨑄
𨑌
𨑏
𨑷
𨔥
𨗃
𨙟
𨝐
𨞲
𨟌
𨠇
𨣔
𨥣
𨬖
𨮼
𨰳
𨱼
𨴐
𨼐
𨼔
𩀭
𩀿
𩁀
𩂈
𩂢
𩅨
𩆉
𩇒
𩇟
𩉼
𩑘
𩒈
𩒉
𩒦
𩒪
𩒯
𩒸
𩕌
𩖣
𩖮
𩖰
𩛓
𩞀
𩞲
𩢜
𩣂
𩤨
𩤿
𩬖
𩰿
𩱠
𩳆
𩳱
𩴋
𩵨
𩵫
𩶇
𩷒
𩷔
𩺵
𩻛
𩼘
𩽶
𩾽
𪁏
𪁧
𪅽
𪇳
𪈁
𪐲
𪐳
𪑳
𪒹
𪓧
𪖧
𪖼
𪖽
𪗠
𪗥
𫋏
𫝕
𫞄
𫞲
𫮅
𫷊
𭆃
𭆞
𭆤
𭓳
𭟯
𭦙
𭩟
𭰋
𭰹
𭲒
𭽒
𮀁
𮍌
𮍣
𮙾
𮚶
𮝾
𮠳
𮮾