㒃
㓾
㖇
㖢
㘂
㚶
㛅
㞴
㞾
㢽
㣥
㤉
㤵
㦐
㧘
㧫
㨁
㨅
㨖
㭁
㭒
㮕
㮛
㰣
㸻
㹀
㾹
䁊
䄲
䅲
䈕
䈚
䉜
䊓
䋙
䋩
䎟
䎠
䎶
䏡
䏪
䑛
䒨
䓜
䘦
䙙
䙹
䙾
䚦
䚮
䛏
䛱
䝐
䝚
䝰
䞾
䟗
䠧
䣵
䤊
䦙
䦯
䧝
䨏
䩃
䩶
䪧
䭄
䲭
䲿
䶔
䶵
𠑂
𠒃
𠒆
𠕞
𠚧
𠛙
𠳓
𠷎
𠻸
𠽬
𡂙
𡍶
𡥜
𡥝
𡦕
𡭗
𡰱
𡱐
𡲌
𢀪
𢃰
𢄽
𢇖
𢈃
𢊁
𢎐
𢏯
𢐂
𢔊
𢞱
𢮚
𢴠
𢴧
𢶴
𢻃
𢼱
𣄮
𣅱
𣇦
𣍆
𣏚
𣙡
𣙼
𣚊
𣢞
𣧹
𣩚
𣬌
𣭞
𣱻
𣳯
𣹡
𤀮
𤂇
𤉡
𤔇
𤔧
𤕨
𤙌
𤜣
𤝺
𤦮
𤨐
𤯄
𤲔
𤲵
𤴼
𤵁
𤸟
𤽓
𥁼
𥄽
𥇄
𥏳
𥔵
𥠽
𥤪
𥫴
𥳳
𥴢
𥴺
𥷄
𥻓
𥿆
𦃘
𦈱
𦍺
𦏸
𦐉
𦑡
𦒿
𦓒
𦓓
𦓔
𦓕
𦓠
𦖢
𦖺
𦗼
𦠌
𦡸
𦣹
𦣼
𦥐
𦧦
𦮏
𦮸
𦯯
𦱎
𦱗
𦱰
𦳚
𦳻
𦵟
𦸎
𧇧
𧊗
𧋈
𧋗
𧌣
𧎨
𧙈
𧠇
𧠻
𧡺
𧣭
𧤡
𧦛
𧧕
𧭟
𧰽
𧱅
𧵋
𧸐
𧺏
𨁷
𨂄
𨈻
𨋗
𨎪
𨐲
𨒛
𨖹
𨟂
𨠧
𨨲
𨸞
𨻆
𨼏
𨼑
𨾿
𩄚
𩉋
𩉬
𩋩
𩐍
𩓮
𩚉
𩚪
𩚯
𩛅
𩛌
𩛏
𩛐
𩛣
𩝐
𩰴
𩱓
𩵗
𩹈
𪊍
𪐰
𪕔
𪕨
𫝃
𫤘
𬠊
𮋝
𮞘
𮞙
𮟞
𮥴
𮭋
𮮺
𮮼