㐡
㓽
㔌
㕑
㕬
㖟
㜐
㡖
㡡
㣙
㥅
㥢
㧤
㩅
㳶
㵞
㵵
㷕
㹐
㹘
㼡
㿒
㿧
䅢
䅳
䇠
䈙
䊭
䌬
䖜
䛆
䛵
䜬
䝒
䞕
䠫
䫱
䬞
䯾
䰰
䲖
䳋
䳯
䳷
𠂏
𠊪
𠍶
𠐊
𠘨
𠟺
𠤥
𠭧
𠭵
𠷎
𠾉
𠾢
𡊹
𡔪
𡕪
𡢉
𡦗
𡦘
𡬾
𡸌
𢏚
𢒳
𢖗
𢘄
𢘅
𢝆
𢝈
𢤉
𢥃
𢥰
𢷗
𣀓
𣄁
𣒻
𣓕
𣕒
𣗳
𣚐
𣚤
𣤯
𣧝
𣪐
𣽈
𣽉
𤕋
𤘀
𤚏
𤞉
𤺄
𥌚
𥙰
𥛅
𥡀
𥢓
𥣙
𥧱
𥩣
𥪛
𥯸
𦁖
𦂈
𦅎
𦅏
𦅸
𦒶
𦓂
𦓆
𦓔
𦙴
𦡴
𦤂
𦦅
𦬕
𦭸
𦰪
𦳸
𦳾
𧌅
𧙥
𧚯
𧝄
𧝎
𧞀
𧞫
𧡣
𧣕
𧣷
𧤕
𧤙
𧭍
𧮻
𧯼
𧳫
𧹸
𨅒
𨈫
𨑹
𨒊
𨔦
𨛶
𨞣
𨞪
𨟽
𨤷
𨨜
𨺧
𩀨
𩂉
𩌨
𩍥
𩏶
𩞉
𩞋
𩢻
𩩳
𩯦
𩴶
𩻞
𩼦
𩾵
𩿀
𪇘
𪋣
𪋯
𪔖
𪚹
𪴠
𭉠
𭐖
𭐙
𭕐
𭕒
𮃖
𮌇
𮝇
𮠖
𮠚
㖻
㘝
㞏
㠎
㭜
㲃
㵫
㺲
㽥
㽱
䂇
䋴
䏔
䐓
䐲
䒁
䦹
䧷
䯂
䰆
𠈋
𠘯
𠚪
𠠐
𡅺
𡍺
𡏀
𡗑
𡞨
𡣁
𢍻
𢓅
𢔟
𢦦
𢫨
𣅄
𣅴
𣖭
𣧊
𣪾
𣮪
𣯐
𣲶
𣲷
𤃲
𤢚
𤫕
𥍳
𥑳
𥝦
𥠊
𥬪
𥮪
𥱵
𥾺
𦂵
𦄚
𦍭
𦎤
𦞥
𦪿
𦮾
𦯇
𦳌
𦶆
𦶪
𦸖
𦸚
𦽩
𧐔
𧘥
𧜆
𨋀
𨑹
𨙩
𨙺
𨛶
𨜙
𨳞
𨽦
𩚒
𩚖
𩜷
𩤭
𩦤
𪄶
𪏲
𪒬
𫟯
𬽇
𬽡
𭀚
𭩲
𭪗
𭰱
𮊸
𮌇
䃞
𡒒
𡔊
𣻪
𤒆
𥀸
𦏧
𨶝
𨷙
𫥻
𭓔
㾁
䆝
䋉
䘤
𡊍
𣻚
𤝞
𦑋
𦬸
𧺒
𧺶
𩶄
䘏
䢞
䢤
𠜄
𠰲
𢔬
𤘷
𧗱
𧗷
𧧐
𨜧
𩈽
㔼
㝄
㝇
㠈
㡄
㥧
㨚
㫬
㲝
㵌
㸪
㽦
䋸
䏰
䐇
䓐
䔚
䙉
䣩
䥎
䦞
𠄤
𠈼
𠊫
𠋹
𠩭
𠩮
𠷀
𡓑
𡓣
𡗥
𡿽
𢍲
𢓈
𢔐
𢕰
𢗋
𣖼
𣘣
𣧔
𣯍
𣹾
𤂸
𤘛
𤘫
𤚮
𤜃
𤺻
𥋃
𥌎
𥍿
𥎜
𥬁
𥰴
𥰿
𥹿
𦅑
𦎧
𧔀
𧔫
𧜈
𧩽
𧾝
𧾠
𧾩
𨗕
𨝜
𨫚
𨳝
𨷎
𨺠
𨿡
𩀋
𩁃
𪀠
𪂎
𪃉
𭂓
𭱰
𭾜
𮄮