㐄
㕦
㗇
㗻
㗾
㗿
㘞
㙈
㙤
㚌
㚙
㚳
㞜
㞹
㠏
㡁
㢦
㤉
㤎
㦆
㦊
㧎
㧓
㪃
㪋
㪼
㭉
㮐
㰤
㰦
㰺
㱒
㳀
㳸
㵑
㶡
㸫
㸯
㸰
㹢
㼫
㽿
㾧
㿆
䂟
䄀
䅿
䆼
䈑
䈔
䈖
䋀
䌀
䑝
䒩
䔅
䔢
䕒
䙨
䚰
䛩
䠍
䠸
䣬
䪗
䫗
䫚
䯊
䯞
䴥
䴹
䵷
䶗
𠀀
𠁥
𠄑
𠄟
𠆣
𠇊
𠇗
𠊰
𠋜
𠋧
𠌘
𠌶
𠍟
𠍺
𠏀
𠏁
𠑱
𠖊
𠖔
𠙼
𠛒
𠜴
𠠻
𠤎
𠧕
𠫫
𠬂
𠭊
𠯒
𠯫
𠰓
𠳊
𠳌
𠵅
𠵲
𠶾
𠷉
𠸲
𠽫
𠿜
𡁑
𡃭
𡄴
𡇚
𡈙
𡑟
𡔰
𡕒
𡕭
𡕻
𡕾
𡖃
𡖿
𡗢
𡗴
𡘆
𡛠
𡛵
𡜁
𡜮
𡤫
𡧚
𡨄
𡩅
𡩙
𡱏
𡱼
𡶐
𡺷
𡼙
𡾀
𢀎
𢃦
𢄳
𢅗
𢈅
𢈘
𢉤
𢌂
𢌉
𢎄
𢎅
𢑓
𢓢
𢗄
𢗬
𢚌
𢜿
𢝄
𢝅
𢝸
𢥳
𢦚
𢦻
𢧘
𢩹
𢪎
𢬲
𢰤
𢶎
𢼐
𣁯
𣁽
𣂄
𣄸
𣋗
𣐭
𣐷
𣘟
𣝺
𣢱
𣣟
𣣦
𣤑
𣤒
𣧤
𣨱
𣨷
𣪇
𣮫
𣮱
𣱷
𣲲
𣸌
𣹇
𤆄
𤇞
𤕒
𤖇
𤖱
𤗕
𤗜
𤗭
𤙑
𤜊
𤟚
𤟝
𤠙
𤧗
𤬁
𤭻
𤴔
𤴞
𤹉
𤹱
𤼾
𥁁
𥁆
𥄒
𥄼
𥈓
𥋣
𥑆
𥑹
𥒶
𥕕
𥘫
𥙯
𥚍
𥛔
𥝂
𥝸
𥝹
𥝿
𥞄
𥞍
𥞩
𥟃
𥠁
𥡮
𥢶
𥦛
𥧰
𥯽
𥰮
𥰯
𥹌
𥻴
𦆪
𦈤
𦉏
𦖍
𦙲
𦙺
𦞖
𦠜
𦣯
𦧹
𦨜
𦨦
𦩪
𦫳
𦬗
𦬳
𦰗
𦱕
𦶎
𦶒
𦺞
𦽅
𦽊
𦽸
𦾓
𧃭
𧄪
𧅅
𧇍
𧉪
𧍕
𧎂
𧎗
𧎺
𧑍
𧒖
𧒘
𧓞
𧕳
𧙑
𧙹
𧛣
𧜓
𧝂
𧢽
𧤐
𧤓
𧥢
𧥣
𧥵
𧦎
𧦤
𧨂
𧩶
𧪆
𧪕
𧪮
𧪹
𧫒
𧬂
𧬮
𧬱
𧬵
𧭑
𧭳
𧮉
𧯋
𧯓
𧴦
𧵛
𧵰
𧵿
𧿫
𧿼
𧿾
𨀗
𨀩
𨁣
𨂥
𨂮
𨃖
𨉀
𨉒
𨉣
𨉵
𨊇
𨋟
𨍋
𨓺
𨔗
𨔣
𨕺
𨘌
𨚊
𨚋
𨚧
𨝆
𨟶
𨣄
𨩷
𨫽
𨲑
𨶱
𨻲
𨽯
𨾓
𩀵
𩄗
𩊏
𩊓
𩋗
𩋥
𩍇
𩎁
𩎨
𩏭
𩑸
𩖳
𩜭
𩝨
𩟂
𩢅
𩢍
𩤉
𩦣
𩨭
𩨷
𩩆
𩩱
𩰫
𩰬
𩰭
𩲏
𩲜
𩵏
𩸄
𩹨
𩻧
𩾷
𪀁
𪀉
𪂠
𪃀
𪃿
𪄂
𪆲
𪆹
𪋊
𪍎
𪐓
𪔟
𪘺
𪝆
𪝒
𫉬
𫟁
𬍯
𬜩
𬻎
𬻷
𭆬
𭐢
𭐣
𭐥
𭑃
𭕥
𭤃
𭫿
𭮭
𭴖
𭼂
𮁳
𮗷
𮭱