㑦
㒧
㓯
㘑
㚑
㡂
㡵
㤡
㦒
㦭
㩕
㪮
㬡
㯪
㰀
㲆
㴝
㸚
㸳
㼖
㽝
㾉
㾐
㿛
䄥
䅀
䅄
䉁
䉖
䉫
䉹
䊪
䌢
䍅
䓞
䔣
䕘
䕻
䖅
䖿
䗍
䙥
䚕
䚖
䡼
䡿
䣓
䤙
䨩
䬆
䯍
䰭
䴇
䴒
䴡
䴫
䵩
𠀙
𠃞
𠄖
𠊖
𠌯
𠏡
𠐚
𠘞
𠘤
𠟨
𠠂
𠠏
𠠢
𠠫
𠠱
𠧥
𠪄
𠪿
𠫄
𠱠
𠳄
𠴀
𠻠
𠾥
𡀓
𡃷
𡈍
𡡜
𡽇
𡿋
𡿡
𢂥
𢋭
𢌒
𢌔
𢍝
𢤂
𢤆
𢨨
𢨾
𢩂
𢩑
𢩗
𢩙
𢩝
𢸀
𢺰
𢾨
𢿐
𣀂
𣀷
𣃠
𣌟
𣟌
𣟍
𣠄
𣧿
𣨸
𣬹
𣳅
𤁼
𤃀
𤃩
𤄽
𤅫
𤅷
𤔑
𤕵
𤖜
𤖦
𤛶
𤛼
𤛿
𤜙
𤟑
𤟵
𤡵
𤡿
𤣋
𤣍
𤣘
𤣤
𤨻
𤫊
𤫩
𤫲
𤬤
𤬻
𤭜
𤮮
𤮹
𤳓
𤴤
𤻹
𤾨
𤾻
𤿅
𥁟
𥂼
𥃍
𥃎
𥉆
𥊨
𥋞
𥌛
𥌼
𥎓
𥒢
𥖟
𥘃
𥘆
𥜧
𥜨
𥝫
𥟖
𥠖
𥡚
𥢀
𥢴
𥣭
𥤜
𥤞
𥥋
𥩔
𥬭
𥯵
𥴡
𥵝
𥶾
𥹕
𥻑
𥻳
𥼸
𥽈
𥽛
𥽣
𥽮
𥾂
𦃇
𦅺
𦉢
𦉣
𦊓
𦏪
𦏰
𦜏
𦪩
𦪶
𦫃
𦫄
𦫆
𦫈
𦫊
𦴙
𦶭
𦺙
𧅏
𧅮
𧆺
𧈀
𧋠
𧍀
𧏇
𧑇
𧒈
𧓽
𧕅
𧕯
𧖄
𧖜
𧟙
𧢝
𧢥
𧢮
𧥖
𧥗
𧧋
𧨈
𧯙
𧯽
𧰻
𧱢
𧱤
𧲙
𧸱
𧾇
𧾮
𨁸
𨄛
𨏨
𨘯
𨛫
𨝖
𨝟
𨞃
𨞎
𨞖
𨞺
𨟀
𨟘
𨟮
𨟯
𨠎
𨢾
𨣖
𨣰
𨤍
𨬏
𨷰
𨽲
𨾀
𨾁
𨿯
𩁎
𩁟
𩁻
𩂳
𩃞
𩄀
𩄊
𩅶
𩆇
𩆈
𩆒
𩆕
𩆖
𩆚
𩆜
𩆮
𩇄
𩇎
𩊂
𩑊
𩖊
𩖵
𩗅
𩗭
𩘡
𩚹
𩟃
𩢾
𩥴
𩦄
𩦵
𩧃
𩧋
𩧠
𩪥
𩬔
𩰂
𩲩
𩵀
𩵁
𩵂
𩷋
𩹒
𩽵
𪅋
𪈝
𪋘
𪋚
𪋪
𪋳
𪏯
𪒁
𪒚
𪒺
𪕌
𪗲
𪚙
𪛈
𪞮
𭒭
𭕋
𭠅
𭤓
𭪁
𭰰
𮁣
𮇬
𮕡
𮡗
𮥵
𮪜
𮭶
𮭷
𮭹