䚗
䚘
䚙
䚚
䚛
䚜
䚝
䚞
䚟
䚠
䚢
䚣
䚤
䚥
䚦
䚧
䚨
䚩
䚪
䚫
䚬
䚭
觓
觕
觗
觙
觛
觞
觟
觠
觡
觢
觤
觨
觩
觪
觬
觭
觮
觯
觰
觲
觵
觷
觹
觺
觻
觼
觾
𧢲
𧢳
𧢴
𧢵
𧢶
𧢷
𧢸
𧢹
𧢺
𧢻
𧢼
𧢽
𧢾
𧢿
𧣀
𧣁
𧣂
𧣃
𧣄
𧣅
𧣆
𧣇
𧣈
𧣉
𧣊
𧣋
𧣌
𧣍
𧣎
𧣏
𧣐
𧣑
𧣒
𧣓
𧣔
𧣕
𧣖
𧣗
𧣘
𧣙
𧣚
𧣛
𧣜
𧣝
𧣞
𧣟
𧣠
𧣡
𧣢
𧣣
𧣤
𧣥
𧣦
𧣧
𧣨
𧣩
𧣪
𧣫
𧣬
𧣭
𧣮
𧣯
𧣰
𧣱
𧣲
𧣳
𧣴
𧣵
𧣶
𧣷
𧣸
𧣹
𧣺
𧣻
𧣼
𧣽
𧣾
𧣿
𧤀
𧤁
𧤂
𧤃
𧤄
𧤅
𧤆
𧤇
𧤈
𧤉
𧤊
𧤋
𧤌
𧤍
𧤎
𧤏
𧤐
𧤑
𧤒
𧤓
𧤔
𧤕
𧤖
𧤗
𧤘
𧤙
𧤚
𧤛
𧤜
𧤝
𧤞
𧤟
𧤠
𧤡
𧤢
𧤣
𧤤
𧤥
𧤦
𧤧
𧤨
𧤩
𧤪
𧤫
𧤬
𧤭
𧤮
𧤯
𧤰
𧤱
𧤲
𧤳
𧤴
𧤵
𧤶
𧤷
𧤸
𧤹
𧤺
𧤻
𧤼
𧤽
𧤾
𧤿
𧥀
𧥁
𧥂
𧥃
𧥄
𧥅
𧥆
𧥇
𧥈
𧥉
𧥊
𧥋
𧥌
𧥍
𧥎
𧥏
𧥐
𧥑
𧥒
𧥓
𧥔
𧥕
𧥖
𧥗
𧥘
𧥙
𧥚
𫌮
𫌯
𫌰
𫌱
𬢕
𬢖
𬢗
𬢘
𬢙
𮗟
𮗠
𮗡
𮗢
𮗣
𮗤
𮗥
𮗦
𮗧
𮗨
𮗩
𮗪
𮗫
𮗬
𮗭
𮗮
𮗯
𮗰
𮗱
𮗲
𮗳
𮗴
𮗵
𮗶
𰴟
𰴠
𰴡
𰴢
𰴣
𰴤
𰴥
𰴦
𲁚
𲁛
𲁜
𲁝
𲁞
𲁟
𲁠
𳁛
𳁜
𳁝
𳁞
𳁟
𳁠
𳁡
𳁢
𳁣
𳁤
𳁥
𳁦