㓅
㓆
㓈
㓉
㓊
㓋
㓌
㓍
㓎
㓏
㓐
㓑
㓒
㓓
㓔
㓕
㓖
㓗
习
冮
冯
冸
冹
冺
冻
冾
冿
净
凁
凂
凇
凈
凎
减
凐
凑
凒
凓
凔
凕
凗
凘
凙
凚
凟
鿑
鿛
冷
凜
凌
凉
况
𠖬
𠖭
𠖮
𠖯
𠖰
𠖱
𠖲
𠖳
𠖴
𠖵
𠖶
𠖷
𠖸
𠖹
𠖺
𠖻
𠖼
𠖽
𠖾
𠖿
𠗀
𠗁
𠗂
𠗃
𠗄
𠗅
𠗆
𠗇
𠗈
𠗉
𠗊
𠗋
𠗌
𠗍
𠗎
𠗏
𠗐
𠗑
𠗒
𠗓
𠗔
𠗕
𠗗
𠗘
𠗙
𠗚
𠗛
𠗜
𠗝
𠗞
𠗟
𠗠
𠗡
𠗢
𠗣
𠗤
𠗥
𠗦
𠗧
𠗨
𠗩
𠗪
𠗫
𠗬
𠗭
𠗮
𠗯
𠗰
𠗱
𠗲
𠗳
𠗴
𠗵
𠗶
𠗷
𠗸
𠗹
𠗺
𠗻
𠗼
𠗽
𠗾
𠗿
𠘀
𠘁
𠘂
𠘃
𠘄
𠘅
𠘆
𠘇
𠘈
𠘉
𠘊
𠘋
𠘌
𠘍
𠘎
𠘏
𠘐
𠘑
𠘒
𠘓
𠘔
𠘕
𠘖
𠘗
𠘘
𠘙
𠘚
𠘛
𠘜
𠘝
𠘞
𠘟
𠘠
𠘡
𠘢
𠘣
𠘤
𠘥
𠘦
𥂳
𪞖
𪞗
𪞘
𪞙
𪞚
𪞛
𪞜
𪞝
𪞞
𪞟
𪞠
𪞡
𪞢
𪞣
𪞤
𪞥
𪞦
𪞧
𪞨
𪞩
𪞪
𪞫
𪞬
𪞭
𪞮
𪞯
𪞰
𫝎
𫝏
𫤾
𫤿
𫥀
𫥁
𫥂
𫥃
𫥄
𫥅
𫥆
𫥇
𫥈
𫥉
𫥊
𫥋
𫥌
𫥍
𫥎
𫥏
𫥐
𫥑
𫥒
𫥓
𫥔
𫥕
𫥖
𫥗
𫥘
𫥙
𫥚
𫥛
𫥜
𫥝
𭂆
𭂇
𭂈
𭂉
𭂊
𭂋
𭂌
𭂍
𭂎
𭂏
𭂐
𭂑
𭂒
𭂓
𭂔
𭂕
𭂖
𭂗
𭂘
𭂙
𭂚
𭂛
𭂜
𭂝
𭂞
𭂟
𭂠
𭂡
𭂢
𭂣
𭂤
𭂥
𭂦
𭂧
𭂨
𮰆
𮰇
𮰈
𮶍
冬
况
𰃵
𰃶
𰃷
𰃸
𰃹
𰃺
𰃻
𰃼
𰃽
𰃾
𰃿
𰄀
𰄁
𰄂
𰄃
𰄄
𰄅
𰄆
𰄇
𰄈
𰄉
𰄊
𰄋
𰄌
𰄍
𰄎
𰄏
𱏿
𱐀
𱐁
𱐂
𱐃
𱐄
𱐅
𱐆
𱐇
𱐈
𱐉
𱐊
𱐋
𱐌
𲒋
𲒌
𲒍
𲒎
𲒏
𲒐
𲒑
𲒒
𲒓
𲒔
𲒕
𲒖
𲒗
𲒘
𲒙
𲒚
𲒛
𲒜
𲒝
𳈋