㐁
㒹
㓠
㙉
㙻
㚲
㛯
㜊
㜤
㝪
㞟
㞡
㠭
㡇
㢆
㢟
㣶
㤁
㤐
㥏
㦁
㧂
㬲
㮇
㯌
㶘
㶣
㶺
㸃
㼭
㽦
䀖
䀡
䃛
䄼
䉊
䉵
䋬
䍄
䏦
䐌
䑙
䑚
䒶
䓦
䚶
䟧
䠄
䡒
䡘
䡱
䣑
䥀
䥖
䦓
䧃
䧘
䩅
䩇
䩥
䩶
䫀
䱳
䱼
䵤
𠀘
𠀡
𠀬
𠂈
𠂼
𠋷
𠑘
𠑡
𠑺
𠔓
𠔰
𠕹
𠖩
𠗘
𠢣
𠩷
𠪝
𠪨
𠫉
𠶧
𠹖
𠿍
𡅹
𡆎
𡏂
𡒆
𡙒
𡝫
𡤛
𡩀
𡪐
𡫓
𡬅
𡰝
𡻗
𡼓
𢁧
𢅺
𢇶
𢋨
𢌫
𢕯
𢖩
𢙖
𢱟
𢷹
𢻅
𣂵
𣃘
𣇖
𣇺
𣍙
𣐸
𣒂
𣓧
𣕊
𣚢
𣣈
𣣣
𣦺
𣧠
𣧢
𣪀
𣷹
𣸸
𤂤
𤇇
𤉌
𤌜
𤑦
𤓅
𤘠
𤚍
𤝗
𤠶
𤣆
𤤦
𤩱
𤩴
𤪪
𤪮
𤱞
𤲖
𤿶
𥇞
𥈅
𥑼
𥢏
𥦟
𥪌
𥪧
𥭔
𥮏
𥰨
𥳢
𥳨
𥳫
𥴐
𥴫
𥵏
𥵶
𥶚
𥸖
𦁆
𦁔
𦄯
𦅆
𦆀
𦎇
𦒻
𦒾
𦔿
𦕒
𦗀
𦗁
𦝟
𦧖
𦧚
𦧝
𦧡
𦧩
𦧴
𦧻
𦬞
𦳇
𦴞
𦺛
𦽄
𧂳
𧄺
𧈪
𧉂
𧉰
𧌎
𧍦
𧍿
𧎰
𧑒
𧑝
𧓋
𧔡
𧖉
𧖞
𧚊
𧝑
𧠛
𧡝
𧡻
𧨗
𧨩
𧬦
𧰊
𧲸
𧸪
𧽆
𧽍
𧽪
𧾍
𧾡
𨂦
𨂷
𨃨
𨆁
𨇎
𨇠
𨈃
𨌈
𨔡
𨔢
𨖀
𨡏
𨮔
𨮻
𨰎
𨱬
𨲵
𨳸
𨷅
𨸱
𨹻
𩄠
𩅀
𩅱
𩆔
𩇗
𩇞
𩈍
𩉁
𩉊
𩝚
𩥄
𩥇
𩧜
𩬑
𩳏
𩼼
𩽱
𪅉
𪌩
𪎾
𪏁
𪏂
𪏉
𪏋
𪏦
𪑣
𪑩
𪒮
𪓼
𪖚
𪚉
𭑟
𭕇
𭫕
𭮺
𭴙
𮝀
𮧊