㐧
㑜
㓅
㓳
㔸
㖒
㖷
㗣
㝎
㞟
㠆
㡗
㡳
㣇
㣔
㣢
㥴
㦅
㪆
㫀
㫝
㭽
㴿
㹶
㼗
㼵
㽀
㿃
䀸
䁎
䄇
䄌
䅍
䅠
䇧
䇸
䈕
䋼
䌡
䍕
䎮
䏄
䏲
䐎
䐭
䑭
䑯
䔶
䖙
䙗
䚢
䚣
䞓
䞾
䟓
䟡
䟷
䟾
䠠
䢑
䣌
䣟
䣽
䦐
䦺
䧑
䨑
䩘
䩚
䩟
䩠
䩶
䪆
䬫
䬾
䯕
䱓
䱱
䲦
䵺
䶍
䶏
䶑
𠀩
𠂖
𠄚
𠅘
𠅰
𠆤
𠏄
𠗊
𠘋
𠞄
𠥃
𠥖
𠥯
𠥶
𠥸
𠨀
𠫜
𠫦
𠯝
𠯞
𠱎
𠱣
𠱱
𠳉
𠳍
𠽭
𠽮
𠽯
𠽰
𡄶
𡄷
𡇖
𡈼
𡉪
𡐾
𡔛
𡗨
𡘄
𡛜
𡝚
𡥩
𡧡
𡯻
𡰎
𡰖
𡲕
𡲿
𡷚
𢂇
𢂼
𢅊
𢆊
𢇝
𢉆
𢎮
𢎸
𢏁
𢑅
𢑣
𢓡
𢔦
𢔭
𢘢
𢘽
𢞖
𢣼
𢦢
𢧑
𢪔
𢬫
𢰂
𢳓
𢻽
𢽄
𣂨
𣂰
𣂴
𣃊
𣃒
𣄍
𣄿
𣅥
𣆍
𣈡
𣉆
𣉡
𣖸
𣜹
𣝸
𣤢
𣧂
𣵩
𣵹
𣸒
𣹲
𣹽
𤁶
𤗘
𤗞
𤗢
𤘊
𤘳
𤙊
𤚃
𤚢
𤛙
𤝬
𤞈
𤟥
𤟾
𤠜
𤬵
𤭌
𤴡
𤽽
𤾕
𥄿
𥅀
𥆑
𥇓
𥇴
𥉘
𥉻
𥏉
𥑈
𥔈
𥟐
𥟒
𥥶
𥫙
𥫵
𥯢
𥱻
𥳠
𥳰
𥴑
𥶛
𥸧
𥾬
𥿄
𦀚
𦂃
𦉁
𦉬
𦌢
𦍝
𦍞
𦍿
𦐿
𦔝
𦖆
𦘭
𦝞
𦨍
𦨝
𦨢
𦨿
𦪅
𦭮
𦯔
𦷾
𦻀
𦼙
𧀖
𧀠
𧀰
𧀱
𧀾
𧁏
𧂨
𧇷
𧉛
𧋍
𧋘
𧌾
𧍝
𧓴
𧔏
𧖧
𧖨
𧖿
𧘓
𧙣
𧚰
𧛒
𧜕
𧝆
𧝐
𧡨
𧡭
𧣎
𧣓
𧣜
𧤍
𧤘
𧤲
𧤶
𧦒
𧦚
𧦺
𧧫
𧫚
𧰩
𧱝
𧵜
𧶸
𧶺
𧷒
𧹙
𧹚
𧺦
𧺧
𧺳
𧺽
𧺿
𧼪
𧽁
𧿟
𨀇
𨁃
𨁎
𨂇
𨂰
𨂶
𨄪
𨉈
𨉬
𨊡
𨋆
𨋇
𨌮
𨑲
𨑼
𨒾
𨓀
𨓄
𨓍
𨓝
𨔄
𨔛
𨕑
𨗒
𨗠
𨘬
𨚏
𨜓
𨜟
𨞀
𨠏
𨪉
𨪗
𨲙
𨳑
𨴼
𨺟
𩀗
𩄫
𩆆
𩇜
𩉶
𩋣
𩐴
𩑙
𩑾
𩒆
𩒞
𩓂
𩕢
𩕩
𩚞
𩚨
𩛀
𩛑
𩛦
𩛶
𩜡
𩠑
𩡯
𩣁
𩤢
𩤽
𩧢
𩨑
𩬲
𩸎
𩹇
𩹋
𩼍
𩿷
𪁦
𪂿
𪊶
𪍲
𪔂
𪕧
𪕬
𪖣
𪖦
𪖮
𪖰
𪥄
𫏄
𫢏
𬓲
𬡥
𬼺
𭑟
𭙗
𭤥
𮅏
𮡧
𮡪
𮥴
𮮹