㕡
㕰
㖪
㗆
㗥
㗲
㙾
㣂
㤩
㥛
㦎
㦜
㦦
㦴
㨯
㩇
㪾
㬦
㮝
㰌
㰲
㱿
㲉
㴶
㶁
㶅
㷤
㸕
㺉
㿥
䁨
䁷
䂄
䂜
䂸
䃒
䅂
䇶
䈐
䈪
䉟
䍊
䐙
䐨
䐸
䓇
䓼
䘔
䙐
䚂
䚫
䛿
䞦
䟩
䡈
䣤
䤕
䦝
䧄
䧐
䨣
䨥
䩹
䪂
䬉
䬎
䮤
䮸
䳽
䶅
䶜
𠅷
𠑩
𠔌
𠗂
𠘇
𠘒
𠙞
𠜻
𠞷
𠠎
𠠛
𠠰
𠢹
𠦶
𠨊
𠯐
𠲱
𠵢
𠹂
𠿉
𡄴
𡇍
𡇱
𡈅
𡓘
𡓛
𡔗
𡕚
𡚠
𡫥
𡻙
𡾘
𡾜
𢄶
𢅰
𢋒
𢋽
𢌓
𢐚
𢓜
𢖦
𢝇
𢞕
𢟸
𢠛
𢠬
𢡤
𢢢
𢤶
𢦛
𢧷
𢨏
𢭦
𢮎
𢯹
𢱁
𢷓
𢼛
𢼽
𢽾
𢾏
𣁹
𣂭
𣂽
𣉒
𣒃
𣒆
𣓘
𣖫
𣙜
𣠐
𣤨
𣨍
𣪊
𣪗
𣪛
𣪳
𣪹
𣫘
𣱫
𣶥
𣽐
𤁹
𤂁
𤃯
𤄎
𤅝
𤅻
𤈧
𤊴
𤌍
𤐰
𤔗
𤔩
𤗦
𤛗
𤞴
𤠇
𤣅
𤣓
𤭄
𤭳
𤮋
𤮖
𤰱
𤱪
𤲯
𤲿
𤶳
𤷇
𤷽
𤻙
𤿩
𥀎
𥀣
𥂣
𥄍
𥆌
𥆘
𥇙
𥇜
𥉅
𥉑
𥊮
𥋿
𥑦
𥒠
𥓩
𥔳
𥕏
𥕖
𥕙
𥖳
𥗙
𥤘
𥨳
𥯚
𥯳
𥰋
𥴩
𥵰
𥽥
𥽶
𦃔
𦇸
𦑌
𦑜
𦑱
𦒏
𦒧
𦓐
𦓱
𦗒
𦘅
𦛃
𦛘
𦛲
𦝣
𦞦
𦠍
𦢽
𦰾
𧀔
𧆑
𧈌
𧈎
𧈑
𧈓
𧈖
𧈗
𧊝
𧊬
𧍷
𧖻
𧚑
𧝳
𧠭
𧢭
𧢲
𧣔
𧤯
𧭕
𧭣
𧮄
𧮞
𧮸
𧰒
𧰕
𧰴
𧲦
𧲩
𧲪
𧴏
𧴘
𧴞
𧹘
𧾛
𧾵
𧿩
𨉹
𨊿
𨍇
𨍝
𨏚
𨏴
𨏹
𨐥
𨐶
𨖣
𨗟
𨙀
𨟍
𨟠
𨭗
𨯟
𨶬
𨼥
𨽏
𨽶
𩄸
𩅓
𩅢
𩆀
𩇊
𩇑
𩉕
𩊺
𩌊
𩌒
𩎎
𩎏
𩏺
𩓘
𩓻
𩗐
𩞺
𩟓
𩟨
𩟯
𩟸
𩠲
𩥋
𩧏
𩧡
𩪐
𩪭
𩫏
𩫖
𩫩
𩭽
𩰻
𩱘
𩱝
𩹺
𩹿
𩿖
𪃕
𪃭
𪄎
𪈃
𪈊
𪈯
𪈱
𪈴
𪌣
𪕘
𫉬
𬼍
𭓕
𭓗
𭥜
𭮰
𭾦
𭿪
𮒗
𮓈
𮗓
𮗖
𮗜
𮗟
𮗠
𮠭
𮣙
𮧓
𮫙
𭶗
𨼲
𮄒
𮥚