﨔
㓬
㕆
㗅
㚉
㜽
㝬
㠊
㦆
㦿
㧁
㧽
㨭
㭔
㭕
㯛
㰦
㰭
㱠
㷻
㸦
㼋
㽽
㾀
㾰
䀇
䅕
䇘
䇢
䉉
䉐
䉟
䉿
䊀
䊺
䋀
䋌
䍛
䎁
䏏
䐻
䒧
䓢
䔓
䔯
䕶
䗂
䛯
䝻
䠒
䢹
䧸
䨞
䨼
䩴
䪝
䭅
䭌
䭍
䰧
䱟
䴣
䵕
䶙
𠂞
𠇂
𠑹
𠒆
𠖠
𠖱
𠙴
𠢈
𠪳
𠰗
𠴱
𠶩
𠷞
𠻢
𠻭
𠽿
𡃧
𡆵
𡇣
𡉴
𡋞
𡍐
𡐎
𡔥
𡔦
𡔫
𡔳
𡔷
𡕈
𡗵
𡘎
𡚯
𡛚
𡜂
𡜡
𡞛
𡞯
𡢙
𡨢
𡱨
𡲞
𡴰
𡴱
𡵘
𡹹
𡻮
𡽂
𡿵
𢁢
𢁺
𢆰
𢉢
𢋪
𢎵
𢏆
𢏯
𢑹
𢚪
𢛅
𢝳
𢡇
𢤫
𢧶
𢨥
𢨦
𢩍
𢪿
𢴮
𢻄
𣀐
𣄟
𣆕
𣏌
𣏛
𣐰
𣑂
𣖥
𣙶
𣛫
𣝄
𣡾
𣣕
𣥘
𣦩
𣦭
𣧮
𣫊
𣬣
𣲨
𣶉
𣼻
𣿋
𤀶
𤅱
𤇠
𤖲
𤘔
𤜶
𤜷
𤝃
𤝘
𤞙
𤞲
𤡣
𤢓
𤤈
𤨖
𤬗
𤭱
𤵡
𤹣
𤿛
𥁖
𥂤
𥂩
𥃉
𥅚
𥌕
𥏩
𥕰
𥛳
𥢍
𥫻
𥬏
𥬔
𥯶
𥰪
𥱿
𥲉
𥴧
𥶜
𥹽
𥾙
𥿇
𥿍
𦀒
𦇙
𦊂
𦊍
𦊖
𦊘
𦊟
𦊡
𦋆
𦍩
𦍬
𦙶
𦚬
𦣮
𦦝
𦧒
𦧘
𦬚
𦬜
𦬤
𦭈
𦯟
𦱄
𦱅
𦳰
𦴉
𦷳
𦷽
𦺟
𦺠
𦻨
𧃗
𧅰
𧆞
𧆢
𧆪
𧆻
𧇁
𧇂
𧇛
𧇡
𧊘
𧌧
𧍵
𧗌
𧘢
𧛂
𧛞
𧛫
𧝲
𧟣
𧟯
𧠩
𧣒
𧣗
𧣻
𧥮
𧥯
𧦝
𧦻
𧧳
𧩊
𧬕
𧰴
𧲋
𧲲
𧵎
𧵑
𧸧
𧺹
𧿉
𧿓
𧿯
𨐞
𨐟
𨐡
𨑀
𨚛
𨛮
𨛵
𨛸
𨜆
𨝘
𨝞
𨠀
𨠂
𨠋
𨡡
𨡱
𨡷
𨬟
𨵐
𨸯
𨻲
𩀉
𩉨
𩉩
𩉲
𩊉
𩊓
𩌀
𩑶
𩒒
𩙏
𩚩
𩞵
𩢪
𩰯
𩱍
𩱒
𩲱
𩲼
𩳨
𩳰
𩴡
𩵯
𩶈
𩶮
𩽕
𩿇
𩿟
𪄮
𪆚
𪇡
𪉶
𪊖
𪋕
𪍒
𪏳
𪏹
𪏻
𪐉
𪔎
𪔐
𪔨
𪕉
𪕮
𪕱
𪕾
𪚸
𫉬
𫋾
𫝳
𫤘
𬦺
𬻉
𭅯
𭅰
𭊌
𭑃
𭖱
𭢅
𭭔
𭾏
𮁯
𮊁
𮐮
𮒗
𮓗
𮓙
𮓜
𮓠
𮓡
𮓣
𮓦
𮙟
𮡨
𮢬
𮨇
𮩑
𮮦