㐤
㔊
㕪
㗖
㘱
㚮
㛶
㜤
㟨
㠆
㡺
㣋
㣶
㤾
㨏
㩛
㫁
㯯
㰫
㱭
㱽
㲜
㲭
㲷
㳩
㴂
㴴
㴷
㵅
㶒
㶣
㷋
㽎
㽑
䀡
䂿
䃪
䃫
䄡
䆦
䆱
䉞
䉡
䊜
䊤
䋎
䏙
䏥
䐷
䐺
䑙
䒞
䒟
䔜
䕊
䗊
䗺
䘓
䘺
䜝
䝎
䞡
䠪
䡲
䤗
䦔
䧘
䨢
䨵
䩇
䩥
䪴
䭛
䳉
䳪
䵊
䵎
𠁿
𠆛
𠆶
𠇋
𠈰
𠋴
𠓊
𠕑
𠜷
𠡱
𠦤
𠩻
𠪚
𠫶
𠹆
𠻪
𡂋
𡂥
𡅄
𡅿
𡉱
𡊢
𡖓
𡦨
𡱇
𡵕
𡵼
𡼯
𢅀
𢅒
𢇧
𢇰
𢉑
𢋃
𢎪
𢐎
𢑝
𢜩
𢟻
𢠸
𢣎
𢩢
𢪈
𢭃
𢮨
𢯫
𢰁
𢰋
𢲘
𢶁
𢶦
𢷖
𢹴
𢺋
𢺬
𢻼
𣁗
𣃔
𣅟
𣅧
𣇙
𣋊
𣛱
𣞔
𣠭
𣡣
𣢌
𣤉
𣥁
𣪃
𣱍
𣲕
𣲹
𣳄
𣳤
𣵢
𣶞
𣶣
𣷼
𣸙
𣹼
𣼚
𣽃
𣽯
𤁡
𤁤
𤅦
𤅩
𤅼
𤅽
𤎥
𤐔
𤖰
𤘇
𤞾
𤢏
𤣆
𤮦
𤯉
𤯌
𤲫
𤲭
𤳿
𤴋
𤴎
𤹹
𤺺
𤻨
𥁭
𥁺
𥁻
𥂘
𥄦
𥅑
𥎭
𥎶
𥏆
𥏸
𥕔
𥖷
𥜯
𥜸
𥠄
𥣲
𥥍
𥥦
𥥿
𥦇
𥧹
𥨎
𥩒
𥩠
𥮔
𥰨
𥱷
𥲄
𥲇
𥴶
𥵣
𥸡
𥹠
𥻁
𥼟
𥾁
𦁔
𦃖
𦅼
𦋪
𦌪
𦕍
𦕐
𦗡
𦗯
𦙇
𦧏
𦧡
𦧴
𦬹
𦵹
𦶈
𦸁
𦻁
𦼎
𦽉
𦽜
𦽫
𦾸
𦿸
𧀻
𧂄
𧂇
𧅸
𧋱
𧐕
𧓘
𧖶
𧖺
𧝓
𧞖
𧟩
𧟹
𧡪
𧣁
𧣍
𧣹
𧤗
𧤬
𧥞
𧥡
𧫿
𧭃
𧰄
𧰘
𧳩
𧴸
𧵊
𧶲
𧸖
𧸘
𧹠
𧺟
𧽼
𨂞
𨅍
𨆇
𨇔
𨇝
𨇧
𨇰
𨇲
𨈔
𨈜
𨈠
𨈭
𨊍
𨊗
𨝸
𨟜
𨟣
𨟬
𨡍
𨢿
𨣕
𨤌
𨪇
𨱚
𨱝
𨺣
𨼈
𩁏
𩃘
𩄕
𩅂
𩅷
𩅾
𩈉
𩈊
𩈌
𩉃
𩋦
𩍕
𩏇
𩏥
𩑰
𩕤
𩘯
𩜵
𩠹
𩠽
𩡄
𩡝
𩣤
𩤚
𩤞
𩤣
𩧤
𩩧
𩪺
𩾺
𪀩
𪆃
𪆻
𪈋
𪉙
𪉜
𪉞
𪉧
𪉲
𪉷
𪊇
𪍵
𪏆
𪏝
𪐨
𪑓
𪒧
𪒾
𪓆
𪗦
𪘍
𪻘
𫟛
𫨻
𬓆
𬻷
𭆐
𭆡
𭈼
𭉵
𭣸
𭣾
𭮭
𭲑
𮆨
𮍹
𮗂
𮘐
𮙛
𮙿
𮚃
𮧊