㑎
㑳
㗙
㘝
㙶
㚂
㛴
㜌
㜍
㝅
㞪
㧺
㨥
㪎
㭼
㲈
㲥
㲰
㳶
㴞
㴰
㵊
㶞
㹗
㺀
㺁
㺒
㺜
㼺
䁸
䂿
䃩
䅯
䅶
䆃
䇱
䈫
䈳
䉎
䊭
䌅
䌦
䍇
䍮
䏻
䑗
䒅
䕋
䘅
䚒
䛌
䛝
䛬
䜀
䜚
䟜
䠬
䢉
䣘
䦒
䨲
䪏
䫸
䬞
䭢
䮴
䯮
䰰
䳴
䴃
䵜
䵬
䶀
𠅈
𠆴
𠉤
𠊦
𠕄
𠗶
𠘊
𠜶
𠟅
𠡷
𠬦
𠱲
𠲴
𠴲
𠸱
𠹌
𠹔
𡄉
𡄒
𡆱
𡆴
𡇈
𡇵
𡍍
𡜣
𡜪
𡝦
𡢆
𡢈
𡤙
𡨻
𡬹
𡭎
𡭑
𡭾
𡽧
𡾕
𡿝
𡿺
𢂂
𢃕
𢅈
𢇵
𢉕
𢉚
𢉵
𢓇
𢔇
𢖧
𢜸
𢞙
𢟱
𢠽
𢡂
𢢘
𢣛
𢥝
𢥯
𢪼
𢬻
𢳾
𢺕
𢽇
𣀓
𣓤
𣝋
𣡦
𣡪
𣣴
𣥾
𣧽
𣫜
𣭺
𣭽
𣰊
𣰶
𣰺
𣲿
𣹵
𣻖
𣽨
𤇱
𤊲
𤋫
𤎠
𤒻
𤕦
𤕧
𤘀
𤚫
𤛋
𤛣
𤝾
𤞍
𤟦
𤠏
𤠐
𤡠
𤡤
𤣜
𤤼
𤫕
𤫘
𤱅
𤱆
𤱇
𤴻
𤵟
𤶆
𤷘
𤷻
𤸢
𤸩
𤹤
𤹧
𤺙
𤻝
𤼝
𥀫
𥀮
𥂒
𥄳
𥆲
𥉋
𥊲
𥋡
𥍲
𥐼
𥑚
𥑩
𥒤
𥓁
𥓱
𥖋
𥗸
𥗾
𥣗
𥪿
𥫍
𥯕
𥰜
𥹉
𦂀
𦈃
𦎀
𦏌
𦑢
𦑲
𦑶
𦒺
𦔘
𦗮
𦗳
𦛁
𦛳
𦝕
𦠊
𦠤
𦣀
𦪝
𦪭
𦳝
𦷠
𦺝
𦾽
𦿆
𧂘
𧄠
𧄼
𧅘
𧅺
𧈜
𧋡
𧌏
𧑘
𧑞
𧔟
𧔶
𧗕
𧗞
𧗟
𧘄
𧛔
𧝌
𧟘
𧩣
𧬐
𧭈
𧭔
𧱵
𧳦
𧳺
𧴓
𧴙
𨃗
𨃠
𨄇
𨅓
𨆐
𨌣
𨌩
𨍴
𨎋
𨑊
𨓬
𨓱
𨔝
𨔞
𨔯
𨕥
𨖁
𨗓
𨗪
𨗱
𨙎
𨝦
𨡒
𨱵
𨲸
𨳞
𨶈
𨶙
𩀸
𩅽
𩆟
𩆶
𩇀
𩇔
𩋃
𩋈
𩍄
𩒔
𩓪
𩕯
𩖯
𩘜
𩚛
𩛋
𩛽
𩝵
𩟊
𩣃
𩣯
𩤘
𩥁
𩧔
𩫔
𩫺
𩬱
𩬷
𩭣
𩯆
𩯾
𩴓
𩴝
𩸐
𩹶
𩹾
𪆯
𪇘
𪋯
𪋺
𪌅
𪌼
𪒿
𪕹
𪗝
𬆛
𭄴
𭅊
𭆒
𭇢
𭋛
𭌌
𭗼
𭗾
𭢯
𭧽
𭫚
𭳍
𮂚
𮌛
𮑚
𮙗
𮜶
𭉙