㚎
㚏
㚐
㚒
㚓
㚔
㚕
㚗
㚘
㚚
㚛
㚜
㚝
㚞
㚟
㚠
㚡
夨
夯
夰
夳
头
夵
夶
夹
夺
夻
夼
夿
奀
奁
奂
奃
奅
奊
奋
奌
奍
奒
奓
奖
奙
奜
奞
奡
奣
奤
奦
奫
奯
奰
奱
奲
牵
类
契
奈
奄
奔
𠀛
𡔱
𡗒
𡗓
𡗔
𡗕
𡗖
𡗘
𡗙
𡗚
𡗛
𡗝
𡗞
𡗟
𡗠
𡗡
𡗢
𡗣
𡗤
𡗥
𡗦
𡗧
𡗨
𡗩
𡗪
𡗫
𡗬
𡗭
𡗮
𡗯
𡗰
𡗱
𡗲
𡗳
𡗴
𡗵
𡗶
𡗷
𡗸
𡗹
𡗺
𡗻
𡗼
𡗽
𡗾
𡗿
𡘀
𡘁
𡘂
𡘃
𡘄
𡘅
𡘆
𡘇
𡘈
𡘉
𡘊
𡘋
𡘌
𡘍
𡘎
𡘏
𡘐
𡘑
𡘒
𡘓
𡘔
𡘕
𡘖
𡘗
𡘘
𡘙
𡘚
𡘛
𡘜
𡘝
𡘞
𡘟
𡘠
𡘡
𡘢
𡘣
𡘤
𡘥
𡘦
𡘧
𡘨
𡘩
𡘪
𡘫
𡘬
𡘭
𡘮
𡘯
𡘰
𡘱
𡘲
𡘳
𡘴
𡘵
𡘶
𡘷
𡘸
𡘹
𡘺
𡘻
𡘼
𡘽
𡘾
𡘿
𡙀
𡙁
𡙂
𡙃
𡙄
𡙅
𡙆
𡙈
𡙉
𡙊
𡙋
𡙌
𡙍
𡙎
𡙏
𡙐
𡙑
𡙒
𡙓
𡙔
𡙕
𡙖
𡙗
𡙘
𡙙
𡙚
𡙛
𡙜
𡙝
𡙞
𡙟
𡙠
𡙡
𡙢
𡙣
𡙤
𡙥
𡙦
𡙧
𡙨
𡙩
𡙪
𡙫
𡙬
𡙭
𡙮
𡙯
𡙰
𡙱
𡙲
𡙳
𡙴
𡙵
𡙶
𡙷
𡙸
𡙹
𡙺
𡙻
𡙼
𡙽
𡙾
𡙿
𡚀
𡚁
𡚂
𡚃
𡚄
𡚅
𡚆
𡚇
𡚈
𡚉
𡚊
𡚋
𡚌
𡚍
𡚎
𡚏
𡚐
𡚑
𡚒
𡚓
𡚔
𡚕
𡚖
𡚗
𡚘
𡚙
𡚚
𡚛
𡚜
𡚝
𡚞
𡚟
𡚠
𡚡
𡚢
𡚣
𡚤
𡚥
𡾗
𤏠
𪥁
𪥂
𪥃
𪥄
𪥅
𪥆
𪥇
𪥈
𪥉
𪥊
𪥋
𪥌
𪥍
𪥎
𪥏
𪥐
𪥑
𪥒
𪥓
𪥔
𪥕
𪥖
𪥗
𪥘
𪥙
𪥚
𪥛
𪥜
𪥝
𪥞
𪥟
𪥠
𪥡
𪥢
𪥣
𫝤
𫝥
𫯛
𫯜
𫯝
𫯞
𫯟
𫯠
𫯡
𫯢
𫯣
𫯤
𫯥
𫯦
𫯧
𫯨
𫯩
𫯪
𫯫
𫯬
𫯭
𫯮
𫯯
𫯰
𫯱
𫯲
𫯳
𫯴
𫯵
𫯶
𫯷
𫯸
𫯹
𫯺
𫯻
𫯼
𫯽
𫯾
𫯿
𫰀
𫰁
𫰂
𫰃
𫰄
𫰅
𭑂
𭑃
𭑄
𭑅
𭑆
𭑇
𭑈
𭑉
𭑊
𭑋
𭑌
𭑍
𭑎
𭑏
𭑐
𭑑
𭑒
𭑓
𭑔
𭑕
𭑖
𭑗
𭑘
𭑙
𭑚
𭑛
𭑜
𭑝
𭑞
𭑟
𭑠
𭑡
𭑢
𭑣
𭑤
𭑥
𭑦
𮰴
𮰵
𮰶
奢
𰋙
𰋚
𰋛
𰋜
𰋝
𰋞
𰋟
𰋠
𰋡
𰋢
𰋣
𰋤
𰋥
𰋦
𰋧
𰋨
𰋩
𰋪
𰋫
𰋬
𰋭
𰋮
𰋯
𰋰
𰋱
𰋲
𰋳
𰋴
𱘭
𱘮
𱘯
𱘰
𱘱
𱘲
𱘳
𱘴
𱘵
𱘶
𱘷
𱘸
𱘹
𱘺
𱘻
𱘼
𱘽
𱘾
𱘿
𱙀
𲚼
𲚽
𲚾
𲚿
𲛀
𲛁
𲛂
𲛃
𲛄
𲛅
𲛆
𲛇
𲛈
𲛉
𲲒
𳑷