㑮
㒭
㓧
㓺
㔓
㔶
㖧
㙥
㛰
㟏
㡓
㢛
㥵
㦗
㦥
㧄
㧆
㨡
㨰
㨷
㩮
㪁
㫎
㫔
㫻
㮯
㯊
㯲
㯻
㰸
㰹
㱎
㱪
㴫
㷿
㸝
㹇
㹏
㺂
㽎
㾙
㾣
㾾
㿌
䀍
䁍
䃂
䃢
䃭
䅙
䇟
䈽
䊎
䊐
䊕
䊻
䌍
䌝
䌠
䎏
䎜
䐄
䐊
䓳
䖵
䘆
䘓
䘳
䙛
䚠
䛥
䛰
䜇
䜗
䞿
䠅
䡣
䢖
䣻
䤗
䤴
䤺
䧮
䧰
䫀
䫟
䫲
䭈
䮝
䰟
䲺
䴷
䴹
䵪
䶃
𠁕
𠆊
𠉣
𠋵
𠐢
𠔜
𠔧
𠚯
𠛵
𠞬
𠞱
𠢷
𠿑
𡈋
𡈧
𡈳
𡍦
𡍭
𡓚
𡔶
𡕼
𡕽
𡖀
𡘝
𡘩
𡝪
𡨩
𡨷
𡪶
𡬁
𡬖
𡸞
𡻨
𡿦
𡿭
𢁗
𢃚
𢈛
𢋆
𢋔
𢎭
𢑆
𢒤
𢓼
𢙃
𢚉
𢟦
𢡆
𢣒
𢦟
𢫲
𢮖
𢳚
𢺄
𣄼
𣄾
𣆾
𣇲
𣉈
𣋥
𣋯
𣏄
𣏔
𣐺
𣒨
𣓏
𣘖
𣛴
𣝂
𣠔
𣢐
𣣏
𣣒
𣣤
𣤿
𣥦
𣧟
𣨿
𣬑
𣮎
𣰘
𣱂
𣽌
𤙖
𤚳
𤟤
𤦳
𤬪
𤴾
𤶨
𤸅
𤼂
𥃩
𥄇
𥇊
𥊽
𥍹
𥓒
𥖜
𥖞
𥜴
𥟕
𥡣
𥯑
𥲢
𥸡
𥹳
𦃕
𦃢
𦄐
𦇘
𦊌
𦌸
𦒝
𦓼
𦚣
𦞢
𦠺
𦡵
𦫎
𦵣
𦸫
𦺊
𦽇
𧃣
𧆐
𧇦
𧋕
𧗹
𧙯
𧚹
𧛃
𧛛
𧝱
𧞢
𧟏
𧟗
𧠚
𧡡
𧢹
𧣙
𧣢
𧤩
𧥊
𧥛
𧨛
𧩺
𧬪
𧭻
𧮘
𧯰
𧯷
𧱗
𧱟
𧲟
𧳢
𧵊
𧸫
𧹣
𧾔
𧾨
𨁞
𨂱
𨆃
𨋨
𨍲
𨎊
𨒼
𨟹
𨡫
𨦄
𨱙
𨱤
𨼯
𨿪
𩅴
𩆆
𩇇
𩈣
𩊷
𩎤
𩏖
𩏩
𩑔
𩑟
𩑡
𩒃
𩒝
𩒯
𩒱
𩓓
𩓟
𩓽
𩔉
𩔝
𩔟
𩖆
𩖦
𩛧
𩞿
𩠻
𩤋
𩨫
𩨬
𩩌
𩬚
𩱡
𩹸
𩻋
𩽞
𪉯
𪊄
𪋆
𪌽
𪏴
𪑕
𪑙
𪘟
𪙟
𪙲
𪚬
𫝆
𭎙
𭑊
𭞌
𭮅
𭸣
𭸮
𭺪
𮍥
𮎹
𮎺
𮩁
𮯅
𮯛
𮯜
𮯝
𮯞
𮯟