㒖
㓻
㗼
㜜
㝘
㞻
㟅
㠂
㤉
㤊
㤚
㥿
㧀
㧁
㩖
㬎
㬔
㭿
㱞
㸣
㼴
㽺
㾑
㾠
㿰
䀚
䀪
䀹
䇨
䌜
䑥
䑪
䒢
䔷
䚫
䛅
䜙
䜶
䝞
䟘
䢔
䢚
䢽
䥒
䦋
䧚
䧨
䧫
䩕
䪽
䫨
䭹
䭺
䮯
䲔
䲜
䲯
䲳
䵅
䶧
𠄅
𠈬
𠈶
𠗌
𠞪
𠟪
𠠷
𠢕
𠥝
𠨐
𠪭
𠰘
𠱛
𠲺
𠶪
𡀾
𡆔
𡊛
𡎪
𡕧
𡠖
𡠥
𡨉
𡩶
𡵙
𡸡
𡽄
𡽧
𢃺
𢄍
𢈤
𢑸
𢓋
𢓯
𢔷
𢕟
𢘉
𢢜
𢢡
𢦷
𢧴
𢩋
𢭎
𢳆
𢶗
𢾍
𢿣
𣃚
𣊁
𣒈
𣓌
𣗵
𣘢
𣘫
𣨣
𣨳
𣩃
𣩴
𣱓
𣳞
𣴥
𣽎
𣿗
𤅡
𤏺
𤚞
𤝐
𤝷
𤞀
𤢝
𤩩
𤩭
𤭬
𤭼
𤰅
𤲍
𤾧
𥋙
𥍣
𥐪
𥕗
𥢑
𥮕
𥻑
𦂕
𦐄
𦗷
𦡼
𦨵
𦩧
𦪈
𦪰
𦯒
𦶍
𦸲
𦽀
𦽠
𧆥
𧇼
𧋏
𧍂
𧏌
𧒥
𧥴
𧦑
𧦝
𧪞
𧬁
𧬬
𧭁
𧮵
𧰑
𧺓
𨁈
𨂑
𨂜
𨄨
𨅚
𨅫
𨋕
𨌞
𨐹
𨒑
𨕽
𨗯
𨙵
𨚙
𨛴
𨜱
𨝲
𨞔
𨫼
𨮽
𨯞
𨲶
𨼍
𨾒
𩉰
𩉾
𩑃
𩑝
𩑤
𩓁
𩔋
𩔘
𩕀
𩕍
𩕟
𩕣
𩖸
𩘮
𩝽
𩣍
𩣞
𩥋
𩪋
𩪕
𩪤
𩪨
𩫕
𩫚
𩫳
𩮯
𩯛
𩱏
𩲻
𩳔
𩴒
𩷗
𩷘
𩼋
𩼡
𩾱
𩾶
𪀤
𪋫
𪌑
𪍾
𪎵
𪓴
𪓶
𪓾
𪗜
𪗡
𪘁
𪙃
𫰟
𭅳
𭅴
𭅼
𭅼
𭅽
𭈹
𭚸
𭚹
𭚼
𭤽
𭪙
𭾂
𮏩