㔫
㛖
㛗
㜘
㝾
㟇
㠺
㡸
㢒
㣾
㪥
㭫
㲚
㷢
㸺
㼮
㽨
㿷
䁟
䂳
䄍
䈗
䋏
䐆
䐝
䐤
䑘
䑡
䓾
䖕
䞆
䟕
䟶
䠡
䣔
䣜
䤬
䦈
䩖
䯯
䰈
䱹
䲃
䴾
䵀
䵘
𠂇
𠆏
𠆦
𠈱
𠉧
𠋿
𠘺
𠚺
𠝿
𠞊
𠡃
𠩎
𠪉
𠭯
𠱗
𠷚
𠻦
𡊂
𡊎
𡋷
𡎬
𡔤
𡗸
𡟽
𡭟
𡯛
𡯨
𡱥
𡱳
𡹥
𡽓
𡾑
𢀞
𢀠
𢀩
𢄄
𢇗
𢒐
𢘿
𢚂
𢯽
𢱡
𢶌
𢷼
𢸉
𢹓
𣒹
𣕈
𣖵
𣘡
𣛽
𣜤
𣞚
𣣺
𣨎
𣩈
𣯌
𣯢
𣱱
𣲓
𣲡
𣴷
𣶤
𣹧
𣹶
𣻐
𤁺
𤈩
𤏀
𤔙
𤖩
𤜫
𤠝
𤨏
𤨛
𤪩
𤳅
𤳶
𤶙
𤸬
𤹡
𤻸
𥆝
𥇇
𥑥
𥒑
𥔭
𥕘
𥙀
𥡧
𥫢
𥭟
𥭭
𥰭
𥲽
𥹁
𦀛
𦀟
𦆧
𦇈
𦉆
𦔯
𦔰
𦕉
𦟰
𦪮
𦪸
𦫅
𦭉
𦱵
𦳏
𦳘
𦹇
𦹈
𦹿
𧇇
𧋊
𧎫
𧑳
𧠈
𧢷
𧧻
𧨀
𧨁
𧨊
𧨿
𧩳
𧪘
𧫗
𧫝
𧫯
𧬑
𧭨
𧲭
𧴪
𧴲
𧶈
𧷣
𨇇
𨇏
𨋘
𨒽
𨙳
𨛏
𨝉
𨢃
𨢚
𨢛
𨢦
𨣜
𨣣
𨣩
𨣮
𨪍
𨲠
𨻈
𨻨
𩄝
𩆵
𩈥
𩊮
𩋝
𩌆
𩌢
𩍀
𩑐
𩓀
𩛠
𩡾
𩣟
𩣠
𩤤
𩪈
𩪑
𩬟
𩭃
𩮢
𩯸
𩵮
𩸌
𩹳
𩺃
𩺆
𩺳
𩻢
𩼫
𩼮
𩼻
𩽟
𩽫
𪉤
𪉵
𪊁
𪊈
𪌮
𪍌
𪍨
𪍬
𪍰
𪎀
𪐓
𪗬
𪗭
𪘓
𪘠
𪘡
𪙁
𪙵
𪙼
𪮷
𫝶
𫞽
𬼫
𬽩
𭁡
𭅒
𭉈
𭉿
𭟼
𭟾
𭭓
𭱼
𭸣
𭸮
𮕩
𮕫
𮕱
𮣍