㑪
㒲
㓾
㗫
㜠
㝡
㝮
㞜
㠑
㢑
㥒
㥶
㦲
㧗
㧘
㩄
㩙
㪰
㬠
㭡
㯕
㱰
㳃
㳗
㴓
㵏
㹗
㼮
㽄
㾷
㾹
䀙
䂑
䂘
䃀
䈢
䊫
䋩
䌨
䍤
䏁
䏅
䐆
䐤
䑡
䓱
䔂
䔝
䔴
䖪
䘒
䘹
䙑
䚡
䜃
䜅
䞗
䟀
䠕
䣋
䦤
䪎
䪠
䪡
䬩
䮨
䯿
䰂
䰄
䰏
䴝
䴭
䵘
䵧
䶒
䶓
𠈾
𠎶
𠑞
𠓶
𠕂
𠗚
𠞊
𠨍
𠮋
𠮘
𠱡
𠳆
𠵒
𠻕
𠻜
𠽶
𠽹
𡉻
𡍥
𡎵
𡔂
𡔬
𡙚
𡙺
𡜈
𡜌
𡜛
𡜧
𡜽
𡡒
𡡔
𡣮
𡨔
𡨧
𡪤
𡫩
𡬉
𡱝
𡱥
𡶣
𡶯
𡷼
𡹘
𡺵
𡺶
𡻰
𡽁
𡽉
𡽕
𡿧
𢀃
𢂕
𢃒
𢄌
𢄸
𢆅
𢊛
𢋿
𢎂
𢎇
𢎋
𢕘
𢞝
𢠹
𢦏
𢦒
𢧁
𢧡
𢶀
𢶓
𣀔
𣁝
𣅢
𣍚
𣏹
𣐑
𣒭
𣔮
𣖱
𣝤
𣞖
𣤌
𣤜
𣩑
𣩡
𣪮
𣯧
𣯯
𣳦
𣳳
𣴮
𣶇
𣶓
𣻑
𣿐
𣿒
𣿓
𤁱
𤂢
𤆋
𤆎
𤆲
𤈮
𤉣
𤌊
𤓳
𤗯
𤚀
𤚌
𤛍
𤝖
𤝦
𤝭
𤞗
𤞳
𤟖
𤠌
𤡧
𤬫
𤭢
𤱱
𤷕
𤺊
𤻦
𥅰
𥈐
𥉻
𥊁
𥊴
𥐀
𥓽
𥕸
𥙊
𥚨
𥚪
𥜷
𥞅
𥟩
𥣩
𥦡
𥦭
𥯒
𥰾
𥳣
𥳧
𥸗
𥻏
𥻥
𥻮
𥼂
𥼺
𥿳
𦃏
𦉎
𦕀
𦙈
𦞁
𦞫
𦠕
𦦣
𦪱
𦬁
𦳦
𦸏
𦸜
𦸤
𧀊
𧎹
𧏫
𧑎
𧗔
𧚝
𧚥
𧜁
𧜔
𧜮
𧢷
𧪘
𧬊
𧯥
𧲻
𧸄
𧻍
𧼬
𧽠
𧾙
𨀬
𨂋
𨄍
𨄐
𨄒
𨅎
𨉇
𨌅
𨌏
𨓌
𨙰
𨚵
𨛚
𨝋
𨢅
𨢦
𨢵
𨣅
𨨽
𨯓
𨻵
𩁞
𩂃
𩋀
𩌦
𩌩
𩎉
𩏘
𩑐
𩛚
𩛥
𩛳
𩝦
𩞅
𩧇
𩮴
𩱥
𩱳
𩳘
𩳙
𩴇
𪃄
𪇭
𪑽
𪓌
𪗇
𪗍
𪗒
𪗶
𪘿
𪙦
𫈇
𫋂
𫕅
𫞓
𫞴
𫞽
𫮍
𫳐
𫿭
𬜻
𬰁
𬻇
𭁡
𭃄
𭇑
𭕝
𭕝
𭚃
𭠍
𭣰
𭣱
𭤘
𭲍
𭳯
𭳺
𭺣
𮁨
𮂧
𮉟
𮕩
𮕫
𮕱
𮢕
𮮺
𮮼
𠂷
𠦡
𬡥
𭎎
𮂔
𮃁