䵝
䵞
䵟
䵠
䵡
䵢
䵣
䵤
䵥
䵦
䵧
䵨
䵩
䵪
䵫
䵬
䵭
䵮
䵯
䵰
䵱
䵲
䵳
䵴
䵵
黓
黕
黖
黗
黚
黡
黢
黣
黤
黦
黩
黪
黫
黬
黭
黰
黱
黲
黳
黵
黸
𢖛
𪐗
𪐘
𪐙
𪐚
𪐛
𪐜
𪐝
𪐞
𪐟
𪐠
𪐡
𪐢
𪐣
𪐤
𪐥
𪐦
𪐧
𪐨
𪐩
𪐪
𪐫
𪐬
𪐭
𪐮
𪐯
𪐰
𪐱
𪐲
𪐳
𪐴
𪐵
𪐶
𪐸
𪐹
𪐺
𪐻
𪐼
𪐽
𪐾
𪐿
𪑀
𪑁
𪑂
𪑃
𪑄
𪑅
𪑆
𪑇
𪑈
𪑉
𪑊
𪑋
𪑌
𪑍
𪑎
𪑏
𪑐
𪑑
𪑒
𪑓
𪑔
𪑕
𪑖
𪑗
𪑘
𪑙
𪑚
𪑛
𪑜
𪑝
𪑞
𪑟
𪑠
𪑡
𪑢
𪑣
𪑤
𪑥
𪑦
𪑧
𪑨
𪑩
𪑪
𪑫
𪑬
𪑭
𪑮
𪑯
𪑰
𪑱
𪑲
𪑳
𪑴
𪑵
𪑶
𪑷
𪑸
𪑹
𪑺
𪑻
𪑼
𪑽
𪑾
𪑿
𪒀
𪒁
𪒂
𪒃
𪒄
𪒅
𪒆
𪒇
𪒈
𪒉
𪒊
𪒋
𪒌
𪒍
𪒎
𪒏
𪒐
𪒑
𪒒
𪒓
𪒔
𪒕
𪒖
𪒗
𪒘
𪒙
𪒚
𪒛
𪒜
𪒝
𪒞
𪒟
𪒠
𪒡
𪒢
𪒣
𪒤
𪒥
𪒦
𪒧
𪒨
𪒩
𪒪
𪒫
𪒬
𪒭
𪒮
𪒯
𪒰
𪒱
𪒲
𪒳
𪒴
𪒵
𪒶
𪒷
𪒸
𪒹
𪒺
𪒻
𪒼
𪒽
𪒾
𪒿
𪓀
𪓁
𪓂
𪓃
𪓄
𪓅
𪓆
𪓇
𪓈
𪓉
𪓊
𫜙
𫜚
𫜛
𬹕
𬹖
𬹗
𬹘
𬹙
𬹚
𬹛
𮮔
𮮕
𮮖
𮮗
𮮘
𮮙
𮮚
𮮛
𮮜
𮮝
𮮞
𮮟
𱋶
𱋷
𱋸
𱋹
𱋺
𲎖
𲎗
𲎘
𳑋
𳑌
𳑍
𳑎
𳑏
𳑐