䙷
䙸
䙹
䙺
䙻
䙼
䙽
䙾
䙿
䚀
䚁
䚂
䚃
䚄
䚅
䚆
䚇
䚈
䚉
䚊
䚋
䚌
䚍
䚎
䚏
䚐
䚑
䚒
䚓
䚔
䚕
䚖
覌
覍
覎
覑
覒
覕
覙
覛
覜
覝
覞
覠
覢
覣
覤
覥
覨
覫
覭
覮
覱
覴
覵
覶
覸
覹
覻
覼
覾
见
观
觃
规
觅
觇
览
觉
觊
觋
觌
觍
觎
觏
觐
觑
見
𥍄
𧠆
𧠇
𧠈
𧠉
𧠊
𧠋
𧠌
𧠍
𧠎
𧠏
𧠐
𧠑
𧠒
𧠓
𧠔
𧠕
𧠖
𧠗
𧠘
𧠙
𧠚
𧠛
𧠜
𧠝
𧠞
𧠟
𧠠
𧠡
𧠢
𧠣
𧠤
𧠥
𧠦
𧠧
𧠨
𧠩
𧠪
𧠫
𧠬
𧠭
𧠮
𧠯
𧠰
𧠱
𧠲
𧠳
𧠴
𧠵
𧠶
𧠷
𧠸
𧠹
𧠺
𧠻
𧠼
𧠽
𧠾
𧠿
𧡀
𧡁
𧡂
𧡃
𧡄
𧡅
𧡆
𧡇
𧡈
𧡉
𧡊
𧡋
𧡌
𧡍
𧡎
𧡏
𧡐
𧡑
𧡒
𧡓
𧡔
𧡕
𧡖
𧡗
𧡘
𧡙
𧡚
𧡛
𧡜
𧡝
𧡞
𧡟
𧡠
𧡡
𧡢
𧡣
𧡤
𧡥
𧡦
𧡧
𧡨
𧡩
𧡪
𧡫
𧡬
𧡭
𧡮
𧡯
𧡰
𧡱
𧡲
𧡳
𧡴
𧡵
𧡶
𧡷
𧡸
𧡹
𧡺
𧡻
𧡼
𧡽
𧡾
𧡿
𧢀
𧢁
𧢂
𧢃
𧢄
𧢅
𧢆
𧢇
𧢈
𧢉
𧢊
𧢋
𧢌
𧢍
𧢎
𧢏
𧢐
𧢑
𧢒
𧢓
𧢔
𧢕
𧢖
𧢗
𧢘
𧢙
𧢚
𧢛
𧢜
𧢝
𧢞
𧢟
𧢠
𧢡
𧢢
𧢣
𧢤
𧢥
𧢦
𧢧
𧢨
𧢩
𧢪
𧢫
𧢬
𧢭
𧢮
𧢯
𧢰
𧢱
𫌜
𫌝
𫌞
𫌟
𫌠
𫌡
𫌢
𫌣
𫌤
𫌥
𫌦
𫌧
𫌨
𫌩
𫌪
𫌫
𫌬
𫌭
𫟜
𬡼
𬡽
𬡾
𬡿
𬢀
𬢁
𬢂
𬢃
𬢄
𬢅
𬢆
𬢇
𬢈
𬢉
𬢊
𬢋
𬢌
𬢍
𬢎
𬢏
𬢐
𬢑
𬢒
𬢓
𬢔
𮗍
𮗎
𮗏
𮗐
𮗑
𮗒
𮗓
𮗔
𮗕
𮗖
𮗗
𮗘
𮗙
𮗚
𮗛
𮗜
𮗝
𮗞
𮷄
𧢮
𰴎
𰴏
𰴐
𰴑
𰴒
𰴓
𰴔
𰴕
𰴖
𰴗
𰴘
𰴙
𰴚
𰴛
𰴜
𰴝
𰴞
𲁎
𲁏
𲁐
𲁑
𲁒
𲁓
𲁔
𲁕
𲁖
𲁗
𲁘
𲁙