㱏
㱐
㱑
㱒
㱓
㱔
㱕
㱖
㱗
㱘
步
歧
歨
歫
歬
歭
歮
歰
歱
歲
歵
歶
歷
龰
歷
𣥂
𣥃
𣥄
𣥅
𣥆
𣥇
𣥈
𣥉
𣥊
𣥋
𣥌
𣥍
𣥎
𣥏
𣥐
𣥑
𣥒
𣥓
𣥔
𣥕
𣥖
𣥗
𣥘
𣥙
𣥚
𣥛
𣥜
𣥝
𣥞
𣥟
𣥠
𣥡
𣥢
𣥣
𣥤
𣥦
𣥧
𣥨
𣥩
𣥪
𣥫
𣥬
𣥭
𣥮
𣥯
𣥰
𣥱
𣥳
𣥴
𣥵
𣥶
𣥷
𣥸
𣥹
𣥺
𣥻
𣥼
𣥽
𣥾
𣥿
𣦀
𣦁
𣦂
𣦃
𣦄
𣦅
𣦆
𣦇
𣦈
𣦉
𣦊
𣦌
𣦍
𣦎
𣦐
𣦑
𣦒
𣦓
𣦔
𣦕
𣦖
𣦗
𣦘
𣦙
𣦚
𣦛
𣦜
𣦝
𣦞
𣦟
𣦠
𣦡
𣦢
𣦣
𣦤
𣦥
𣦦
𣦧
𣦨
𣦩
𣦪
𣦫
𣦬
𣦮
𣦯
𣦰
𣦱
𣦲
𣦳
𣦴
𤚜
𪴵
𪴶
𪴷
𪴸
𪴹
𪴺
𪴻
𪴼
𪴽
𪴾
𪴿
𫞓
𬅶
𬅷
𬅸
𬅹
𬅺
𬅻
𬅼
𬅽
𬅾
𬅿
𬆀
𬆁
𬆂
𬆃
𬆄
𬆅
𬆆
𬆇
𬆈
𬆉
𬆊
𬆋
𬆌
𬆍
𬆎
𬆏
𬆐
𭭘
𭭙
𭭚
𭭛
𭭜
𭭝
𭭞
𭭟
𭭠
𭭡
𭭢
𭭣
𭭤
𭭥
𭭦
𭭧
𭭨
𭭩
𭭪
𭭫
𭭬
𭭭
𭭮
𭭯
𭭰
𭭱
𭭲
𭭳
𭭴
𭭵
𭭶
𭭷
𭭸
𭭹
𭭺
𭭻
𭭼
𮮽
𮲿
歲
𰙚
𰙛
𰙜
𰙝
𰙞
𰙟
𰙠
𰙡
𰙢
𰙣
𰙤
𰙥
𰙦
𰙧
𰙨
𰙩
𰙪
𰙫
𰙬
𰙭
𰙮
𰙯
𰙰
𰙱
𰙲
𰙳
𰙴
𰙵
𰙶
𰙷
𰙸
𰙹
𰙺
𰙻
𱤻
𱤼
𱤽
𱤾
𱤿
𱥀
𱥁
𱥂
𱥃
𱥄
𱥅
𱥆
𱥇
𱥈
𱥉
𱥊