䎲
䎳
䎴
䎵
䎶
䎷
䎸
䎹
䎺
䎻
䎼
䎽
䎾
䎿
䏀
䏁
䏂
䏃
䏄
䏅
䏆
䏇
䏈
䏉
䏊
耴
耸
耹
耺
耾
聀
聁
聂
聄
聅
聇
聈
聉
聋
职
聍
聎
聏
聐
聑
聓
联
聕
聗
聙
聛
聜
聝
聠
聣
聤
聥
聧
聩
聪
聫
聬
聭
聮
聸
聺
聼
鿢
鿣
鿤
聾
聯
聆
𥧢
𦔮
𦔯
𦔰
𦔱
𦔲
𦔳
𦔴
𦔵
𦔶
𦔷
𦔸
𦔹
𦔺
𦔻
𦔼
𦔽
𦔾
𦔿
𦕀
𦕁
𦕂
𦕃
𦕄
𦕅
𦕆
𦕇
𦕈
𦕉
𦕊
𦕋
𦕌
𦕍
𦕎
𦕏
𦕐
𦕑
𦕒
𦕓
𦕔
𦕕
𦕖
𦕗
𦕘
𦕙
𦕚
𦕛
𦕜
𦕝
𦕞
𦕟
𦕠
𦕡
𦕢
𦕣
𦕤
𦕥
𦕦
𦕧
𦕨
𦕩
𦕪
𦕫
𦕬
𦕭
𦕮
𦕯
𦕰
𦕱
𦕲
𦕳
𦕴
𦕵
𦕶
𦕷
𦕸
𦕹
𦕺
𦕻
𦕼
𦕽
𦕾
𦕿
𦖀
𦖁
𦖂
𦖃
𦖄
𦖅
𦖆
𦖇
𦖈
𦖉
𦖊
𦖋
𦖌
𦖍
𦖎
𦖏
𦖐
𦖑
𦖒
𦖓
𦖔
𦖕
𦖖
𦖗
𦖘
𦖙
𦖚
𦖛
𦖜
𦖝
𦖞
𦖟
𦖠
𦖡
𦖢
𦖣
𦖤
𦖥
𦖦
𦖧
𦖨
𦖩
𦖪
𦖫
𦖬
𦖭
𦖮
𦖯
𦖰
𦖱
𦖲
𦖳
𦖴
𦖵
𦖶
𦖷
𦖸
𦖹
𦖺
𦖻
𦖼
𦖽
𦖾
𦖿
𦗀
𦗁
𦗂
𦗃
𦗄
𦗅
𦗆
𦗇
𦗈
𦗉
𦗊
𦗋
𦗌
𦗍
𦗎
𦗏
𦗐
𦗑
𦗒
𦗓
𦗔
𦗕
𦗖
𦗗
𦗘
𦗙
𦗚
𦗛
𦗜
𦗝
𦗞
𦗟
𦗠
𦗡
𦗢
𦗣
𦗤
𦗥
𦗦
𦗧
𦗨
𦗩
𦗪
𦗫
𦗬
𦗭
𦗮
𦗯
𦗰
𦗱
𦗲
𦗳
𦗴
𦗵
𦗶
𦗷
𦗸
𦗹
𦗺
𦗻
𦗼
𦗽
𦗾
𦗿
𦘀
𦘁
𦘂
𦘃
𦘄
𦘅
𦘆
𦘇
𦘈
𦘉
𦘊
𦘋
𦘌
𦘍
𦘎
𦘏
𦘐
𦘑
𫆀
𫆁
𫆂
𫆃
𫆄
𫆅
𫆆
𫆇
𫆈
𫆉
𫆊
𫆋
𫆌
𫆍
𫆎
𫆏
𫆐
𫆑
𫆒
𫆓
𫟉
𬚒
𬚓
𬚔
𬚕
𬚖
𬚗
𬚘
𬚙
𬚚
𬚛
𬚜
𬚝
𬚞
𬚟
𬚠
𬚡
𬚢
𬚣
𬚤
𬚥
𬚦
𬚧
𬚨
𬚩
𮋬
𮋭
𮋮
𮋯
𮋰
𮋱
𮋲
𮋳
𮋴
𮋵
𮋶
𮋷
𮋸
𮋹
𮋺
𮋻
𮋼
𮋽
𮋾
𮋿
𮌀
𮶏
𮶐
𮶑
𮶒
𮶓
聠
𦖨
聰
𰭳
𰭴
𰭵
𰭶
𰭷
𰭸
𰭹
𰭺
𰭻
𱻷
𱻸
𱻹
𱻺
𱻻
𱻼
𱻽
𱻾