䍾
䍿
䎀
䎁
䎂
䎃
䎄
䎅
䎆
䎇
䎈
䎉
䎊
䎋
䎌
䎍
䎎
䎏
䎐
䎑
䎒
䎓
䎔
䎕
䎖
䎗
䎘
䎙
䎚
羾
翀
翂
翄
翇
翈
翉
翋
翍
翐
翑
翓
翖
翗
翘
翙
翚
翜
翝
翞
翢
翤
翧
翨
翪
翭
翱
翴
翵
翶
翷
翸
翽
翾
翿
羽
𦏲
𦏳
𦏴
𦏵
𦏶
𦏷
𦏸
𦏹
𦏺
𦏻
𦏼
𦏽
𦏾
𦏿
𦐀
𦐁
𦐃
𦐄
𦐅
𦐆
𦐇
𦐈
𦐉
𦐊
𦐋
𦐌
𦐍
𦐎
𦐏
𦐐
𦐑
𦐒
𦐓
𦐔
𦐕
𦐖
𦐗
𦐘
𦐙
𦐚
𦐛
𦐜
𦐝
𦐞
𦐟
𦐠
𦐡
𦐢
𦐣
𦐤
𦐥
𦐦
𦐧
𦐨
𦐩
𦐪
𦐫
𦐬
𦐭
𦐮
𦐯
𦐰
𦐱
𦐲
𦐳
𦐴
𦐵
𦐶
𦐷
𦐸
𦐹
𦐺
𦐻
𦐼
𦐽
𦐾
𦐿
𦑀
𦑁
𦑂
𦑃
𦑄
𦑅
𦑆
𦑇
𦑈
𦑉
𦑊
𦑋
𦑌
𦑍
𦑎
𦑏
𦑐
𦑑
𦑒
𦑓
𦑔
𦑕
𦑖
𦑗
𦑘
𦑙
𦑚
𦑛
𦑜
𦑝
𦑞
𦑟
𦑠
𦑡
𦑢
𦑣
𦑤
𦑥
𦑦
𦑧
𦑨
𦑩
𦑪
𦑫
𦑬
𦑭
𦑮
𦑯
𦑰
𦑱
𦑲
𦑳
𦑴
𦑵
𦑶
𦑷
𦑸
𦑹
𦑺
𦑻
𦑼
𦑽
𦑾
𦑿
𦒀
𦒁
𦒂
𦒃
𦒄
𦒅
𦒆
𦒇
𦒈
𦒉
𦒊
𦒋
𦒌
𦒍
𦒎
𦒏
𦒐
𦒑
𦒒
𦒓
𦒔
𦒕
𦒖
𦒗
𦒘
𦒙
𦒚
𦒛
𦒜
𦒝
𦒞
𦒟
𦒠
𦒡
𦒢
𦒣
𦒤
𦒥
𦒦
𦒧
𦒨
𦒩
𦒪
𦒫
𦒬
𦒭
𦒮
𦒯
𦒰
𫅢
𫅣
𫅤
𫅥
𫅦
𫅧
𫅨
𫅩
𫅪
𫅫
𫅬
𫅭
𫅮
𫅯
𫅰
𫅱
𫅲
𬚃
𬚄
𬚅
𬚆
𬚇
𬚈
𮊸
𮊹
𮊺
𮊻
𮊼
𮊽
𮊾
𮊿
𮋀
𮋁
𮋂
𮋃
𮋄
𮋅
𮋆
𮋇
𮋈
𮋉
𮋊
𮋋
𮋌
𮋍
𮋎
𮋏
𮋐
𮋑
𮋒
𮋓
𮋔
𮋕
𮋖
𮋗
𮋘
𮋙
𮋚
𮶈
𮶉
𮶊
𮶋
𮶌
𮶍
𮶎
翺
𰭝
𰭞
𰭟
𰭠
𰭡
𰭢
𰭣
𰭤
𰭥
𰭦
𱻗
𱻘
𱻙
𱻚
𱻛
𱻜
𱻝
𱻞
𱻟
𱻠
𱻡
𱻢
𱻣
𱻤
𱻥
𱻦