㓟
㔗
㔻
㗪
㘩
㚰
㠲
㡙
㢰
㣁
㥱
㧘
㧙
㨢
㩌
㩺
㪤
㫵
㮰
㯅
㱟
㳪
㵒
㵨
㷶
㸢
㹃
㼰
㽡
㿙
㿫
䀟
䀣
䃾
䆏
䇑
䈈
䉾
䊧
䍨
䎱
䎵
䏢
䏶
䑄
䒈
䕁
䕗
䖩
䘡
䚜
䚦
䚹
䛍
䞞
䟆
䟛
䠊
䠋
䣥
䤏
䤵
䥯
䨽
䨾
䩀
䩁
䩛
䪐
䪹
䫁
䫌
䫠
䬠
䮆
䯱
䰁
䱝
䲹
䴽
𠃂
𠃧
𠄴
𠈷
𠐌
𠔯
𠗍
𠘶
𠡄
𠢥
𠤎
𠥉
𠥌
𠦓
𠨘
𠨸
𠬈
𠬱
𠰎
𠱢
𠴿
𠵬
𠷰
𠹇
𠹦
𠾦
𡃠
𡉏
𡊊
𡊝
𡌦
𡌨
𡌸
𡐕
𡚤
𡚧
𡛗
𡛡
𡝑
𡝞
𡦟
𡭼
𡮁
𡰻
𡲎
𡲩
𡲮
𡳄
𡺮
𢁦
𢃍
𢅩
𢇳
𢈷
𢌿
𢐖
𢑮
𢒍
𢓖
𢔌
𢕾
𢖬
𢘍
𢚦
𢞗
𢢦
𢥐
𢥩
𢩒
𢮅
𢮧
𢱧
𢳋
𢻹
𢾱
𢾺
𣆥
𣋹
𣍧
𣓋
𣔓
𣔬
𣕾
𣖰
𣖾
𣙿
𣝁
𣢋
𣥣
𣦱
𣧶
𣬅
𣬈
𣬉
𣬍
𣬖
𣬮
𣬼
𣭁
𣯻
𣳶
𤅹
𤗌
𤘢
𤘤
𤘹
𤙳
𤛟
𤜑
𤜻
𤠞
𤧰
𤰇
𤰈
𤰞
𤱍
𤵘
𤷂
𤹝
𤹦
𤺕
𤻖
𤼜
𤼟
𤼤
𤿇
𤿌
𤿎
𤿐
𤿙
𤿣
𤿤
𤿾
𥀍
𥀘
𥀦
𥀧
𥄱
𥆯
𥇖
𥈗
𥏓
𥏠
𥓓
𥘇
𥜿
𥝃
𥝈
𥝊
𥝋
𥝓
𥝣
𥞶
𥟍
𥟗
𥠶
𥤅
𥤈
𥤑
𥤶
𥤻
𥥓
𥧔
𥬖
𥭬
𥯡
𥰘
𥴬
𥶓
𥺘
𥺟
𥼉
𥼓
𥼠
𥽅
𥽑
𦀘
𦃄
𦃋
𦆕
𦇷
𦊁
𦊾
𦌲
𦐢
𦐭
𦒮
𦘺
𦜉
𦠞
𦡛
𦡜
𦣥
𦤢
𦤫
𦦔
𦩖
𦭼
𦰽
𦱷
𦳈
𦸣
𦹽
𦻥
𧀛
𧄾
𧌘
𧌠
𧑈
𧑜
𧓊
𧓎
𧓖
𧔆
𧔯
𧕒
𧕿
𧖈
𧖕
𧘟
𧙁
𧙂
𧚆
𧝇
𧟍
𧟽
𧧺
𧨬
𧪫
𧫸
𧯻
𧲯
𧲺
𧳏
𧳠
𧳴
𧳼
𧵅
𧶢
𧼠
𧿳
𨅥
𨈚
𨉉
𨉊
𨉮
𨏯
𨏷
𨓶
𨓿
𨚓
𨚭
𨛧
𨛬
𨝣
𨟵
𨢙
𨧦
𨫤
𨯁
𨰟
𨲐
𨵈
𨸼
𨻀
𨻃
𨻼
𨿵
𩃸
𩄼
𩇪
𩇫
𩇭
𩇮
𩇯
𩇽
𩉫
𩊙
𩌎
𩍘
𩎓
𩎧
𩏃
𩓄
𩓑
𩓭
𩔌
𩔹
𩖏
𩙱
𩙲
𩡷
𩣚
𩥰
𩦎
𩩙
𩩚
𩪧
𩫪
𩫫
𩫮
𩬋
𩬴
𩯃
𩰲
𩰾
𩱎
𩱣
𩲢
𩶨
𩸉
𩹉
𩹻
𪀇
𪁹
𪂃
𪂏
𪂞
𪊕
𪌄
𪌈
𪌾
𪍜
𪍞
𪎯
𪎰
𪐄
𪖞
𪛎
𪳖
𪿢
𫝒
𬂡
𬒳
𬾘
𬾨
𭅡
𭐸
𭝢
𭣻
𭮖
𭴽
𮊒
𮊓
𮝻
𮡏
𮮰
𮮱
𮮲
𮮳
𮮴
𮮵