㑟
㓈
㔙
㘐
㛁
㟽
㠒
㤣
㧸
㧼
㩠
㬓
㯡
㯱
㰶
㱶
㵗
㵱
㶾
㹾
㻂
㼞
㼼
䀻
䁃
䁭
䅺
䈂
䍖
䍬
䏇
䑫
䔊
䔸
䕯
䙳
䛣
䞄
䥋
䦕
䮽
䴩
䶂
䶌
𠌩
𠌸
𠎼
𠐆
𠑎
𠒝
𠔂
𠖬
𠗥
𠗦
𠙥
𠛥
𠠧
𠡮
𠣆
𠣒
𠬪
𠱛
𠷻
𠹕
𡄺
𡔟
𡜊
𡡈
𡣋
𡤚
𡧙
𡬽
𡭓
𡶄
𡹾
𡾛
𢅉
𢅚
𢅽
𢆢
𢆸
𢎴
𢏳
𢐒
𢒵
𢖐
𢖣
𢥡
𢲰
𢵁
𢶏
𢶚
𢷋
𢸂
𢹰
𢼩
𢽩
𢿏
𣄔
𣄠
𣄡
𣄦
𣄪
𣅍
𣊠
𣞈
𣠔
𣠙
𣨈
𣰜
𣲝
𣳭
𣳷
𣶐
𣻔
𣻫
𣿖
𤄚
𤌑
𤐫
𤒁
𤒾
𤖳
𤘾
𤝣
𤝧
𤞵
𤡑
𤡭
𤬡
𤬢
𤬣
𤳊
𤼄
𥋄
𥋠
𥋦
𥌜
𥌝
𥍌
𥒜
𥕽
𥖬
𥲂
𥲦
𦅈
𦆝
𦇳
𦔩
𦚝
𦝷
𦠎
𦡻
𦣁
𦭋
𦭼
𦯰
𦳤
𦴏
𦹡
𦼐
𦿅
𧂋
𧄖
𧌠
𧓎
𧘝
𧘡
𧘦
𧘰
𧚭
𧝪
𧝼
𧞧
𧞱
𧟈
𧢄
𧢨
𧥍
𧩱
𧭤
𧳀
𧴎
𧴕
𧻓
𧽤
𧾴
𨂲
𨄏
𨅘
𨅟
𨆱
𨋛
𨋲
𨓁
𨕧
𨚔
𨝓
𨣙
𨭚
𨮄
𨰐
𨳵
𩂦
𩄷
𩈚
𩊖
𩋒
𩕵
𩖚
𩖡
𩗈
𩘞
𩙒
𩙞
𩡥
𩦈
𩦠
𩦾
𩧙
𩪊
𩬝
𩮟
𩮳
𩯧
𩴩
𩶁
𩽁
𩽯
𩾡
𩿓
𪅃
𪊘
𪊬
𪋖
𪏫
𪏶
𪑰
𪘀
𬺸
𬺺
𬼌
𭐕
㘠
㨽
㷶
㽬
䦼
䧗
䪁
䫾
䮠
䵗
𠯭
𢾇
𣦇
𤌈
𤏛
𤏹
𤐧
𤓜
𤓞
𤗚
𥔁
𥜖
𥻅
𦑞
𦔆
𦙹
𧟱
𧼱
𨌥
𨺤
𩍩
𩑻
𩘆
𩜰
𪃃
𭻉
𭻥
𮊒
𮊓