㲌
㲍
㲎
㲏
㲐
㲑
㲒
㲓
㲔
㲕
㲖
㲗
㲘
㲙
㲚
㲛
㲜
㲝
㲞
㲟
㲠
㲡
㲢
㲣
㲤
㲥
㲦
㲧
㲨
㲩
㲪
㲫
㲬
㲭
㲮
㲯
㲰
㲱
㲲
毜
毝
毞
毠
毡
毢
毣
毤
毥
毦
毧
毨
毩
毪
毭
毮
毰
毱
毲
毴
毵
毶
毷
毸
毹
毺
毻
毼
毽
毾
毿
氀
氁
氂
氃
氄
氅
氆
氇
氉
氊
氋
氌
氍
氎
𠫈
𣬛
𣬜
𣬝
𣬞
𣬟
𣬠
𣬡
𣬢
𣬣
𣬤
𣬥
𣬦
𣬧
𣬨
𣬩
𣬪
𣬫
𣬬
𣬭
𣬮
𣬯
𣬰
𣬱
𣬲
𣬳
𣬴
𣬵
𣬶
𣬷
𣬸
𣬹
𣬺
𣬻
𣬼
𣬽
𣬾
𣬿
𣭀
𣭁
𣭂
𣭃
𣭄
𣭅
𣭆
𣭇
𣭈
𣭉
𣭊
𣭋
𣭌
𣭍
𣭎
𣭏
𣭐
𣭑
𣭒
𣭓
𣭔
𣭕
𣭖
𣭗
𣭘
𣭙
𣭚
𣭛
𣭜
𣭝
𣭞
𣭟
𣭠
𣭡
𣭢
𣭣
𣭤
𣭥
𣭦
𣭧
𣭨
𣭩
𣭪
𣭫
𣭬
𣭭
𣭮
𣭯
𣭰
𣭱
𣭲
𣭳
𣭴
𣭵
𣭶
𣭷
𣭸
𣭹
𣭺
𣭻
𣭼
𣭽
𣭾
𣭿
𣮀
𣮁
𣮂
𣮃
𣮄
𣮅
𣮆
𣮇
𣮈
𣮉
𣮊
𣮋
𣮌
𣮍
𣮎
𣮏
𣮐
𣮑
𣮒
𣮓
𣮔
𣮕
𣮖
𣮗
𣮘
𣮙
𣮚
𣮛
𣮜
𣮝
𣮞
𣮟
𣮠
𣮡
𣮢
𣮣
𣮤
𣮥
𣮦
𣮧
𣮨
𣮩
𣮪
𣮫
𣮬
𣮭
𣮮
𣮯
𣮰
𣮱
𣮲
𣮳
𣮴
𣮵
𣮶
𣮷
𣮸
𣮹
𣮺
𣮻
𣮼
𣮽
𣮾
𣮿
𣯀
𣯁
𣯂
𣯃
𣯄
𣯅
𣯆
𣯇
𣯈
𣯉
𣯊
𣯋
𣯌
𣯍
𣯎
𣯏
𣯐
𣯑
𣯒
𣯓
𣯔
𣯕
𣯖
𣯗
𣯘
𣯙
𣯚
𣯛
𣯜
𣯝
𣯞
𣯟
𣯠
𣯡
𣯢
𣯣
𣯤
𣯥
𣯦
𣯧
𣯨
𣯩
𣯪
𣯫
𣯬
𣯭
𣯮
𣯯
𣯰
𣯱
𣯲
𣯳
𣯴
𣯵
𣯶
𣯷
𣯸
𣯹
𣯺
𣯻
𣯼
𣯽
𣯾
𣯿
𣰀
𣰁
𣰂
𣰃
𣰄
𣰅
𣰆
𣰇
𣰈
𣰉
𣰊
𣰋
𣰌
𣰍
𣰎
𣰏
𣰐
𣰑
𣰒
𣰓
𣰔
𣰕
𣰖
𣰗
𣰘
𣰙
𣰚
𣰛
𣰜
𣰝
𣰞
𣰟
𣰠
𣰡
𣰢
𣰣
𣰤
𣰥
𣰦
𣰧
𣰨
𣰩
𣰪
𣰫
𣰬
𣰭
𣰮
𣰯
𣰰
𣰱
𣰲
𣰳
𣰴
𣰵
𣰶
𣰷
𣰸
𣰹
𣰺
𣰻
𣰼
𣰽
𣰾
𣰿
𣱀
𣱁
𣱂
𣱃
𣱄
𪵖
𪵗
𪵘
𪵙
𪵚
𪵛
𪵜
𪵝
𪵞
𪵟
𪵠
𪵡
𪵢
𬆼
𬆽
𬆾
𬆿
𬇀
𬇁
𬇂
𬇃
𬇄
𬇅
𬇆
𬇇
𬇈
𭯒
𭯓
𭯔
𭯕
𭯖
𭯗
𭯘
𭯙
𭯚
𭯛
𭯜
𭯝
𭯞
𭯟
𭯠
𭯡
𭯢
𭯣
𭯤
𭯥
𭯦
𭯧
𭯨
𭯩
𭯪
𭯫
𭯬
𭯭
𭯮
𭯯
𮳁
𮳂
𰚍
𰚎
𰚏
𰚐
𰚑
𰚒
𰚓
𰚔
𰚕
𰚖
𰚗
𰚘
𰚙
𰚚
𰚛
𰚜
𰚝
𰚞
𰚟
𰚠
𰚡
𰚢
𰚣
𰚤
𰚥
𰚦
𰚧
𰚨
𰚩
𰚪
𰚫
𰚬
𰚭
𰚮
𰚯
𰚰
𰚱
𰚲
𰚳
𰚴
𰚵
𰚶
𱥞
𱥟
𱥠
𱥡
𱥢
𱥣
𱥤
𱥥
𱥦
𱥧