䍧
䍨
䍩
䍪
䍫
䍬
䍭
䍮
䍯
䍰
䍱
䍲
䍳
䍴
䍵
䍶
䍷
䍸
䍹
䍺
䍻
䍼
䍽
养
羋
羍
羏
羐
羑
羒
羓
羕
羖
羗
羘
羙
羛
羜
羟
羠
羡
羢
羥
羦
羧
羪
羫
羬
羭
羰
羱
羳
羴
羵
羷
羺
羻
羼
羚
着
𡅖
𣌞
𦌩
𦍋
𦍌
𦍍
𦍎
𦍏
𦍐
𦍑
𦍒
𦍓
𦍔
𦍕
𦍖
𦍗
𦍘
𦍙
𦍚
𦍛
𦍜
𦍝
𦍞
𦍟
𦍠
𦍡
𦍢
𦍣
𦍤
𦍥
𦍦
𦍧
𦍨
𦍩
𦍪
𦍫
𦍬
𦍭
𦍮
𦍯
𦍰
𦍱
𦍲
𦍳
𦍴
𦍵
𦍶
𦍷
𦍸
𦍹
𦍺
𦍻
𦍼
𦍽
𦍾
𦍿
𦎀
𦎁
𦎂
𦎃
𦎄
𦎆
𦎇
𦎈
𦎉
𦎊
𦎋
𦎌
𦎍
𦎎
𦎏
𦎐
𦎑
𦎒
𦎓
𦎔
𦎕
𦎖
𦎗
𦎘
𦎙
𦎚
𦎛
𦎜
𦎝
𦎞
𦎟
𦎠
𦎡
𦎢
𦎣
𦎤
𦎥
𦎦
𦎧
𦎨
𦎩
𦎪
𦎫
𦎬
𦎭
𦎮
𦎯
𦎰
𦎱
𦎲
𦎳
𦎴
𦎵
𦎶
𦎷
𦎸
𦎹
𦎺
𦎻
𦎼
𦎽
𦎾
𦎿
𦏀
𦏁
𦏂
𦏃
𦏄
𦏅
𦏆
𦏇
𦏈
𦏉
𦏊
𦏋
𦏌
𦏍
𦏎
𦏏
𦏐
𦏑
𦏒
𦏓
𦏔
𦏕
𦏖
𦏗
𦏘
𦏙
𦏚
𦏛
𦏜
𦏝
𦏞
𦏟
𦏠
𦏡
𦏢
𦏣
𦏤
𦏥
𦏦
𦏧
𦏨
𦏩
𦏪
𦏫
𦏬
𦏭
𦏮
𦏯
𦏰
𦏱
𫅎
𫅏
𫅐
𫅑
𫅒
𫅓
𫅔
𫅕
𫅖
𫅗
𫅘
𫅙
𫅚
𫅛
𫅜
𫅝
𫅞
𫅟
𫅠
𫅡
𫟈
𬙬
𬙭
𬙮
𬙯
𬙰
𬙱
𬙲
𬙳
𬙴
𬙵
𬙶
𬙷
𬙸
𬙹
𬙺
𬙻
𬙼
𬙽
𬙾
𬙿
𬚀
𬚁
𬚂
𮊢
𮊣
𮊤
𮊥
𮊦
𮊧
𮊨
𮊩
𮊪
𮊫
𮊬
𮊭
𮊮
𮊯
𮊰
𮊱
𮊲
𮊳
𮊴
𮊵
𮊶
𮊷
羕
𰭗
𰭘
𰭙
𰭚
𰭛
𰭜
𱻉
𱻊
𱻋
𱻌
𱻍
𱻎
𱻏
𱻐
𱻑
𱻒
𱻓
𱻔
𱻕
𱻖