㐄
㑶
㔞
㕟
㖑
㗨
㗿
㘨
㙈
㙤
㚍
㚝
㛓
㛻
㞀
㞒
㟴
㡁
㤉
㦆
㧎
㧓
㧔
㧡
㨒
㨹
㩨
㪈
㮐
㰟
㰡
㰤
㰨
㳷
㳸
㷄
㷇
㹆
㹟
㹢
㾏
㾙
㾩
㾯
䀈
䂕
䂟
䂷
䃶
䅅
䈐
䈑
䈛
䊠
䊽
䍲
䏐
䏗
䏨
䐩
䐴
䒓
䓙
䕒
䖯
䖶
䖷
䙆
䛥
䛩
䛹
䟇
䠑
䠸
䣙
䤒
䤧
䦱
䨳
䫚
䫥
䭝
䮎
䮹
䯊
䯓
䯞
䯣
䯤
䳏
䵋
䵳
䶐
䶗
𠁥
𠇊
𠇗
𠈆
𠊰
𠎿
𠛕
𠜐
𠜾
𠢲
𠣠
𠤎
𠦬
𠧩
𠨚
𠨴
𠪑
𠳌
𠷉
𠽫
𠿎
𡁁
𡃩
𡌪
𡕒
𡖪
𡗤
𡛠
𡢖
𡤫
𡧩
𡨄
𡼾
𢄊
𢄳
𢉤
𢓢
𢔡
𢕺
𢜿
𢟪
𢢞
𢪎
𢴰
𢶒
𢻔
𢼾
𢽫
𢾒
𣐷
𣒃
𣟉
𣢱
𣣟
𣣦
𣣶
𣧎
𣨶
𣩹
𣮫
𣱛
𣸎
𤆆
𤗕
𤗜
𤗭
𤙑
𤙕
𤟚
𤟝
𤠙
𤡱
𤬉
𤬿
𤮰
𤰮
𤵀
𤸁
𤼒
𥁆
𥈓
𥋣
𥌍
𥏙
𥑋
𥑰
𥑹
𥕕
𥝬
𥝿
𥡏
𥡮
𥢶
𥦛
𥪊
𥲖
𥳏
𥴯
𥹌
𦈤
𦈰
𦓯
𦔦
𦙲
𦙺
𦠄
𦤦
𦤬
𦧹
𦨦
𦫳
𦬳
𦭅
𦭹
𦮃
𦳋
𦶎
𦺞
𦺬
𧉁
𧉪
𧕳
𧖢
𧗇
𧜅
𧤐
𧥢
𧥣
𧥤
𧦤
𧨥
𧨧
𧩊
𧩶
𧪕
𧪢
𧪵
𧬨
𧬮
𧱲
𧱳
𧱾
𧳐
𧴚
𧻑
𧻶
𧽸
𧾣
𧿼
𨀩
𨃖
𨇙
𨉣
𨔣
𨛖
𨣄
𨵧
𨶱
𨶳
𨺬
𨻲
𨿸
𩀶
𩊓
𩑔
𩒏
𩒳
𩒽
𩔁
𩜐
𩝨
𩞊
𩥀
𩨭
𩪁
𩲏
𩴪
𩵏
𩶦
𩹨
𩼄
𪅹
𪊧
𪏤
𪐓
𪑀
𪒜
𪖕
𪖢
𪘺
𭆬
𭑃
𭙌
𭮭
𮗷