㐖
㓗
㓶
㓹
㔃
㘶
㛃
㜧
㝣
㞽
㤜
㧉
㧒
㩪
㭈
㮮
㵐
㹂
㹟
㼤
䀗
䅥
䆕
䆝
䆷
䊽
䋉
䋶
䍳
䎀
䏐
䐼
䒸
䔾
䕵
䙠
䙽
䛎
䝌
䞵
䞷
䟠
䟾
䤎
䤿
䦑
䦖
䦬
䦼
䩤
䩧
䫔
䫼
䬂
䳏
𠂈
𠄌
𠄍
𠄑
𠅂
𠎮
𠜾
𠟮
𠢤
𠢭
𠪆
𠪏
𠪼
𠫃
𠱝
𠹙
𠼜
𡂶
𡐤
𡔣
𡕗
𡘐
𡙇
𡙖
𡚆
𡚌
𡜆
𡝊
𡡕
𡤼
𡥹
𡨲
𡩣
𡳾
𡻺
𡾐
𡿾
𢁪
𢍆
𢎔
𢎹
𢢂
𢪏
𢭋
𢴲
𢴺
𢶆
𢷒
𣅞
𣅡
𣅲
𣍔
𣐍
𣕀
𣖬
𣚃
𣢖
𣢡
𣣩
𣦹
𣧆
𣧌
𣧡
𣬎
𣲺
𣳱
𣸲
𣺁
𤈱
𤛦
𤠵
𤢔
𤢺
𤤏
𤫝
𤮈
𤼗
𥁂
𥄎
𥄴
𥅧
𥈾
𥊯
𥌨
𥕲
𥕳
𥗧
𥗮
𥛯
𥝔
𥝖
𥠹
𥢹
𥢻
𥤢
𥸽
𥾌
𥾫
𦁐
𦈫
𦍨
𦍾
𦎒
𦏅
𦐋
𦐍
𦚀
𦜃
𦠈
𦠑
𦠒
𦩥
𦪘
𦪬
𦯊
𦵴
𦺢
𦼰
𦿋
𧀺
𧂱
𧈈
𧉢
𧍩
𧎩
𧎯
𧏂
𧏃
𧏜
𧑦
𧑨
𧓚
𧔗
𧖁
𧖫
𧝃
𧣸
𧤼
𧤾
𧥎
𧦾
𧫑
𧱝
𧻘
𧻯
𧼞
𧼨
𧽄
𧽸
𧾯
𨀆
𨀦
𨁂
𨄬
𨇭
𨇮
𨈐
𨈑
𨉪
𨑣
𨒋
𨖰
𨘓
𨥂
𨥻
𨬐
𨭁
𨴒
𨴱
𨴸
𨵗
𨵚
𨵪
𨶋
𨷂
𨷥
𨼱
𨾕
𩀾
𩍷
𩑋
𩑔
𩔄
𩖶
𩢛
𩩲
𩪗
𩪜
𩫠
𪁠
𪃇
𪃈
𪃤
𪅸
𪌃
𪌇
𪌧
𪕯
𪗘
𪗚
𪗟
𪘥
𫟔
𫹧
𭆇
𭆏
𭌰
𭑕
𭚘
𭧑
𭪕
𭪖
𭪛
𭪴
𭫒
𭭋
𭿷
𮈑
𮈛
𮉱
𮕜