㓺
㕋
㕕
㗴
㘋
㘖
㘙
㚧
㜝
㟲
㟶
㡉
㡲
㡾
㢂
㢛
㢺
㥳
㦓
㭹
㯗
㶎
㷳
㹂
㹉
㹡
㺌
㽦
㿼
䀏
䁂
䁵
䂩
䂴
䅾
䇾
䉵
䉷
䊙
䋮
䌯
䍺
䍾
䏓
䐄
䑏
䒛
䓂
䕾
䙹
䜭
䝠
䟒
䠰
䤴
䦘
䧋
䧟
䩙
䪭
䫡
䬧
䭑
䭴
䮄
䮗
䱤
䲓
䲮
䲻
䴉
䴋
䴷
䵤
䶟
䶠
䶫
𠀻
𠄔
𠆲
𠆺
𠉬
𠑊
𠒞
𠓌
𠗻
𠘥
𠛑
𠟼
𠢅
𠢺
𠣖
𠩠
𠩤
𠪚
𠪥
𠪰
𠫐
𠵓
𠷗
𠽦
𡃫
𡅔
𡅝
𡅮
𡅴
𡅾
𡍦
𡚇
𡛢
𡞣
𡷗
𡹼
𡿕
𡿯
𢆯
𢇘
𢈂
𢍗
𢍬
𢎙
𢎺
𢏸
𢐁
𢒊
𢗯
𢙰
𢛆
𢧦
𢩆
𢮂
𢵧
𣄝
𣐻
𣥃
𣥌
𣨌
𣨹
𣬏
𤇡
𤏭
𤑃
𤜵
𤜼
𤟅
𤡥
𤧠
𤫣
𤬝
𤬠
𤷄
𥁠
𥃩
𥆗
𥌭
𥍓
𥓋
𥓒
𥕼
𥤊
𥦺
𥩕
𥩗
𥱽
𥲋
𥸂
𥻇
𥻧
𥽏
𥾏
𦏹
𦑘
𦣴
𦩢
𦫨
𦱁
𦴑
𧃑
𧈾
𧉗
𧏐
𧔞
𧔤
𧕜
𧗳
𧚁
𧟤
𧟥
𧟨
𧠒
𧡩
𧢖
𧣑
𧥜
𧧑
𧩅
𧴣
𧵫
𧺻
𧼏
𧾨
𧿂
𨁍
𨂪
𨊼
𨘇
𨘙
𨘡
𨙅
𨜻
𨡄
𨣻
𨤑
𨵬
𨵭
𨸘
𨸫
𨹆
𨹨
𩃚
𩉥
𩉯
𩎸
𩐘
𩑹
𩒖
𩓫
𩔃
𩕾
𩖆
𩖒
𩙽
𩜽
𩡧
𩤥
𩦂
𩩄
𩪼
𩬚
𩭨
𩰎
𩵶
𩽝
𪁡
𪂶
𪄁
𪈻
𪊑
𪍺
𪑈
𪓒
𪔩
𪕀
𪗙
𪗛
𪗤
𪙊
𫖢
𫝝
𫝸
𭌔
𭑊
𭒞
𭒡
𭗕
𭗭
𭤏
𮀸
𮍍
𮍥
𮏄
𮓚
𮘾
𮚄
𮚇
𮚚
𮟃
𮭠