䧱
䧲
䧳
䧴
䧵
䧶
䧷
䧸
䧹
䧺
䧻
䧼
䧽
䧾
䧿
䨁
䨂
䨃
䨄
䨅
䨆
䨇
䨈
䨉
䨊
隺
隽
难
隿
雂
雃
雈
雊
雏
雐
雒
雓
雔
雗
雘
雚
雝
雞
雟
雠
雡
雤
雥
雦
雧
離
難
難
𨾅
𨾆
𨾇
𨾈
𨾉
𨾊
𨾋
𨾌
𨾍
𨾎
𨾏
𨾐
𨾑
𨾒
𨾓
𨾔
𨾕
𨾖
𨾗
𨾘
𨾙
𨾚
𨾛
𨾜
𨾝
𨾞
𨾟
𨾠
𨾡
𨾢
𨾣
𨾤
𨾥
𨾦
𨾧
𨾨
𨾩
𨾪
𨾫
𨾬
𨾭
𨾮
𨾯
𨾰
𨾱
𨾲
𨾳
𨾴
𨾵
𨾶
𨾷
𨾸
𨾹
𨾺
𨾻
𨾼
𨾽
𨾾
𨾿
𨿀
𨿁
𨿂
𨿃
𨿄
𨿅
𨿆
𨿇
𨿈
𨿉
𨿊
𨿋
𨿌
𨿍
𨿎
𨿏
𨿐
𨿑
𨿒
𨿓
𨿔
𨿕
𨿖
𨿗
𨿘
𨿙
𨿚
𨿛
𨿜
𨿝
𨿞
𨿟
𨿠
𨿡
𨿢
𨿣
𨿤
𨿥
𨿦
𨿧
𨿨
𨿩
𨿪
𨿫
𨿬
𨿭
𨿮
𨿯
𨿰
𨿱
𨿲
𨿳
𨿴
𨿵
𨿶
𨿷
𨿸
𨿹
𨿺
𨿻
𨿼
𨿽
𨿾
𨿿
𩀀
𩀁
𩀂
𩀃
𩀄
𩀅
𩀆
𩀇
𩀈
𩀉
𩀊
𩀋
𩀌
𩀍
𩀎
𩀏
𩀐
𩀑
𩀒
𩀓
𩀔
𩀕
𩀖
𩀗
𩀘
𩀙
𩀚
𩀛
𩀜
𩀝
𩀞
𩀟
𩀠
𩀡
𩀢
𩀣
𩀤
𩀥
𩀦
𩀧
𩀨
𩀩
𩀪
𩀫
𩀬
𩀭
𩀮
𩀯
𩀰
𩀱
𩀲
𩀳
𩀴
𩀵
𩀶
𩀷
𩀸
𩀹
𩀺
𩀻
𩀼
𩀽
𩀾
𩀿
𩁀
𩁁
𩁂
𩁃
𩁄
𩁅
𩁆
𩁇
𩁈
𩁉
𩁊
𩁋
𩁌
𩁍
𩁎
𩁏
𩁐
𩁑
𩁒
𩁓
𩁔
𩁕
𩁖
𩁗
𩁘
𩁙
𩁚
𩁛
𩁜
𩁝
𩁞
𩁟
𩁠
𩁡
𩁢
𩁣
𩁤
𩁥
𩁦
𩁧
𩁨
𩁩
𩁪
𩁫
𩁬
𩁭
𩁮
𩁯
𩁰
𩁱
𩁲
𩁳
𩁴
𩁵
𫕚
𫕛
𫕜
𬯪
𬯫
𬯬
𬯭
𬯮
𬯯
𬯰
𬯱
𬯲
𬯳
𬯴
𬯵
𬯶
𬯷
𮥶
𮥷
𮥸
𮥹
𮥺
𮥻
𮥼
𮥽
𮥾
𮥿
𮦀
𮦁
𮦂
𮦃
雃
𱁅
𱁆
𱁇
𱁈
𱁉
𱁊
𱁋
𱁌
𱁍
𱁎
𱁏
𱁐
𲉧
𲉨
𲉩
𲉪
𲉫
𲉬
𲉭
𲉮
𲉯