䠗
﨣
㐀
㐜
㐤
㑋
㒆
㕤
㖆
㗊
㗜
㘊
㘳
㙀
㚱
㛏
㝌
㞗
㟈
㡱
㤂
㤹
㧀
㧃
㧄
㧨
㩉
㪧
㬛
㬤
㭝
㰶
㱗
㱙
㲃
㲸
㳋
㳜
㴔
㴦
㵻
㷱
㸨
㸯
㹗
㹯
㺩
㺫
㽱
㽲
㽺
㾋
㿝
䁯
䃔
䆒
䊆
䊵
䏠
䏩
䏫
䒪
䓘
䛪
䛮
䜪
䝗
䟬
䟵
䠗
䠻
䡂
䢼
䣇
䤛
䦰
䧱
䬨
䮌
䯥
䰍
䰗
䲥
䲯
䳎
䳔
䶋
𠀈
𠀷
𠃏
𠃖
𠃺
𠇾
𠓙
𠗈
𠙔
𠚨
𠜃
𠜉
𠝙
𠞎
𠟊
𠟖
𠠳
𠡟
𠢎
𠣽
𠣿
𠤊
𠤙
𠤢
𠥂
𠥬
𠫙
𠫳
𠰋
𠴄
𠴹
𠾧
𡆥
𡊣
𡖜
𡘢
𡚮
𡜨
𡦪
𡦷
𡧒
𡨃
𡫄
𡬁
𡬃
𡯐
𡸕
𡺺
𡾈
𢀙
𢁠
𢃺
𢈝
𢊒
𢋁
𢌬
𢎜
𢎥
𢏉
𢑇
𢒥
𢔆
𢖸
𢙅
𢛃
𢜥
𢞏
𢡁
𢢹
𢦎
𢩨
𢮍
𢼄
𢽭
𣁭
𣇬
𣉑
𣉓
𣋶
𣎹
𣓌
𣚉
𣡛
𣢥
𣧁
𣧉
𣪉
𣪋
𣪙
𣪯
𣭳
𣰐
𣲄
𣲔
𣶆
𤁨
𤆐
𤈢
𤉥
𤋀
𤓱
𤕾
𤗂
𤙠
𤚯
𤛪
𤞰
𤠕
𤠗
𤢶
𤤘
𤫝
𤰧
𤴥
𤴦
𤴪
𤴮
𤶔
𤶩
𤶫
𤷑
𥅔
𥅪
𥋢
𥌁
𥌪
𥒡
𥔻
𥥧
𥥽
𥦄
𥦵
𥧺
𥨇
𥨓
𥨔
𥨪
𥨮
𥨶
𥫷
𥭑
𥳎
𥸲
𥽃
𥽙
𥾆
𦐬
𦚎
𦜵
𦞨
𦡹
𦥑
𦥶
𦦄
𦦊
𦫶
𦬖
𦬥
𦭺
𦭻
𦮁
𦯨
𦱠
𦱱
𦱲
𦳌
𦳕
𦵡
𦶍
𦸹
𦽬
𦾔
𧅉
𧅓
𧋒
𧋛
𧋲
𧌟
𧎡
𧒔
𧘏
𧘶
𧚍
𧡑
𧢳
𧤝
𧧖
𧧷
𧬈
𧲰
𧲷
𧹶
𧺇
𧺤
𧻁
𧻱
𧽒
𧾧
𧾹
𧾻
𧿀
𨀯
𨈴
𨉺
𨕤
𨖏
𨗋
𨘂
𨚑
𨚬
𨛆
𨝫
𨥐
𨦮
𨲒
𨳊
𨳛
𨵜
𨸚
𨾉
𨾹
𨿀
𩀩
𩈸
𩐁
𩒮
𩗆
𩗕
𩝠
𩡎
𩢮
𩢹
𩣅
𩨯
𩭘
𩮄
𩰙
𩱼
𩴃
𩵍
𩶧
𩶿
𩾛
𩾹
𩿅
𩿓
𪀪
𪂺
𪅲
𪎞
𪓓
𪓔
𪕦
𪕿
𪖒
𪖓
𪖛
𪖻
𪘆
𪚺
𫝄
𬌲
𬽦
𬽧
𭉘
𭚥
𭜣
𭜤
𭸵
𮋁
𮞷
𮯛
𮯜
𮯝
𮯞
𮯟
𦱩