㥚
䁩
䏸
䐳
䓊
䔡
䗨
䘘
䢩
䥏
䰻
䱷
𠉳
𠊏
𠨙
𡕺
𡻢
𢊧
𢓷
𢔬
𢔴
𢕜
𢖡
𢾵
𣿡
𤀝
𤀯
𤉯
𤋳
𤹿
𥆐
𥷲
𦀡
𦥉
𦼼
𧗨
𧗮
𧗻
𨝈
𨨶
𨯣
𨵉
𨶢
𩚄
𩤾
𩥭
𩵋
𩵎
𩵛
𩺰
𩼪
𭇁
𭑞
𮡨
𮢬
𮫬
𮫭
𮫮
𮫯
㓑
㗼
㝯
㞏
㢣
㣜
㤉
㩭
㭘
㮁
㰶
㱉
㵿
㸣
㹓
㹵
㹾
㺒
㼛
㼬
㽠
㿰
䀉
䀊
䀴
䁄
䁝
䂔
䂚
䅣
䆖
䉰
䋂
䌜
䎗
䒢
䕧
䖎
䖖
䘨
䚘
䚩
䚫
䛭
䝱
䞩
䣆
䤰
䧨
䨐
䩕
䪫
䫆
䫴
䫺
䯒
䯚
䰢
䱁
䲔
䲜
䶝
䶧
𠄅
𠊫
𠍩
𠑐
𠒖
𠗉
𠗊
𠟋
𠟪
𠩘
𠴳
𠹑
𡁖
𡋰
𡔜
𡜇
𡞦
𡟡
𡦃
𡩸
𡵔
𡶭
𡷨
𡷪
𡸳
𡽄
𡽧
𢂐
𢈆
𢐧
𢒾
𢖍
𢗋
𢘟
𢙼
𢛘
𢝼
𢢜
𢹳
𢼽
𢽾
𢿣
𣉊
𣏠
𣓤
𣔲
𣔷
𣘺
𣟇
𣬙
𣯹
𣱓
𣷝
𣸝
𣿣
𤎸
𤑽
𤕢
𤖻
𤗥
𤙒
𤟞
𤦱
𤬐
𤽳
𤾧
𥏎
𥦢
𥪯
𦂡
𦈨
𦈵
𦐌
𦒒
𦡼
𦣍
𦯒
𦺔
𦺣
𦺺
𦽓
𦾵
𧁰
𧄍
𧇠
𧈽
𧉣
𧊞
𧍪
𧖪
𧗦
𧡼
𧢬
𧤮
𧥴
𧨘
𧲤
𧵣
𨁎
𨅣
𨊅
𨋕
𨌆
𨌞
𨍶
𨎬
𨠦
𨠸
𨧿
𨪄
𨲭
𨼙
𩎔
𩑃
𩑍
𩔔
𩖢
𩢓
𩢗
𩤛
𩩋
𩯛
𩲻
𩳔
𩷏
𩼃
𩼋
𪊵
𪊷
𪋫
𪒲
𪖐
𪘁
𪛀
𫝓
𫝔
𫞬
𬾿
𭅳
𭅴
𭠡
𭦩
𭪙
𭱚
𭼃
𭼅
𭾪
𭾱
𮎢
𮏩
𮞉
𮪈
㘈
䞝
𠀛
𠫣
𡈨
𤣩
𤣩
𤣪
𥝍
𧿷
𨉗
𨰻
𩊇
𫞂