﨟
㓪
㔷
㕇
㗦
㛞
㜢
㝗
㟉
㟍
㟹
㟺
㡞
㡴
㢃
㢅
㧯
㨓
㩉
㪹
㫰
㯿
㰍
㱞
㱢
㱥
㲇
㳥
㺐
㺒
㾿
䀶
䂰
䃕
䃧
䃳
䄛
䅹
䆍
䆡
䇭
䉄
䍚
䏊
䏠
䕞
䕩
䗶
䜎
䜮
䝁
䝏
䝤
䡁
䡙
䣚
䥢
䪊
䫫
䬋
䮚
䮫
䮾
䯖
䱶
䱾
䲏
䳓
䵏
䶘
𠄰
𠈭
𠌚
𠖥
𠞭
𠣁
𠥮
𠧗
𠮽
𠱚
𠶭
𠺘
𠾩
𡂕
𡃡
𡅘
𡇔
𡋱
𡕘
𡗆
𡘠
𡝤
𡞔
𡦀
𡪅
𡬘
𡰌
𡰓
𡳫
𡷟
𡽐
𡽦
𡾩
𢈢
𢉀
𢊻
𢌮
𢙱
𢡌
𢤱
𢤲
𢥒
𢭂
𢭐
𢰖
𢳑
𢸭
𢼙
𢽂
𣄴
𣊧
𣍷
𣘪
𣟽
𣠼
𣤊
𣤋
𣫣
𣫻
𣬃
𣵟
𣻡
𣼣
𣿳
𤉍
𤎤
𤛊
𤦴
𤨜
𤩂
𤬏
𤭒
𤮨
𤵿
𤶁
𥀥
𥀰
𥇑
𥍫
𥎇
𥒪
𥕍
𥕡
𥢒
𥥑
𥥹
𥦌
𥧯
𥪻
𥫋
𥸉
𦅶
𦆻
𦇛
𦌼
𦎟
𦎹
𦒆
𦒦
𦒨
𦒩
𦒳
𦒴
𦔪
𦗖
𦗤
𦠼
𦡳
𦢫
𦪽
𦭯
𦵧
𦸢
𦺜
𦺫
𦼊
𧀧
𧀪
𧁾
𧗩
𧙀
𧙥
𧚂
𧚅
𧞪
𧢃
𧢋
𧧎
𧫞
𧯇
𧯍
𧰃
𧰉
𧷡
𧻴
𧼔
𨄋
𨇘
𨈓
𨉰
𨊖
𨏠
𨘠
𨛓
𨝢
𨝥
𨞿
𨡤
𨣃
𨦭
𨩐
𨫒
𨭛
𨲮
𨹟
𨻫
𨻻
𩂽
𩃜
𩄺
𩑮
𩔇
𩖝
𩛡
𩜁
𩟭
𩧆
𩩡
𩫰
𩳤
𩴤
𩷕
𪀧
𪁔
𪁜
𪇹
𪈗
𪍣
𪎁
𪏧
𪐖
𪔳
𪙰
𪙷
𪚓
𪚖
𪚗
𪚘
𪚞
𪳏
𫃵
𫞇
𫠥
𭅺
𭼎
𮑛
𮡄
𮨷
𭼎