㸨
㸩
㸪
㸫
㸬
㸭
㸮
㸯
㸰
㸱
㸲
㸳
㸴
㸵
㸶
㸷
㸸
㸹
㸺
㸻
㸼
㸽
㸾
㸿
㹀
㹁
㹂
㹃
㹄
㹅
㹆
㹇
㹈
㹉
㹊
㹋
㹌
㹍
㹎
㹏
㹐
㹑
㹒
㹓
㹔
㹕
㹖
㹗
㹘
㹙
㹚
㹛
牜
牞
牠
牣
牤
牥
牦
牨
牪
牫
牬
牭
牮
牯
牰
牱
牳
牵
牶
牷
牸
牺
牻
牼
牿
犃
犄
犅
犆
犈
犉
犊
犋
犌
犍
犎
犏
犐
犑
犓
犔
犕
犗
犘
犙
犚
犛
犜
犝
犞
犟
犡
犣
犤
犥
犦
犨
犩
犪
犫
荦
觕
牢
𤘔
𤘕
𤘖
𤘗
𤘘
𤘙
𤘚
𤘛
𤘜
𤘝
𤘞
𤘟
𤘠
𤘡
𤘢
𤘣
𤘤
𤘥
𤘦
𤘧
𤘨
𤘩
𤘪
𤘫
𤘬
𤘭
𤘮
𤘯
𤘰
𤘱
𤘲
𤘳
𤘴
𤘵
𤘶
𤘷
𤘸
𤘹
𤘺
𤘻
𤘼
𤘽
𤘾
𤘿
𤙀
𤙁
𤙂
𤙃
𤙄
𤙅
𤙆
𤙇
𤙈
𤙉
𤙊
𤙋
𤙌
𤙍
𤙎
𤙏
𤙐
𤙑
𤙒
𤙓
𤙔
𤙕
𤙖
𤙗
𤙘
𤙙
𤙚
𤙛
𤙜
𤙝
𤙞
𤙟
𤙠
𤙡
𤙢
𤙣
𤙤
𤙥
𤙦
𤙧
𤙨
𤙩
𤙪
𤙫
𤙬
𤙭
𤙮
𤙯
𤙰
𤙱
𤙲
𤙳
𤙴
𤙵
𤙶
𤙷
𤙸
𤙹
𤙺
𤙻
𤙼
𤙽
𤙾
𤙿
𤚀
𤚁
𤚂
𤚃
𤚄
𤚅
𤚆
𤚇
𤚈
𤚉
𤚊
𤚋
𤚌
𤚍
𤚎
𤚏
𤚐
𤚑
𤚒
𤚓
𤚔
𤚕
𤚖
𤚗
𤚘
𤚙
𤚚
𤚛
𤚝
𤚞
𤚟
𤚠
𤚡
𤚢
𤚣
𤚤
𤚥
𤚦
𤚧
𤚨
𤚩
𤚪
𤚫
𤚬
𤚭
𤚮
𤚯
𤚰
𤚱
𤚲
𤚳
𤚴
𤚵
𤚶
𤚷
𤚸
𤚹
𤚺
𤚻
𤚼
𤚽
𤚾
𤚿
𤛀
𤛁
𤛂
𤛃
𤛄
𤛅
𤛆
𤛇
𤛈
𤛉
𤛊
𤛋
𤛌
𤛍
𤛎
𤛏
𤛐
𤛑
𤛒
𤛓
𤛔
𤛕
𤛖
𤛘
𤛙
𤛚
𤛛
𤛜
𤛝
𤛞
𤛟
𤛠
𤛡
𤛢
𤛣
𤛤
𤛥
𤛦
𤛧
𤛨
𤛩
𤛪
𤛫
𤛬
𤛭
𤛮
𤛯
𤛰
𤛱
𤛲
𤛳
𤛴
𤛵
𤛶
𤛷
𤛸
𤛹
𤛺
𤛻
𤛼
𤛽
𤛾
𤛿
𤜀
𤜁
𤜂
𤜃
𤜄
𤜅
𤜆
𤜇
𤜈
𤜉
𤜊
𤜋
𤜌
𤜍
𤜎
𤜏
𤜐
𤜑
𤜒
𤜓
𤜔
𤜕
𤜖
𤜗
𤜘
𤜙
𪺩
𪺪
𪺫
𪺬
𪺭
𪺮
𪺯
𪺰
𪺱
𪺲
𪺳
𪺴
𪺵
𪺶
𫞢
𬌙
𬌚
𬌛
𬌜
𬌝
𬌞
𬌟
𬌠
𬌡
𬌢
𬌣
𬌤
𬌥
𬌦
𬌧
𬌨
𭷓
𭷔
𭷕
𭷖
𭷗
𭷘
𭷙
𭷚
𭷛
𭷜
𭷝
𭷞
𭷟
𭷠
𭷡
𭷢
𭷣
𭷤
𭷥
𭷦
𭷧
𭷨
𭷩
𭷪
𭷫
𭷬
𭷭
𭷮
𭷯
𭷰
𭷱
𭷲
𭷳
𭷴
𭷵
𭷶
𭷷
𮯲
𮳺
𮳻
𮳼
犀
犕
𰠦
𰠧
𰠨
𰠩
𰠪
𰠫
𰠬
𰠭
𰠮
𰠯
𰠰
𰠱
𰠲
𰠳
𰠴
𰠵
𰠶
𰠷
𰠸
𰠹
𰠺
𰠻
𰠼
𱭩
𱭪
𱭫
𱭬
𱭭
𱭮
𱭯
𱭰
𱭱
𱭲
𱵀