㜽
㜾
㜿
㝀
㝁
㝂
㝃
㝄
㝅
㝆
㝇
㝈
孓
孙
孞
孠
孡
孢
孧
孪
孬
孭
孮
孲
孴
孶
孷
孹
孻
孾
屘
𠃱
𡉗
𡤼
𡤽
𡤾
𡤿
𡥀
𡥁
𡥂
𡥃
𡥄
𡥅
𡥆
𡥇
𡥈
𡥉
𡥊
𡥌
𡥍
𡥎
𡥏
𡥐
𡥑
𡥒
𡥓
𡥔
𡥕
𡥖
𡥗
𡥘
𡥙
𡥚
𡥛
𡥜
𡥝
𡥞
𡥟
𡥠
𡥡
𡥢
𡥣
𡥤
𡥥
𡥦
𡥧
𡥨
𡥩
𡥪
𡥫
𡥬
𡥭
𡥮
𡥯
𡥰
𡥱
𡥲
𡥳
𡥴
𡥵
𡥶
𡥷
𡥸
𡥹
𡥺
𡥻
𡥼
𡥽
𡥾
𡥿
𡦀
𡦁
𡦂
𡦃
𡦄
𡦅
𡦆
𡦇
𡦈
𡦉
𡦊
𡦋
𡦌
𡦍
𡦎
𡦏
𡦐
𡦑
𡦒
𡦓
𡦔
𡦕
𡦖
𡦗
𡦘
𡦙
𡦚
𡦛
𡦜
𡦝
𡦞
𡦟
𡦠
𡦡
𡦢
𡦣
𡦤
𡦥
𡦦
𡦧
𡦨
𡦩
𡦪
𡦫
𡦬
𡦭
𡦮
𡦯
𡦰
𡦱
𡦲
𡦳
𡦴
𡦵
𡦶
𡦷
𡦸
𢆡
𢈲
𨹴
𪦶
𪦷
𪦸
𪦹
𪦺
𪦻
𪦼
𪦽
𪦾
𪦿
𪧀
𪧁
𪧂
𪧃
𪧄
𫝯
𫲡
𫲢
𫲣
𫲤
𫲥
𫲦
𫲧
𫲨
𫲩
𫲪
𫲫
𫲬
𫲭
𫲮
𫲯
𫲰
𫲱
𫲲
𫲳
𫲴
𭒶
𭒷
𭒸
𭒹
𭒺
𭒻
𭒼
𭒽
𭒾
𭒿
𭓀
𭓁
𭓂
𭓃
𭓄
𭓅
𭓆
𭓇
𭓈
𭓉
𭓊
𭓋
𭓌
𭓍
𭓎
𭓏
𭓐
𭓑
𭓒
𭓓
𭓔
𭓕
𭓖
𭓗
𭓘
𭓙
𭓚
𭓛
𭓜
𭓝
𮱜
𮱝
𰌜
𰌝
𰌞
𰌟
𰌠
𰌡
𰌢
𰌣
𰌤
𰌥
𰌦
𰌧
𰌨
𰌩
𰌪
𰌫
𰌬
𰌭
𰌮
𰌯
𰌰
𰌱
𰌲
𱙵
𱙶
𱙷
𱙸
𱙹
𱙺
𱙻
𱙼
𱙽
𱙾
𱙿
𱚀
𱚁
𱚂