䰟
䰠
䰡
䰢
䰣
䰤
䰥
䰦
䰧
䰨
䰩
䰪
䰫
䰬
䰭
䰮
䰯
䰰
䰱
鬽
鬾
鬿
魀
魆
魇
魈
魉
魊
魋
魌
魐
魒
魓
魕
魖
魗
魙
𩱹
𩱺
𩱻
𩱼
𩱽
𩱾
𩱿
𩲀
𩲁
𩲂
𩲃
𩲄
𩲅
𩲆
𩲇
𩲈
𩲉
𩲊
𩲋
𩲌
𩲍
𩲎
𩲏
𩲐
𩲑
𩲒
𩲓
𩲔
𩲕
𩲖
𩲗
𩲘
𩲙
𩲚
𩲛
𩲜
𩲝
𩲞
𩲟
𩲠
𩲡
𩲢
𩲣
𩲤
𩲥
𩲦
𩲧
𩲨
𩲩
𩲪
𩲫
𩲬
𩲭
𩲮
𩲯
𩲰
𩲱
𩲲
𩲳
𩲴
𩲵
𩲶
𩲷
𩲸
𩲹
𩲺
𩲻
𩲼
𩲽
𩲾
𩲿
𩳀
𩳁
𩳂
𩳃
𩳄
𩳅
𩳆
𩳇
𩳈
𩳉
𩳊
𩳋
𩳌
𩳍
𩳎
𩳏
𩳐
𩳑
𩳒
𩳓
𩳔
𩳕
𩳖
𩳗
𩳘
𩳙
𩳚
𩳛
𩳜
𩳝
𩳞
𩳟
𩳠
𩳡
𩳢
𩳣
𩳤
𩳥
𩳦
𩳧
𩳨
𩳩
𩳪
𩳫
𩳬
𩳭
𩳮
𩳯
𩳰
𩳱
𩳲
𩳳
𩳴
𩳵
𩳶
𩳷
𩳸
𩳹
𩳺
𩳻
𩳼
𩳽
𩳾
𩳿
𩴀
𩴁
𩴂
𩴃
𩴄
𩴅
𩴆
𩴇
𩴈
𩴉
𩴊
𩴋
𩴌
𩴍
𩴎
𩴏
𩴐
𩴑
𩴒
𩴓
𩴔
𩴕
𩴖
𩴗
𩴘
𩴙
𩴚
𩴛
𩴜
𩴝
𩴞
𩴟
𩴠
𩴡
𩴢
𩴣
𩴤
𩴥
𩴦
𩴧
𩴨
𩴩
𩴪
𩴫
𩴬
𩴭
𩴮
𩴯
𩴰
𩴱
𩴲
𩴳
𩴴
𩴵
𩴶
𩴷
𩴸
𩴹
𩴺
𩴻
𩴼
𩴽
𩴾
𩴿
𩵀
𩵁
𩵂
𩵃
𩵄
𩵅
𩵆
𩵇
𩵈
𩵉
𩵊
𫙈
𫙉
𫙊
𫙋
𫙌
𫙍
𫙎
𬴽
𬴾
𬴿
𬵀
𮫜
𮫝
𮫞
𮫟
𮫠
𮫡
𮫢
𮫣
𮫤
𮫥
𮫦
𮫧
𮫨
𮫩
𮫪
𮫫
𮹒
𱆖
𱆗
𱆘
𱆙
𱆚
𱆛
𱆜
𱆝
𱆞
𱆟
𱆠
𱆡
𱆢
𲌧
𲌨
𲌩
𲌪
𲌫
𲌬
𲌭
𲌮
𲌯
𲌰