㒪
㔶
㘜
㜻
㜼
㝲
㲲
㶠
㸑
㼖
䃻
䉷
䕿
䖁
䚕
䡽
䪌
䪍
䭦
䭧
䮾
䰕
䲙
䴎
䵵
䶥
䶦
圞
欜
灦
癳
糳
糷
虄
虊
虪
趲
躦
躧
轥
釅
鑴
鑸
鑹
鑺
靊
飌
驠
驡
驣
鱳
鸓
鸔
鼊
龤
龥
𠑲
𠑳
𠓚
𠘦
𠠰
𠠱
𠥫
𠧑
𠨫
𡆏
𡆐
𡆑
𡆒
𡆓
𡆔
𡆕
𡆖
𡆗
𡆘
𡈻
𡔖
𡗏
𡬖
𡬗
𡬘
𢌓
𢑿
𢦃
𢦄
𣄬
𣡩
𣡪
𣡫
𣡬
𣡭
𣡯
𣡰
𣡱
𣥁
𣱂
𣱃
𤅰
𤅱
𤅲
𤅳
𤅴
𤅵
𤅶
𤓤
𤓥
𤫢
𤫨
𤬣
𤬤
𤴇
𤴈
𤴉
𤴊
𤴋
𤼟
𤼠
𤼡
𥀼
𥃡
𥍔
𥍕
𥍖
𥍗
𥍘
𥗺
𥗻
𥗼
𥗽
𥜹
𥜺
𥤛
𥤜
𥤝
𥩓
𥸈
𥸉
𥸊
𥸋
𥸌
𥸍
𥸎
𥸏
𥽻
𥽼
𥽽
𥽾
𥽿
𦇼
𦇽
𦉧
𦍆
𦏮
𦓍
𦘑
𦣘
𦣚
𦤲
𦧀
𦧽
𦫇
𦫉
𧅺
𧅻
𧅼
𧅽
𧅾
𧅿
𧆀
𧆁
𧆂
𧆃
𧆄
𧆅
𧈜
𧕽
𧕾
𧕿
𧖀
𧖁
𧖂
𧖃
𧖊
𧟕
𧟖
𧟗
𧢬
𧥖
𧮙
𧮚
𧮛
𧮜
𧮝
𧹎
𧹏
𧹐
𨇻
𨇼
𨇽
𨇾
𨇿
𨈀
𨊟
𨏵
𨏶
𨏷
𨏸
𨏽
𨙧
𨟯
𨤅
𨤆
𨰉
𨰊
𨰋
𨰌
𨰍
𨰎
𨰏
𨰐
𨰑
𨰒
𨰓
𨰔
𨰕
𨰖
𨰗
𨰘
𨰙
𨰚
𨰛
𨰜
𨰝
𨳄
𨷷
𨷹
𨷺
𨽲
𨽳
𩁯
𩁰
𩁱
𩆿
𩇀
𩇁
𩇂
𩇃
𩇄
𩇅
𩇆
𩇇
𩈂
𩉔
𩉕
𩍿
𩎀
𩎁
𩎂
𩎃
𩎄
𩎅
𩎆
𩏵
𩖉
𩖊
𩖋
𩖌
𩖍
𩖎
𩙛
𩙜
𩟷
𩟸
𩟹
𩟺
𩡥
𩧏
𩧐
𩧑
𩧒
𩧓
𩪻
𩫮
𩫯
𩯺
𩯻
𩯼
𩯽
𩯾
𩯿
𩰀
𩱦
𩱧
𩱨
𩱩
𩱪
𩵀
𩵁
𩵂
𩵃
𩼻
𩼼
𩼽
𩼾
𩼿
𩽀
𩽁
𩽂
𩽃
𩽄
𩽅
𩽆
𩽇
𩽈
𩽉
𩽊
𩽋
𩽌
𪇭
𪇮
𪇯
𪇰
𪇱
𪇲
𪇳
𪇴
𪇵
𪇶
𪇷
𪇸
𪇹
𪇺
𪇻
𪇼
𪇽
𪇾
𪇿
𪈀
𪈁
𪈂
𪊈
𪍿
𪎀
𪏪
𪐑
𪐓
𪒴
𪒵
𪒶
𪒷
𪒸
𪓼
𪓾
𪔵
𪖊
𪖻
𪖼
𪖽
𪙚
𪙛
𪙜
𪙝
𪙞
𪙟
𪙠
𪙡
𪙢
𪛎
𪛏
𪛐
𪛑
𪭗
𪴨
𫄗
𫇓
𫊛
𫊜
𫍗
𫓣
𫚄
𫛘
𫦣
𫶦
𬅙
𬅚
𬋺
𬎡
𬖊
𬚂
𬜃
𬦀
𬬢
𬰰
𬰾
𬱑
𬲣
𬵶
𬵸
𬵺
𬷸
𬷹
𬹛
𭍐
𭍒
𭐑
𭟭
𭨗
𭭁
𮇀
𮓖
𮕚
𮚮
𮜭
𮣬
𮣭
𮣮
𮦿
𮩚
𮪝
𮪞
𮫓
𮫩
𮬖
𮬘
𮭛
𮭜
𮮞
𮮟
𮮸
𮯑
𮯒
𮯓
𮯖
𧢮
𰃴
𰋇
𰏂
𰥊
𰨙
𰪤
𰲗
𰹭
𱁃
𱁄
𱂟
𱃑
𱆈
𱆓
𱆔
𱇄
𱇅
𱇆
𱇇
𱉄
𱌤
𱑍
𱘞
𱟚
𱡖
𱤵
𱬲
𱱳
𱵅
𱶯
𱹩
𱼦
𱿋
𱿌
𲀖
𲁐
𲂀
𲂁
𲄕
𲊑
𲊒
𲌕
𲌣
𲍃
𲍨
𲍩
𲎤
𲎥
𲎦