䯆
䯇
䯈
䯉
䯋
䯌
䯍
䯎
䯏
䯐
䯑
䯓
䯔
䯕
䯖
䯗
䯘
䯙
䯚
䯛
䯜
䯝
䯞
䯟
䯠
䯡
䯢
䯣
䯤
䯥
䯦
骩
骪
骫
骬
骮
骱
骲
骳
骴
骵
骺
骻
骽
骾
骿
髂
髅
髇
髈
髉
髊
髋
髌
髍
髗
𩨑
𩨒
𩨓
𩨔
𩨕
𩨖
𩨗
𩨘
𩨙
𩨚
𩨛
𩨜
𩨝
𩨞
𩨟
𩨠
𩨡
𩨢
𩨣
𩨤
𩨥
𩨦
𩨧
𩨨
𩨩
𩨪
𩨫
𩨬
𩨭
𩨮
𩨯
𩨰
𩨱
𩨲
𩨳
𩨴
𩨵
𩨶
𩨷
𩨸
𩨹
𩨺
𩨻
𩨼
𩨽
𩨾
𩨿
𩩀
𩩁
𩩂
𩩃
𩩄
𩩅
𩩆
𩩇
𩩈
𩩉
𩩊
𩩋
𩩌
𩩍
𩩎
𩩏
𩩐
𩩑
𩩒
𩩓
𩩔
𩩕
𩩖
𩩗
𩩘
𩩙
𩩚
𩩛
𩩜
𩩝
𩩞
𩩟
𩩠
𩩡
𩩢
𩩣
𩩤
𩩥
𩩦
𩩧
𩩨
𩩩
𩩪
𩩫
𩩬
𩩭
𩩮
𩩯
𩩰
𩩱
𩩳
𩩴
𩩵
𩩶
𩩷
𩩸
𩩹
𩩺
𩩻
𩩼
𩩽
𩩾
𩩿
𩪀
𩪁
𩪂
𩪃
𩪄
𩪅
𩪆
𩪇
𩪈
𩪉
𩪊
𩪋
𩪌
𩪍
𩪎
𩪏
𩪐
𩪑
𩪒
𩪓
𩪔
𩪕
𩪖
𩪗
𩪘
𩪙
𩪚
𩪛
𩪜
𩪝
𩪞
𩪟
𩪠
𩪡
𩪢
𩪣
𩪤
𩪥
𩪦
𩪧
𩪨
𩪩
𩪪
𩪫
𩪬
𩪭
𩪮
𩪯
𩪰
𩪱
𩪲
𩪳
𩪴
𩪵
𩪶
𩪷
𩪸
𩪹
𩪺
𩪻
𩪼
𩪽
𩪾
𫘲
𫘳
𫘴
𬴑
𬴒
𬴓
𮪦
𮪧
𮪨
𮪩
𮪪
𮪫
𮪬
𮪭
𮪮
𮪯
𮪰
𮪱
𮪲
𮪳
𮪴
𮪵
𮪶
𮪷
䯎
𱅭
𱅮
𱅯
𱅰
𱅱
𱅲
𱅳
𲌌
𲌍
𲌎
𲌏
𲌐
𲌑
𲌒
𲌓
𲌔
𲌕