䑠
䑡
䑢
䑣
䑤
䑥
䑦
䑧
䑨
䑩
䑪
䑫
䑬
䑭
䑮
䑯
䑰
䑱
䑲
䑳
䑴
䑵
䑷
䑸
䑹
䑻
䑼
䑽
䑾
䑿
䒀
䒁
䒂
䒃
䒄
䒅
䒆
䒇
䒈
䒉
舠
舣
舤
舥
舦
舧
舨
舭
舯
舰
舱
舺
舻
舽
舾
舿
艁
艂
艃
艄
艈
艊
艌
艍
艎
艐
艑
艒
艓
艔
艕
艖
艛
艞
艡
艥
艧
艩
艬
艭
𠂨
𠔾
𦨇
𦨈
𦨉
𦨊
𦨋
𦨌
𦨍
𦨎
𦨏
𦨐
𦨑
𦨒
𦨓
𦨔
𦨕
𦨖
𦨗
𦨘
𦨙
𦨚
𦨛
𦨜
𦨝
𦨟
𦨠
𦨡
𦨢
𦨣
𦨤
𦨥
𦨦
𦨧
𦨨
𦨩
𦨪
𦨫
𦨬
𦨭
𦨮
𦨯
𦨰
𦨱
𦨲
𦨳
𦨴
𦨵
𦨶
𦨷
𦨸
𦨹
𦨺
𦨻
𦨼
𦨽
𦨾
𦨿
𦩀
𦩁
𦩂
𦩃
𦩄
𦩅
𦩆
𦩇
𦩈
𦩉
𦩊
𦩋
𦩌
𦩍
𦩎
𦩏
𦩐
𦩑
𦩒
𦩓
𦩔
𦩕
𦩖
𦩗
𦩙
𦩚
𦩛
𦩜
𦩝
𦩞
𦩟
𦩠
𦩡
𦩢
𦩣
𦩤
𦩥
𦩦
𦩧
𦩨
𦩩
𦩪
𦩫
𦩬
𦩭
𦩮
𦩯
𦩰
𦩱
𦩲
𦩳
𦩴
𦩵
𦩶
𦩷
𦩸
𦩹
𦩺
𦩻
𦩼
𦩽
𦩾
𦩿
𦪀
𦪁
𦪂
𦪃
𦪄
𦪅
𦪆
𦪇
𦪈
𦪉
𦪊
𦪋
𦪍
𦪎
𦪏
𦪐
𦪑
𦪒
𦪓
𦪔
𦪕
𦪖
𦪗
𦪘
𦪙
𦪚
𦪛
𦪜
𦪝
𦪞
𦪟
𦪠
𦪡
𦪢
𦪣
𦪤
𦪥
𦪦
𦪧
𦪨
𦪩
𦪪
𦪫
𦪬
𦪭
𦪮
𦪯
𦪰
𦪱
𦪲
𦪳
𦪴
𦪵
𦪶
𦪸
𦪺
𦪻
𦪼
𦪽
𦪾
𦪿
𦫀
𦫁
𦫂
𦫃
𦫄
𦫅
𦫆
𦫇
𦫈
𦫉
𦫊
𨦞
𫇚
𫇛
𫇜
𫇝
𫇞
𫇟
𫇠
𫇡
𫇢
𫇣
𬜑
𬜒
𬜓
𬜔
𬜕
𬜖
𬜗
𬜘
𬜙
𬜚
𬜛
𬜜
𮎃
𮎄
𮎅
𮎆
𮎇
𮎈
𮎉
𮎊
𮎋
𮎌
𮎍
𮎎
𮎏
𮎐
𮎑
𮎒
𮎓
𮎔
𮎕
𮎖
𮎗
𮯱
𮶗
𮶘
𮶙
𮶚
䑫
𰰋
𰰌
𰰍
𰰎
𰰏
𰰐
𰰑
𰰒
𰰓
𱼶
𱼷
𱼸
𱼹
𱼺
𱼻
𱼼
𱼽
𱼾
𱼿
𱽀
𱽁
𱽂
𱽃
𱽄
𱽅
𱽆
𲻚
𲻛
𲻜
𲻝
𲻞
𲻟
𲻠
𲻡
𲻢
𲻣
𲻤
𲻥
𲻦
𲻧
𲻨
𲻩
𲻪
𳊳