㦮
㦯
㦰
㦱
㦲
㦳
㦴
㦵
㦶
㦷
㦸
㦹
㦺
㦻
㦼
㦽
戋
戏
戓
戗
战
戙
戜
戠
戤
戥
戧
戨
戫
戬
戭
戱
戵
戮
戴
𠎶
𢦌
𢦍
𢦎
𢦐
𢦑
𢦒
𢦓
𢦔
𢦕
𢦖
𢦗
𢦘
𢦙
𢦚
𢦛
𢦜
𢦝
𢦞
𢦟
𢦠
𢦡
𢦢
𢦣
𢦤
𢦥
𢦦
𢦧
𢦨
𢦩
𢦪
𢦫
𢦬
𢦭
𢦮
𢦯
𢦰
𢦱
𢦲
𢦳
𢦴
𢦵
𢦶
𢦷
𢦸
𢦹
𢦺
𢦻
𢦼
𢦽
𢦾
𢦿
𢧀
𢧁
𢧂
𢧃
𢧄
𢧅
𢧆
𢧇
𢧈
𢧉
𢧊
𢧋
𢧌
𢧍
𢧎
𢧏
𢧐
𢧑
𢧒
𢧓
𢧔
𢧕
𢧖
𢧗
𢧘
𢧙
𢧚
𢧛
𢧜
𢧝
𢧞
𢧟
𢧠
𢧡
𢧢
𢧣
𢧤
𢧥
𢧦
𢧧
𢧨
𢧩
𢧪
𢧫
𢧬
𢧭
𢧮
𢧯
𢧰
𢧱
𢧲
𢧳
𢧴
𢧵
𢧶
𢧷
𢧸
𢧹
𢧺
𢧻
𢧼
𢧽
𢧾
𢧿
𢨀
𢨁
𢨂
𢨃
𢨄
𢨅
𢨆
𢨇
𢨈
𢨉
𢨊
𢨋
𢨌
𢨍
𢨎
𢨏
𢨑
𢨒
𢨓
𢨔
𢨕
𢨖
𢨗
𢨘
𢨙
𢨚
𢨛
𢨜
𢨝
𢨞
𢨟
𢨠
𢨡
𢨢
𢨣
𪭉
𪭊
𪭋
𪭌
𪭍
𪭎
𪭏
𪭐
𪭑
𪭒
𪭓
𪭔
𪭕
𪭖
𪭗
𫠠
𫻦
𫻧
𫻨
𫻩
𫻪
𫻫
𫻬
𫻭
𫻮
𫻯
𫻰
𫻱
𫻲
𫻳
𫻴
𫻵
𫻶
𫻷
𫻸
𫻹
𫻺
𫻻
𫻼
𫻽
𫻾
𫻿
𫼀
𫼁
𫼂
𫼃
𫼄
𫼅
𫼆
𫼇
𫼈
𭟮
𭟯
𭟰
𭟱
𭟲
𭟳
𭟴
𭟵
𭟶
𭟷
𭟸
𭟹
𭟺
𭟻
𭟼
𭟽
𭟾
𭠍
𮲌
𮲍
𮲎
成
戛
𰒤
𰒥
𰒦
𰒧
𰒨
𰒩
𰒪
𰒫
𰒬
𰒭
𰒮
𰒯
𰒰
𰒱
𰒲
𰒳
𱟜
𱟝
𱟞
𱟟
𱟠
𱟡
𲡎
𲡏
𲡐
𲡑
𲡒
𲡓
𲡔
𲡕
𲫦