㕣
㘤
㛪
㜝
㝚
㠾
㤪
㤿
㥐
㥼
㦔
㫃
㫟
㬊
㬫
㭇
㭺
㰽
㱘
㱧
㳂
㴊
㵪
㶄
㶜
㷑
㷔
㷼
㸶
㺗
㽜
㾓
㿕
䀋
䀽
䁆
䁙
䄋
䅖
䅧
䈠
䌪
䎦
䏍
䑱
䖤
䗎
䗡
䗺
䘰
䘼
䛄
䛇
䛳
䛷
䞁
䟍
䡝
䢭
䣍
䤶
䤷
䥉
䦲
䨊
䩊
䩩
䪜
䬇
䬼
䱲
䲻
䳃
䳒
䳛
䳣
䴏
䵝
𠈢
𠍛
𠕤
𠖜
𠖣
𠘘
𠘭
𠛭
𠜟
𠜠
𠝃
𠝢
𠨛
𠨝
𠰸
𠱮
𠻤
𠾪
𡆼
𡇋
𡇺
𡇽
𡇿
𡈒
𡈓
𡈤
𡊮
𡖅
𡘍
𡘤
𡘹
𡙶
𡚇
𡟰
𡢊
𡣬
𡣽
𡤈
𡤸
𡨚
𡨾
𡩷
𡫻
𡬳
𡵴
𡷡
𡸥
𡹮
𡹶
𢂱
𢅠
𢆀
𢇈
𢉘
𢌨
𢍈
𢍔
𢏮
𢐄
𢔂
𢕱
𢖭
𢘈
𢘔
𢘖
𢛋
𢛪
𢜰
𢤍
𢯻
𢯼
𢰉
𢲀
𢴵
𢷻
𢸴
𣃧
𣃳
𣃴
𣃾
𣄉
𣄑
𣋅
𣝎
𣝓
𣟳
𣡕
𣡞
𣡶
𣨬
𣩙
𣭻
𣴸
𣴺
𣵨
𣶒
𣹠
𣼜
𣼞
𣼠
𣾬
𤀋
𤀵
𤂠
𤄝
𤅸
𤅿
𤇆
𤇟
𤊗
𤎟
𤏯
𤐞
𤑅
𤒦
𤖝
𤗍
𤗎
𤚕
𤜺
𤝌
𤝱
𤞣
𤟇
𤟗
𤟶
𤠔
𤡜
𤥎
𤬌
𤯇
𤯐
𤰓
𤲩
𤸹
𤹍
𤻩
𤼛
𥀬
𥈔
𥉛
𥍂
𥍻
𥚫
𥜒
𥣘
𥤟
𥤴
𥥣
𥦍
𥦦
𥦩
𥧛
𥭞
𥰟
𥴿
𥶿
𥷀
𥿎
𦁏
𦁙
𦆀
𦇾
𦋙
𦎣
𦑎
𦑙
𦖈
𦖧
𦛔
𦛣
𦝪
𦣪
𦣾
𦥿
𦧡
𦨨
𦫢
𦿂
𧊔
𧍢
𧎘
𧓱
𧙮
𧞣
𧧁
𧩷
𧫊
𧮃
𧮲
𧯡
𧯳
𧳭
𧹬
𧺅
𧻚
𧼉
𧽉
𧽞
𧾤
𨀔
𨀮
𨁹
𨂁
𨆁
𨉝
𨍞
𨒂
𨒄
𨓯
𨕐
𨕗
𨖳
𨖸
𨙨
𨟹
𨡎
𨡣
𨣎
𨣻
𨤎
𨵀
𨵁
𨵿
𨶁
𨷽
𨸮
𨺆
𨺥
𨻂
𨻳
𨽑
𩀀
𩁵
𩃀
𩃗
𩊁
𩌑
𩍻
𩎝
𩎺
𩔃
𩗷
𩘍
𩛟
𩝜
𩝤
𩞚
𩟁
𩣲
𩣵
𩩶
𩪴
𩫧
𩳢
𩷑
𩹎
𩹽
𩻖
𩼴
𩾏
𩾢
𪀈
𪀝
𪂈
𪂭
𪃘
𪃰
𪈉
𪉟
𪉩
𪋅
𪎛
𪒞
𪒠
𪔅
𪔗
𪔙
𪔥
𪔱
𪕤
𪛏
𪻅
𫞘
𫞤
𫞱
𫟍
𫟨
𫠔
𭀗
𭂾
𭅝
𭎕
𭎤
𭏛
𭓩
𭚒
𭚓
𭜥
𭞘
𭭽
𭮁
𭮱
𭴑
𭴚
𮏑
𮗂
𮞅
𮤚
𮭭
𢑑