㑜
㓹
㖂
㘇
㙠
㙪
㛳
㜲
㝣
㡕
㡫
㡼
㢍
㥷
㦣
㨕
㨹
㬌
㭇
㲊
㲟
㵝
㵧
㵩
㵬
㶈
㹭
㻰
㿘
㿮
䁐
䁝
䂱
䃜
䃷
䄁
䄿
䇦
䇩
䊔
䋝
䋵
䋼
䎈
䑉
䑍
䓲
䔽
䕍
䕦
䗟
䘙
䚆
䚢
䚷
䛖
䜜
䜭
䝟
䡺
䣐
䦫
䨍
䪯
䬬
䭊
䭗
䭘
䭨
𠂆
𠘷
𠝟
𠡋
𠡫
𠮉
𠯋
𠿣
𡈾
𡎶
𡏃
𡛶
𡛽
𡢔
𡢣
𡣇
𡣍
𡲝
𡺡
𢂼
𢄋
𢆈
𢇋
𢇚
𢇸
𢉬
𢊃
𢒬
𢖪
𢘽
𢣙
𢤨
𢥏
𢦣
𢪧
𣏀
𣕁
𣗐
𣘦
𣟅
𣤵
𣦲
𣨑
𣩉
𣫙
𣱐
𣱵
𣲜
𣹚
𣻯
𤌌
𤌒
𤍧
𤑒
𤜂
𤜉
𤟣
𤣎
𤤯
𤤺
𤦥
𤧧
𤬐
𤭫
𤮰
𤵺
𤸽
𤹜
𤹥
𤺦
𥀩
𥈠
𥏏
𥐑
𥥴
𥬺
𥯰
𥰰
𥶽
𥹞
𥼬
𦎣
𦏍
𦏚
𦏝
𦐕
𦐞
𦐪
𦐫
𦒎
𦔃
𦖽
𦘓
𦝚
𦝲
𦠉
𦡺
𦢼
𦥙
𦦿
𦨤
𦨬
𦨺
𦭮
𦴇
𦹦
𦺁
𦾵
𧃥
𧅋
𧊣
𧊯
𧕍
𧘉
𧘊
𧘯
𧙟
𧛨
𧛲
𧜟
𧜤
𧟼
𧢂
𧥨
𧫦
𧬇
𧭓
𧯀
𧲔
𧲝
𧲞
𧳙
𧶹
𨊢
𨋯
𨎥
𨙼
𨜏
𨟙
𨠕
𨤂
𨦣
𨧿
𨫍
𨵛
𨻊
𨻏
𩂒
𩄪
𩊒
𩋛
𩓙
𩖍
𩘑
𩘕
𩥯
𩮵
𩳍
𩹅
𩹮
𪀕
𪃌
𪐚
𪐣
𪐭
𪑭
𪒖
𪕭
𪺊
𫏄
𫞯
𫞰
𫟘
𫟙
𬠘
𬻥
𬽃
𭀘
𭀙
𭀜
𭛝
𭧟
𭨘
𭱚
𭸼
𮎦
𮎧
𮕺
𮘡
𮟃
𮦟