㓔
㕐
㖿
㚗
㝍
㠺
㡸
㣾
㦋
㨋
㪥
㲚
㴬
㵃
㵔
㵼
㷢
㸙
㸺
㼮
㽨
㾚
㾝
䀅
䂞
䄕
䉣
䑡
䓉
䔑
䗪
䞣
䟕
䠶
䣃
䣄
䤬
䤳
䥱
䦈
䩖
䩾
䬷
䰞
䰩
䵘
䵦
䵭
𠅱
𠌮
𠚺
𠦴
𠩎
𠭯
𡃂
𡄢
𡬤
𡭥
𡷖
𢄄
𢇗
𢉃
𢎤
𢗭
𢲶
𢶌
𢼜
𢽀
𣇧
𣒄
𣛘
𣝒
𣞐
𣩈
𣬕
𣴳
𣴷
𣶋
𣶤
𣸚
𣹧
𣻐
𣻠
𣽜
𤆅
𤈩
𤋯
𤑨
𤒗
𤙱
𤚑
𤜣
𤞡
𤟽
𤠭
𤯈
𤯋
𤹡
𤺎
𤺔
𥁹
𥍸
𥑡
𥔡
𥕑
𥘦
𥙭
𥙲
𥝀
𥡧
𥦼
𥰭
𥶘
𥹁
𥿊
𦀛
𦊕
𦊩
𦋽
𦋾
𦔯
𦖐
𦛧
𦜡
𦟰
𦧶
𦭿
𦯙
𦯬
𦰳
𦳃
𦳏
𦴍
𧀹
𧃫
𧌊
𧌋
𧌖
𧐚
𧓺
𧘪
𧙝
𧛼
𧝫
𧞝
𧢷
𧨊
𧨿
𧪘
𧪰
𧫗
𧬄
𧭠
𧭧
𧮿
𧴳
𧶟
𧻀
𧻧
𨀠
𨈡
𨉛
𨋓
𨏖
𨖥
𨛭
𨢃
𨢦
𨣍
𨣮
𨧯
𨰵
𨲠
𨲻
𨶶
𩊮
𩑐
𩒷
𩜉
𩤜
𩩗
𩬟
𩴟
𪋙
𪋧
𪌮
𪗬
𬉹
𭂁
𭉈
𮌋
𤏽
𤘲
𪨎
㚒
㚖
㛫
㛭
㜰
㝜
㣿
㥽
㩇
㩍
㩱
㪕
㫺
㬭
㮦
㱤
㳻
㵶
㹱
㽚
㾊
䁺
䁻
䂃
䂹
䃊
䅴
䅵
䇎
䇿
䊂
䐚
䐱
䖨
䗩
䘸
䚍
䜺
䞠
䞰
䞽
䟄
䟏
䣢
䧿
䨛
䨥
䯜
䱜
䳭
䵠
䵱
䶂
𠋲
𠕢
𠗼
𠙘
𠞿
𠣐
𠧚
𠧵
𠨺
𠪮
𠴭
𠻘
𡁇
𡂓
𡠽
𡣪
𡤤
𡩡
𡫁
𡬠
𡯴
𡽞
𢔠
𢗇
𢜣
𢞮
𢧠
𢱢
𢱣
𢽸
𣀝
𣆑
𣌧
𣏐
𣖷
𣚔
𣛵
𣜇
𣝣
𣡫
𣽤
𤁢
𤄶
𤎙
𤏸
𤓄
𤓈
𤓡
𤜩
𤡡
𤢧
𤢴
𤸴
𤹠
𤻲
𤿃
𤿋
𥀟
𥃫
𥉷
𥋯
𥍡
𥍱
𥎍
𥖛
𥖫
𥥼
𥧀
𥩢
𥪶
𥮥
𥯧
𥯩
𥰡
𥰼
𥴹
𥹤
𥺚
𥻨
𥻬
𥼶
𦅕
𦅾
𦈀
𦔥
𦟜
𦫓
𦳮
𦳵
𦵪
𦵫
𦵾
𦸗
𧈈
𧊬
𧋐
𧌐
𧌥
𧏸
𧐐
𧐶
𧘑
𧙞
𧜥
𧠪
𧧩
𧺠
𧻕
𧽦
𧾀
𨖊
𨛳
𨰜
𨰤
𨹾
𩁆
𩂖
𩂨
𩂺
𩃑
𩄾
𩊯
𩌪
𩒄
𩔳
𩗱
𩘝
𩟧
𩤈
𩭡
𩮛
𩮜
𩰣
𩰥
𩰦
𩰧
𩰨
𩲃
𩺀
𩻶
𩾟
𩾼
𩿞
𩿪
𪃅
𪄸
𪉗
𪎒
𪏈
𪏨
𪒑
𪖀
𪚇
𬉹
𭣯
𭦃
𭶒
𮈱
𮡱
𮣏
𮥺
𮫗
𦙤
𬌼