㐇
㐈
㐉
㐊
㐋
㐌
㐍
㐎
㐏
㐐
㐑
㐒
㐓
㐔
㐕
㐖
㐗
㐘
㐙
㐚
㐛
㐜
㐝
㐞
㐟
㐠
㐡
㐢
㐣
㐤
㐥
㐦
乛
乜
习
乣
乤
乥
书
乧
乨
乪
乫
乬
乭
乮
乯
买
乲
乴
乵
乶
乷
乸
乹
乺
乻
乼
乽
乿
亁
亃
亄
朰
氹
龴
亂
𠁾
𠂸
𠃉
𠃊
𠃋
𠃌
𠃍
𠃎
𠃏
𠃐
𠃑
𠃒
𠃓
𠃔
𠃕
𠃖
𠃗
𠃘
𠃙
𠃚
𠃛
𠃜
𠃝
𠃞
𠃟
𠃠
𠃡
𠃢
𠃣
𠃤
𠃥
𠃦
𠃧
𠃨
𠃩
𠃪
𠃬
𠃭
𠃮
𠃯
𠃲
𠃳
𠃴
𠃵
𠃶
𠃷
𠃸
𠃹
𠃺
𠃻
𠃼
𠃽
𠃾
𠃿
𠄀
𠄁
𠄂
𠄃
𠄄
𠄅
𠄆
𠄇
𠄈
𠄉
𠄊
𠄋
𠄎
𠧝
𢆡
𤱡
𥝀
𪜐
𪜑
𪜒
𪜓
𪜔
𪜕
𪜖
𪜗
𪜘
𪜙
𪜚
𪜛
𫡢
𫡣
𫡤
𫡥
𫡦
𫡧
𫡨
𫡩
𫡪
𫡫
𫡬
𫡭
𫡮
𫡯
𫡰
𬼖
𬼗
𬼘
𬼙
𬼚
𬼛
𬼜
𬼝
𬼞
𬼟
𬼠
𬼡
𬼢
𬼣
𬼤
𬼥
𬼦
𬼧
𬼨
𬼩
𬼪
𬼫
𬼬
𬼭
𬼮
𬼯
𬼰
𬼱
𬼲
𬼳
𬼴
𬼵
𮰙
𰀰
𰀱
𰀲
𰀳
𰀴
𰀵
𰀶
𰀷
𰀸
𰀹
𰀺
𰀻
𰀼
𰀽
𰀾
𰀿
𰁀
𰁁
𰁂
𰁃
𰁄
𰁅
𰁆
𰁇
𰁈
𰁉
𰁊
𰁋
𰁌
𰁍
𰁎
𰁏
𰁐
𰁑
𱎀
𱎁
𱎂
𱎃
𱎄
𱎅
𱎆
𱎇
𱎈
𱎉
𱎊
𱎋
𱎌
𱎍
𱎎
𱎏
𱎐
𲏆
𲏇
𲏈
𲏉
𲏊
𲏋
𲏌
𲏍
𲏎
𲏏
𲏐
𲏑
𲏒
𲏓
𲏔
𲏕
𲏖
𲏗
𲏘
𲏙
𲏚
𲏛
𲏜
𲏝
𲏞
𲏟
𲏠
𲏡
𲏢
𲏣
𲏤
𲏥
𲏦
𲏧
𲏨
𲏩
𲏪
𲏫
𲏬
𲏭
𲏮
𲏯
𲏰
𲏱
𲏲
𲏳
𲏴
𲏵
𲏶
𲏷
𲏸
𲏹
𲏺
𲏻
𲏼
𲏽
𲏾
𲏿
𲐀
𲘞
𲚯