㓾
㛓
㞴
㣥
㥡
㨁
㨖
㮹
㯰
㲛
㴛
㷰
㿂
䄺
䆈
䈚
䉜
䊓
䌤
䓜
䓡
䕌
䙙
䙾
䚦
䛱
䜄
䜉
䝐
䝰
䝷
䞃
䞾
䟡
䠦
䠧
䣽
䦯
䧝
䩶
䪧
䬜
䮈
䰡
䵹
䶔
䶵
𠈴
𠊤
𠊷
𠋞
𠌬
𠍪
𠍰
𠏂
𠚅
𠞄
𠩺
𠰅
𠱟
𡁂
𡂙
𡉪
𡉬
𡉳
𡌞
𡍑
𡍓
𡍶
𡎍
𡎰
𡏇
𡑘
𡒿
𡓬
𡖟
𡙑
𡭒
𡱐
𡳭
𡴥
𡵮
𢂝
𢅁
𢇻
𢊁
𢍧
𢏯
𢏶
𢐂
𢓎
𢔊
𢕞
𢛍
𢣕
𢦱
𢯯
𢰙
𢲹
𢲽
𢴠
𢴧
𢴨
𢷐
𢷸
𢻙
𢽃
𢾂
𢾫
𣇦
𣉻
𣐃
𣐉
𣒺
𣘜
𣙰
𣚠
𣚩
𣠝
𣥰
𣧞
𣱐
𣲋
𣳮
𣹡
𤅴
𤆒
𤈔
𤙪
𤞝
𤡢
𤢌
𤢒
𤦮
𤴝
𤴡
𤴢
𤵁
𤵋
𤶢
𤸓
𤾞
𥁼
𥇭
𥎵
𥎿
𥏄
𥏷
𥏼
𥏾
𥝑
𥝮
𥠽
𥣦
𥬌
𥭘
𥰽
𥳳
𥴒
𥴢
𥹩
𥺡
𥻿
𥼝
𦁥
𦂋
𦃘
𦅧
𦆣
𦋘
𦋲
𦌃
𦌖
𦌤
𦎋
𦏸
𦙁
𦙘
𦙠
𦝔
𦟔
𦠋
𦡬
𦤹
𦤺
𦥊
𦥋
𦥐
𦯯
𦱰
𦳙
𦳻
𧂓
𧇧
𧈨
𧉀
𧉘
𧋈
𧋗
𧎖
𧎨
𧏁
𧏔
𧐉
𧐏
𧖛
𧚜
𧛢
𧛺
𧜚
𧝉
𧞽
𧠴
𧣭
𧤍
𧤡
𧤧
𧤫
𧨇
𧩚
𧩴
𧩼
𧭋
𧭟
𧳃
𧳋
𧴁
𧴴
𧵇
𧶱
𧸅
𧸲
𧹀
𧺏
𧼥
𨀭
𨁷
𨂄
𨂤
𨂬
𨆑
𨆦
𨆧
𨆨
𨆫
𨇈
𨍀
𨎉
𨎌
𨎐
𨎘
𨏅
𨏑
𨏡
𨑉
𨒈
𨒉
𨕕
𨖋
𨘾
𨢮
𨢰
𨨲
𨬚
𨸞
𨻆
𨻐
𨼑
𨿘
𨿛
𩋩
𩍵
𩗨
𩘉
𩚉
𩤖
𩬺
𩱹
𩲥
𩲫
𩲶
𩳀
𩳁
𩳂
𩳕
𩳩
𩴭
𩹈
𪁩
𪁰
𪅊
𪌹
𪏀
𪏐
𪐑
𪑜
𪗩
𪗪
𪛍
𪛔
𬽮
𭆆
𭆉
𭗓
𭻿
𮍠
𮕜
𮪜
𮮠