㞋
㞌
㞎
㞏
㞐
㞑
㞒
㞓
㞔
㞕
㞖
㞗
㞘
㞙
㞚
㞛
㞜
㞝
㞞
㞟
㞠
㞡
层
屃
屄
屇
屉
屌
屒
屔
屖
屗
屘
屙
屚
屜
屝
屦
屪
屫
屭
屢
尿
履
𡰣
𡰤
𡰥
𡰦
𡰧
𡰨
𡰩
𡰪
𡰫
𡰬
𡰭
𡰮
𡰯
𡰰
𡰱
𡰲
𡰳
𡰴
𡰵
𡰶
𡰷
𡰸
𡰹
𡰺
𡰻
𡰼
𡰽
𡰾
𡰿
𡱀
𡱁
𡱂
𡱃
𡱄
𡱅
𡱆
𡱇
𡱈
𡱉
𡱊
𡱋
𡱌
𡱍
𡱎
𡱏
𡱐
𡱑
𡱒
𡱓
𡱔
𡱕
𡱗
𡱘
𡱙
𡱚
𡱛
𡱜
𡱝
𡱞
𡱟
𡱠
𡱡
𡱢
𡱣
𡱤
𡱥
𡱦
𡱧
𡱨
𡱩
𡱪
𡱫
𡱬
𡱭
𡱮
𡱯
𡱰
𡱱
𡱲
𡱳
𡱴
𡱵
𡱶
𡱷
𡱸
𡱹
𡱺
𡱻
𡱼
𡱽
𡱾
𡱿
𡲀
𡲁
𡲂
𡲃
𡲄
𡲅
𡲆
𡲇
𡲈
𡲉
𡲊
𡲋
𡲌
𡲍
𡲎
𡲏
𡲐
𡲑
𡲒
𡲓
𡲔
𡲕
𡲖
𡲗
𡲘
𡲙
𡲚
𡲛
𡲜
𡲝
𡲞
𡲟
𡲠
𡲡
𡲢
𡲣
𡲤
𡲥
𡲦
𡲧
𡲨
𡲩
𡲪
𡲫
𡲬
𡲭
𡲮
𡲯
𡲰
𡲱
𡲲
𡲳
𡲴
𡲵
𡲶
𡲷
𡲸
𡲹
𡲺
𡲻
𡲼
𡲽
𡲾
𡲿
𡳀
𡳁
𡳂
𡳃
𡳄
𡳅
𡳆
𡳇
𡳈
𡳉
𡳊
𡳋
𡳌
𡳍
𡳎
𡳏
𡳐
𡳑
𡳒
𡳓
𡳔
𡳕
𡳖
𡳗
𡳘
𡳙
𡳚
𡳛
𡳜
𡳝
𡳞
𡳟
𡳠
𡳡
𡳢
𡳣
𡳤
𡳥
𡳦
𡳧
𡳨
𡳩
𡳪
𡳫
𡳬
𡳭
𡳮
𡳯
𡳰
𡳱
𡳲
𡳳
𡳴
𡳵
𡳶
𡳷
𡳸
𡳹
𡳺
𡳻
𡳼
𡳽
𢇀
𪛛
𪨉
𪨊
𪨋
𪨌
𪨍
𪨎
𪨏
𪨐
𪨑
𪨒
𪨓
𪨔
𪨕
𪨖
𪨗
𪨘
𪨙
𪨚
𪨛
𪨜
𪨝
𪨞
𪨟
𪨠
𪨡
𫝲
𫵓
𫵔
𫵕
𫵖
𫵗
𫵘
𫵙
𫵚
𫵛
𫵜
𫵝
𫵞
𫵟
𫵠
𫵡
𫵢
𫵣
𫵤
𫵥
𫵦
𫵧
𫵨
𫵩
𫵪
𫵫
𫵬
𫵭
𭕔
𭕕
𭕖
𭕗
𭕘
𭕙
𭕚
𭕛
𭕜
𭕝
𭕞
𭕟
𭕠
𭕡
𭕢
𭕣
𭕤
𭕥
𭕦
𭕧
𭕨
𭕩
𭕪
𭕫
𭕬
𭕭
𭕮
𭕯
𭕰
𭕱
𭕲
𭕳
𭕴
𭕵
𭕶
𭕷
𭕸
𭕹
𭕺
𭕻
𭕼
𭕽
屠
𰍰
𰍱
𰍲
𰍳
𰍴
𰍵
𰍶
𰍷
𰍸
𰍹
𰍺
𰍻
𰍼
𰍽
𰍾
𰍿
𰎀
𰎁
𰎂
𰎃
𰎄
𰎅
𰎆
𰎇
𱚰
𱚱
𱚲
𱚳
𱚴
𱚵
𱚶
𱚷
𱚸
𱚹
𱚺
𱚻
𱚼
𱚽
𱚾
𱚿
𱛀
𱛁
𱛂
𱛃