㔗
㜫
㜷
㝥
㞑
㟜
㠧
㡙
㢰
㣁
㣆
㣲
㥝
㧙
㭑
㮰
㯅
㳽
㵟
㷶
㸏
㹃
㼰
㿙
䃾
䅏
䆊
䆏
䇻
䈈
䉋
䉠
䉲
䊊
䊳
䌕
䍘
䏶
䓺
䕗
䕳
䖩
䘡
䙿
䞔
䠋
䤏
䥩
䥸
䨽
䨾
䩀
䫁
䫠
䬿
䭧
䰨
䲹
䴽
𠃰
𠆟
𠈍
𠍨
𠗍
𠞧
𠠣
𠢥
𠨸
𠪃
𠵸
𡉏
𡊺
𡌦
𡌨
𡛗
𡝠
𡝡
𡡚
𡡾
𡬍
𡱓
𡱕
𡱲
𡲵
𡳻
𡶎
𡷕
𡺮
𡻥
𡾱
𢇲
𢇳
𢊵
𢌑
𢍂
𢏱
𢐶
𢑀
𢑃
𢑘
𢑙
𢑛
𢕧
𢖥
𢖬
𢘺
𢥐
𢾺
𣁋
𣁫
𣏕
𣐐
𣓂
𣖰
𣖾
𣟸
𣧶
𣮮
𣶿
𣼙
𣽪
𣾨
𤃰
𤃱
𤅤
𤅹
𤓒
𤖤
𤗩
𤘢
𤘹
𤙳
𤚤
𤛎
𤜻
𤝝
𤦀
𤩣
𤰇
𤰈
𤱮
𤲄
𤹝
𤹲
𤺕
𤻖
𥅕
𥅮
𥇆
𥇎
𥇮
𥈕
𥈗
𥉓
𥌃
𥎖
𥒮
𥤻
𥦤
𥧌
𥧙
𥧴
𥯡
𥰙
𥴔
𥵨
𥵸
𥶫
𥸀
𥹄
𥹆
𥹹
𥺢
𥽰
𥿫
𦃋
𦄐
𦊁
𦊮
𦊾
𦖬
𦗃
𦗕
𦘺
𦞟
𦤫
𦭼
𦯛
𦯞
𦰴
𦱨
𦳈
𦵨
𦹽
𦼻
𧃧
𧄸
𧌘
𧑈
𧑜
𧕿
𧗬
𧙁
𧢒
𧢓
𧳏
𧳬
𧳴
𧹈
𧹧
𨇻
𨈚
𨉭
𨐂
𨚘
𨛬
𨞅
𨣿
𨧮
𨨮
𨲼
𨸔
𨻼
𩁖
𩇪
𩇯
𩉫
𩊙
𩋿
𩎧
𩑵
𩓄
𩖏
𩗘
𩜗
𩞁
𩞇
𩣚
𩩙
𩫍
𩰞
𩰲
𩱿
𩲀
𩲈
𩲉
𩲐
𩲑
𩲝
𩲢
𩲿
𩳟
𩳪
𩴎
𩸹
𩼌
𩿥
𪈕
𪊕
𪋢
𪌈
𪎓
𪎔
𪎕
𪎖
𪎗
𪎦
𪎭
𪎰
𪐎
𪕈
𪿢
𫟈
𭕘
𭗒
𭚶
𭛅
𮊒
𮊓
𮊢
𮝻
𮮰
𮮱
𮮲
𮮳
𮮴
𮮵