䖝
䖞
䖟
䖠
䖡
䖢
䖣
䖤
䖥
䖦
䖧
䖨
䖩
䖪
䖫
䖬
䖭
䖮
䖯
䖰
䖱
䖲
䖳
䖴
䖵
䖶
䖷
䖸
䖹
䖺
䖻
䖼
䖽
䖾
䖿
䗀
䗁
䗂
䗃
䗄
䗅
䗆
䗇
䗈
䗉
䗊
䗋
䗌
䗍
䗎
䗏
䗐
䗑
䗒
䗓
䗔
䗕
䗖
䗗
䗘
䗙
䗚
䗛
䗜
䗝
䗞
䗟
䗠
䗡
䗢
䗣
䗤
䗥
䗦
䗧
䗨
䗩
䗪
䗫
䗬
䗭
䗮
䗯
䗰
䗱
䗲
䗳
䗴
䗵
䗶
䗷
䗸
䗹
䗺
䗻
䗼
䗽
䗾
䗿
䘀
䘁
䘂
䘃
䘄
䘅
䘆
䘇
䘈
䘉
䘊
䘋
䘌
䘍
䘎
虬
虭
虮
虯
虰
虲
虳
虴
虵
虶
虷
虸
虺
虼
虽
虾
虿
蚀
蚁
蚂
蚃
蚄
蚅
蚆
蚇
蚈
蚉
蚍
蚎
蚏
蚐
蚑
蚒
蚔
蚖
蚗
蚘
蚙
蚚
蚛
蚜
蚝
蚞
蚟
蚠
蚡
蚢
蚥
蚦
蚧
蚨
蚬
蚭
蚮
蚱
蚲
蚳
蚴
蚵
蚷
蚸
蚹
蚺
蚻
蚼
蚽
蚾
蚿
蛀
蛁
蛂
蛃
蛅
蛈
蛊
蛌
蛏
蛐
蛑
蛒
蛓
蛕
蛖
蛗
蛘
蛚
蛜
蛝
蛠
蛡
蛢
蛣
蛥
蛦
蛧
蛨
蛪
蛫
蛰
蛱
蛲
蛳
蛴
蛵
蛶
蛷
蛺
蛼
蛽
蛿
蜁
蜄
蜅
蜇
蜋
蜌
蜎
蜏
蜐
蜓
蜔
蜕
蜖
蜗
蜙
蜛
蜝
蜞
蜟
蜠
蜡
蜢
蜣
蜤
蜦
蜧
蜨
蜪
蜫
蜬
蜭
蜮
蜯
蜰
蜱
蜲
蜳
蜵
蜶
蜸
蜹
蜺
蜼
蜽
蜾
蝀
蝁
蝂
蝃
蝄
蝅
蝆
蝇
蝈
蝊
蝍
蝏
蝐
蝑
蝒
蝔
蝖
蝘
蝚
蝛
蝜
蝝
蝞
蝡
蝢
蝤
蝥
蝧
蝩
蝫
蝬
蝭
蝯
蝰
蝱
蝲
蝳
蝵
蝷
蝹
蝺
蝻
蝼
蝽
蝾
螀
螁
螃
螄
螅
螆
螇
螈
螉
螊
螋
螌
螎
螏
螐
螑
螒
螓
螔
螕
螖
螗
螘
螙
螚
螛
螜
螝
螞
螠
螡
螣
螤
螥
螦
螧
螨
螩
螪
螬
螭
螮
螰
螱
螲
螴
螵
螶
螷
螸
螹
螼
螾
螿
蟁
蟂
蟃
蟅
蟈
蟉
蟊
蟌
蟍
蟎
蟏
蟑
蟓
蟔
蟕
蟖
蟗
蟘
蟙
蟚
蟛
蟜
蟝
蟞
蟟
蟡
蟢
蟣
蟤
蟥
蟦
蟧
蟨
蟩
蟪
蟫
蟬
蟭
蟮
蟰
蟱
蟳
蟴
蟵
蟸
蟺
蟼
蟽
蟿
蠀
蠁
蠂
蠃
蠄
蠆
蠇
蠈
蠉
蠊
蠋
蠌
蠐
蠒
蠓
蠔
蠗
蠘
蠙
蠚
蠛
蠜
蠝
蠞
蠟
蠠
蠤
蠥
蠦
蠨
蠩
蠪
蠫
蠬
蠭
蠮
蠯
蠰
蠲
蠳
蠴
蠵
蠷
蠸
蠺
蠼
蠽
蠾
蠿
螺
蠟
﨡
蝹
𠑴
𡯥
𢋜
𧈝
𧈞
𧈟
𧈠
𧈡
𧈢
𧈣
𧈤
𧈥
𧈦
𧈧
𧈨
𧈩
𧈪
𧈫
𧈬
𧈭
𧈮
𧈯
𧈰
𧈱
𧈲
𧈳
𧈴
𧈵
𧈶
𧈷
𧈸
𧈹
𧈺
𧈻
𧈼
𧈽
𧈾
𧈿
𧉀
𧉁
𧉂
𧉃
𧉄
𧉅
𧉆
𧉇
𧉈
𧉉
𧉊
𧉋
𧉌
𧉍
𧉎
𧉏
𧉐
𧉑
𧉒
𧉓
𧉔
𧉕
𧉖
𧉗
𧉘
𧉙
𧉚
𧉛
𧉜
𧉝
𧉞
𧉟
𧉠
𧉡
𧉢
𧉣
𧉤
𧉥
𧉦
𧉧
𧉨
𧉩
𧉪
𧉫
𧉬
𧉭
𧉮
𧉯
𧉰
𧉱
𧉲
𧉳
𧉴
𧉵
𧉶
𧉷
𧉸
𧉹
𧉺
𧉻
𧉼
𧉽
𧉾
𧉿
𧊀
𧊁
𧊂
𧊃
𧊄
𧊅
𧊆
𧊇
𧊈
𧊉
𧊊
𧊋
𧊌
𧊍
𧊎
𧊏
𧊐
𧊑
𧊒
𧊓
𧊔
𧊕
𧊖
𧊗
𧊘
𧊙
𧊚
𧊛
𧊜
𧊝
𧊞
𧊟
𧊠
𧊡
𧊢
𧊣
𧊤
𧊥
𧊦
𧊧
𧊨
𧊩
𧊪
𧊫
𧊬
𧊭
𧊮
𧊯
𧊰
𧊱
𧊲
𧊳
𧊴
𧊵
𧊶
𧊷
𧊸
𧊹
𧊺
𧊻
𧊼
𧊽
𧊾
𧊿
𧋀
𧋁
𧋂
𧋃
𧋄
𧋅
𧋆
𧋇
𧋈
𧋉
𧋊
𧋋
𧋌
𧋍
𧋎
𧋏
𧋐
𧋑
𧋒
𧋓
𧋔
𧋕
𧋖
𧋗
𧋘
𧋙
𧋚
𧋛
𧋜
𧋝
𧋞
𧋟
𧋠
𧋡
𧋢
𧋣
𧋤
𧋥
𧋦
𧋧
𧋨
𧋩
𧋪
𧋫
𧋬
𧋭
𧋮
𧋯
𧋰
𧋱
𧋲
𧋳
𧋴
𧋵
𧋶
𧋷
𧋸
𧋹
𧋺
𧋻
𧋼
𧋽
𧋾
𧋿
𧌀
𧌁
𧌂
𧌃
𧌄
𧌅
𧌆
𧌇
𧌈
𧌉
𧌊
𧌋
𧌌
𧌍
𧌎
𧌏
𧌐
𧌑
𧌒
𧌓
𧌔
𧌕
𧌖
𧌗
𧌘
𧌙
𧌚
𧌛
𧌜
𧌝
𧌞
𧌟
𧌠
𧌡
𧌢
𧌣
𧌤
𧌥
𧌦
𧌧
𧌨
𧌩
𧌪
𧌫
𧌬
𧌭
𧌮
𧌯
𧌰
𧌱
𧌲
𧌳
𧌴
𧌵
𧌶
𧌷
𧌸
𧌹
𧌺
𧌻
𧌼
𧌽
𧌾
𧌿
𧍀
𧍁
𧍂
𧍃
𧍄
𧍅
𧍆
𧍇
𧍈
𧍉
𧍊
𧍋
𧍌
𧍍
𧍎
𧍏
𧍐
𧍑
𧍒
𧍓
𧍔
𧍕
𧍖
𧍗
𧍘
𧍙
𧍚
𧍛
𧍜
𧍝
𧍞
𧍟
𧍠
𧍡
𧍢
𧍣
𧍤
𧍥
𧍦
𧍧
𧍨
𧍩
𧍪
𧍫
𧍬
𧍭
𧍮
𧍯
𧍰
𧍱
𧍲
𧍳
𧍴
𧍵
𧍶
𧍷
𧍸
𧍹
𧍺
𧍻
𧍼
𧍽
𧍾
𧍿
𧎀
𧎁
𧎂
𧎃
𧎄
𧎅
𧎆
𧎇
𧎈
𧎉
𧎊
𧎋
𧎌
𧎍
𧎎
𧎏
𧎐
𧎑
𧎒
𧎓
𧎔
𧎕
𧎖
𧎗
𧎘
𧎙
𧎚
𧎛
𧎜
𧎝
𧎞
𧎟
𧎠
𧎡
𧎢
𧎣
𧎤
𧎥
𧎦
𧎧
𧎨
𧎩
𧎪
𧎫
𧎬
𧎭
𧎮
𧎯
𧎰
𧎱
𧎲
𧎳
𧎴
𧎵
𧎶
𧎷
𧎸
𧎹
𧎺
𧎻
𧎼
𧎽
𧎾
𧎿
𧏀
𧏁
𧏂
𧏃
𧏄
𧏅
𧏆
𧏇
𧏈
𧏉
𧏊
𧏋
𧏌
𧏍
𧏎
𧏏
𧏐
𧏑
𧏒
𧏓
𧏔
𧏕
𧏖
𧏗
𧏘
𧏙
𧏚
𧏛
𧏜
𧏝
𧏞
𧏟
𧏠
𧏡
𧏢
𧏣
𧏤
𧏥
𧏦
𧏧
𧏨
𧏩
𧏪
𧏫
𧏬
𧏭
𧏮
𧏯
𧏰
𧏱
𧏲
𧏳
𧏴
𧏵
𧏶
𧏷
𧏸
𧏹
𧏺
𧏻
𧏼
𧏽
𧏾
𧏿
𧐀
𧐁
𧐂
𧐃
𧐄
𧐅
𧐆
𧐇
𧐈
𧐉
𧐊
𧐋
𧐌
𧐍
𧐎
𧐏
𧐐
𧐑
𧐒
𧐓
𧐔
𧐕
𧐖
𧐗
𧐘
𧐙
𧐚
𧐛
𧐜
𧐝
𧐞
𧐟
𧐠
𧐡
𧐢
𧐣
𧐤
𧐥
𧐦
𧐧
𧐨
𧐩
𧐪
𧐫
𧐬
𧐭
𧐮
𧐯
𧐱
𧐲
𧐳
𧐴
𧐵
𧐶
𧐷
𧐸
𧐹
𧐺
𧐻
𧐼
𧐽
𧐾
𧐿
𧑀
𧑁
𧑂
𧑃
𧑄
𧑅
𧑆
𧑇
𧑈
𧑉
𧑊
𧑋
𧑌
𧑍
𧑎
𧑏
𧑐
𧑑
𧑒
𧑓
𧑔
𧑕
𧑖
𧑗
𧑘
𧑙
𧑚
𧑛
𧑜
𧑝
𧑞
𧑟
𧑠
𧑡
𧑢
𧑣
𧑤
𧑥
𧑦
𧑧
𧑨
𧑩
𧑪
𧑫
𧑬
𧑭
𧑮
𧑯
𧑰
𧑱
𧑲
𧑳
𧑴
𧑵
𧑶
𧑷
𧑸
𧑹
𧑺
𧑻
𧑼
𧑽
𧑾
𧑿
𧒀
𧒁
𧒂
𧒃
𧒄
𧒅
𧒆
𧒇
𧒈
𧒉
𧒊
𧒋
𧒌
𧒍
𧒎
𧒏
𧒐
𧒑
𧒒
𧒓
𧒔
𧒕
𧒖
𧒗
𧒘
𧒙
𧒚
𧒛
𧒜
𧒝
𧒞
𧒟
𧒠
𧒡
𧒢
𧒣
𧒤
𧒥
𧒦
𧒧
𧒨
𧒩
𧒪
𧒫
𧒬
𧒭
𧒮
𧒯
𧒰
𧒱
𧒲
𧒳
𧒴
𧒵
𧒶
𧒷
𧒸
𧒹
𧒺
𧒻
𧒼
𧒽
𧒾
𧒿
𧓀
𧓁
𧓂
𧓃
𧓄
𧓅
𧓆
𧓇
𧓈
𧓉
𧓊
𧓋
𧓌
𧓍
𧓎
𧓏
𧓐
𧓑
𧓒
𧓓
𧓔
𧓕
𧓖
𧓗
𧓘
𧓙
𧓚
𧓛
𧓜
𧓝
𧓞
𧓟
𧓠
𧓡
𧓢
𧓣
𧓤
𧓥
𧓦
𧓧
𧓨
𧓩
𧓪
𧓫
𧓬
𧓭
𧓮
𧓯
𧓰
𧓱
𧓲
𧓳
𧓴
𧓵
𧓶
𧓷
𧓸
𧓹
𧓺
𧓻
𧓼
𧓽
𧓾
𧓿
𧔀
𧔁
𧔂
𧔃
𧔄
𧔅
𧔆
𧔇
𧔈
𧔉
𧔊
𧔋
𧔌
𧔍
𧔎
𧔏
𧔐
𧔑
𧔒
𧔓
𧔔
𧔕
𧔖
𧔗
𧔘
𧔙
𧔚
𧔛
𧔜
𧔝
𧔞
𧔟
𧔠
𧔡
𧔢
𧔣
𧔤
𧔥
𧔦
𧔧
𧔨
𧔩
𧔪
𧔫
𧔬
𧔭
𧔮
𧔯
𧔰
𧔱
𧔲
𧔳
𧔴
𧔵
𧔶
𧔷
𧔸
𧔹
𧔺
𧔻
𧔼
𧔽
𧔾
𧔿
𧕀
𧕁
𧕂
𧕃
𧕄
𧕅
𧕆
𧕇
𧕈
𧕉
𧕊
𧕋
𧕌
𧕍
𧕎
𧕏
𧕐
𧕑
𧕒
𧕓
𧕔
𧕕
𧕖
𧕗
𧕘
𧕙
𧕚
𧕛
𧕜
𧕝
𧕞
𧕟
𧕠
𧕡
𧕢
𧕣
𧕤
𧕥
𧕦
𧕧
𧕨
𧕩
𧕪
𧕫
𧕬
𧕭
𧕮
𧕯
𧕰
𧕱
𧕲
𧕳
𧕴
𧕵
𧕶
𧕷
𧕸
𧕹
𧕺
𧕻
𧕼
𧕽
𧕾
𧕿
𧖀
𧖁
𧖂
𧖃
𧖄
𧖅
𧖆
𧖇
𧖈
𧖉
𧖊
𧖋
𧖌
𧖍
𧖎
𧖏
𧖐
𧖑
𧖒
𧖓
𧖔
𧖕
𧖖
𧖗
𧖘
𧖙
𧖚
𧖛
𧖜
𧖝
𧖞
𧖟
𧖡
𧖢
𧖣
𧖤
𧖥
𧖦
𫊤
𫊥
𫊦
𫊧
𫊨
𫊩
𫊪
𫊫
𫊬
𫊭
𫊮
𫊯
𫊰
𫊱
𫊲
𫊳
𫊴
𫊵
𫊶
𫊷
𫊸
𫊹
𫊺
𫊻
𫊼
𫊽
𫊾
𫊿
𫋀
𫋁
𫋂
𫋃
𫋄
𫋅
𫋆
𫋇
𫋈
𫋉
𫋊
𫋋
𫋌
𫋍
𫋎
𫋏
𫋐
𫋑
𫋒
𫋓
𫋔
𫋕
𫋖
𫋗
𫋘
𫋙
𫋚
𫋛
𫋜
𫋝
𫋞
𫋟
𫋠
𫋡
𫋢
𫋣
𫋤
𫋥
𫋦
𫋧
𫋨
𫋩
𫟗
𬟴
𬟵
𬟶
𬟷
𬟸
𬟹
𬟺
𬟻
𬟼
𬟽
𬟾
𬟿
𬠀
𬠁
𬠂
𬠃
𬠄
𬠅
𬠆
𬠇
𬠈
𬠉
𬠊
𬠋
𬠌
𬠍
𬠎
𬠏
𬠐
𬠑
𬠒
𬠓
𬠔
𬠕
𬠖
𬠗
𬠘
𬠙
𬠚
𬠛
𬠜
𬠝
𬠞
𬠟
𬠠
𬠡
𬠢
𬠣
𬠤
𬠥
𬠦
𬠧
𬠨
𬠩
𬠪
𬠫
𬠬
𬠭
𬠮
𬠯
𬠰
𬠱
𬠲
𬠳
𬠴
𬠵
𬠶
𬠷
𬠸
𬠹
𬠺
𬠻
𮓰
𮓱
𮓲
𮓳
𮓴
𮓵
𮓶
𮓷
𮓸
𮓹
𮓺
𮓻
𮓼
𮓽
𮓾
𮓿
𮔀
𮔁
𮔂
𮔃
𮔄
𮔅
𮔆
𮔇
𮔈
𮔉
𮔊
𮔋
𮔌
𮔍
𮔎
𮔏
𮔐
𮔑
𮔒
𮔓
𮔔
𮔕
𮔖
𮔗
𮔘
𮔙
𮔚
𮔛
𮔜
𮔝
𮔞
𮔟
𮔠
𮔡
𮔢
𮔣
𮔤
𮔥
𮔦
𮔧
𮔨
𮔩
𮔪
𮔫
𮔬
𮔭
𮔮
𮔯
𮔰
𮔱
𮔲
𮔳
𮔴
𮔵
𮔶
𮔷
𮔸
𮔹
𮔺
𮔻
𮔼
𮔽
𮔾
𮔿
𮕀
𮕁
𮕂
𮕃
𮕄
𮕅
𮕆
𮕇
𮕈
𮕉
𮕊
𮕋
𮕌
𮕍
𮕎
𮕏
𮕐
𮕑
𮕒
𮕓
𮕔
𮕕
𮕖
𮕗
𮕘
𮕙
𮕚
𮕛
𮶻
𮶼
𮶽
𮶾
𧏊
蚩
蚈
蜎
蛢
蝹
蜨
蝫
螆
䗗
蟡
蠁
䗹
𰲩
𰲪
𰲫
𰲬
𰲭
𰲮
𰲯
𰲰
𰲱
𰲲
𰲳
𰲴
𰲵
𰲶
𰲷
𰲸
𰲹
𰲺
𰲻
𰲼
𰲽
𰲾
𰲿
𰳀
𰳁
𰳂
𰳃
𰳄
𰳅
𰳆
𰳇
𰳈
𰳉
𰳊
𰳋
𰳌
𰳍
𰳎
𰳏
𰳐
𰳑
𰳒
𰳓
𰳔
𰳕
𰳖
𰳗
𰳘
𰳙
𰳚
𰳛
𰳜
𰳝
𰳞
𰳟
𰳠
𰳡
𰳢
𰳣
𰳤
𰳥
𰳦
𱿘
𱿙
𱿚
𱿛
𱿜
𱿝
𱿞
𱿟
𱿠
𱿡
𱿢
𱿣
𱿤
𱿥
𱿦
𱿧
𱿨
𱿩
𱿪
𱿫
𱿬
𱿭
𱿮
𱿯
𱿰
𱿱
𱿲
𱿳
𱿴
𱿵
𱿶
𱿷
𱿸
𱿹
𱿺
𱿻
𱿼
𱿽
𱿾
𱿿
𲀀
𲀁
𲀂
𲀃
𲀄
𲀅
𲀆
𲀇
𲀈
𲀉
𲀊
𲀋
𲀌
𲀍
𲀎
𲀏
𲀐
𲀑
𲀒
𲀓
𲀔
𲀕
𲀖