㐲
㑷
㓳
㔸
㕍
㗍
㗓
㘆
㙂
㙵
㞂
㞜
㞭
㟋
㟎
㠆
㠚
㡗
㢂
㢈
㣍
㤗
㥆
㥭
㦅
㧳
㨃
㪆
㪓
㫝
㬃
㬣
㬱
㭽
㯂
㱣
㳷
㶡
㷘
㷟
㸀
㹗
㻖
㾯
㾼
㾽
㿃
㿉
㿗
䀃
䀸
䂙
䃍
䇏
䈆
䈚
䊚
䌡
䍉
䍕
䎮
䏄
䏨
䏲
䐎
䐭
䐱
䒫
䓁
䔶
䔹
䔻
䘍
䚞
䚟
䚢
䚣
䜃
䟡
䠠
䢑
䣟
䣬
䣽
䤻
䨨
䨴
䨺
䩚
䩟
䪆
䫋
䬈
䬫
䭔
䯟
䱱
䲦
䶏
䶑
𠂤
𠏮
𠏰
𠑍
𠘲
𠜑
𠞄
𠡒
𠥸
𠦗
𠩬
𠫞
𠫨
𠯈
𠰺
𠳉
𠳍
𠵠
𠶫
𠷂
𠷒
𠽭
𠽰
𡁨
𡄶
𡇲
𡇷
𡈼
𡊀
𡌙
𡏩
𡐡
𡑸
𡘙
𡙌
𡚙
𡚻
𡜥
𡟭
𡟴
𡧹
𡬪
𡭊
𡯵
𡯺
𡰖
𡲾
𡸠
𡸬
𡺾
𡼻
𡽵
𢂸
𢄔
𢈹
𢉭
𢊁
𢎌
𢎑
𢓇
𢓴
𢖤
𢘋
𢞖
𢟋
𢟴
𢠮
𢠻
𢥦
𢥲
𢧑
𢨇
𢨚
𢮒
𢰂
𢳓
𣃐
𣅁
𣇨
𣜹
𣝉
𣡳
𣣿
𣤢
𣦶
𣧂
𣫹
𣳨
𣳾
𤄛
𤆃
𤊜
𤍐
𤒞
𤗢
𤗴
𤗿
𤝬
𤞌
𤞝
𤞮
𤢒
𤤊
𤤷
𤧫
𤬵
𤮩
𤮼
𤲓
𤴡
𤷎
𤸉
𤸊
𤹵
𤾕
𥂦
𥉻
𥍪
𥏰
𥑵
𥓏
𥤒
𥩳
𥫉
𥫵
𥱻
𥳔
𥶐
𥹲
𥾬
𥿄
𦄂
𦐰
𦑏
𦒰
𦔝
𦖦
𦙯
𦜄
𦞙
𦞱
𦡷
𦨐
𦨢
𦪍
𦶏
𦷾
𦹌
𦻀
𦽢
𧂨
𧉑
𧉛
𧉟
𧊇
𧋍
𧍣
𧑔
𧓵
𧓽
𧔐
𧔱
𧔴
𧔺
𧕧
𧘓
𧛒
𧝆
𧝋
𧝐
𧣭
𧣾
𧤍
𧤲
𧧆
𧨮
𧪲
𧭏
𧮊
𧮓
𧺳
𧺽
𨁃
𨂰
𨇚
𨉦
𨊺
𨋱
𨌴
𨑧
𨓞
𨓤
𨓻
𨓾
𨓿
𨔫
𨗞
𨗻
𨗼
𨘃
𨘛
𨘿
𨟲
𨠍
𨠾
𨬍
𨰩
𨰮
𨰯
𨹅
𨻵
𨽟
𨽠
𨽮
𨽿
𨾃
𩃠
𩃷
𩄮
𩅆
𩅣
𩅥
𩅫
𩅲
𩆰
𩈁
𩈃
𩈜
𩊭
𩐌
𩐕
𩑾
𩓂
𩓬
𩘺
𩛍
𩢠
𩤽
𩦽
𩨽
𩪆
𩬠
𩬳
𩯇
𩳕
𩿡
𪁦
𪆝
𪈷
𪌤
𪍲
𪐝
𪐥
𪑫
𪒛
𪒡
𪒴
𪓁
𪖦
𪘇
𪘜
𪘨
𪙔
𪙢
𪚎
𬵹
𬾚
𭀘
𭀙
𭀜
𭔸
𭔹
𭔾
𭘧
𭙗
𭜮
𭞏
𭣸
𭣾
𭰣
𮟲
𮡧
𮥴
𮮹
𢎯
𨒌
𭑅
𭚨