㑃
㑌
㒕
㔩
㕎
㕭
㘢
㘭
㛕
㜩
㜹
㞄
㠗
㤇
㤮
㥑
㩠
㭝
㮬
㰶
㳌
㳹
㴄
㴏
㴔
㵁
㶇
㷈
㸸
㹙
㹚
㹧
㺋
㺒
㼜
㾎
㾮
䁜
䁝
䁱
䄃
䄓
䅣
䆘
䆟
䇦
䇼
䈵
䉛
䉩
䉱
䊗
䊣
䌂
䌔
䌙
䍿
䎨
䏕
䏩
䐥
䐵
䐿
䒋
䓃
䙔
䙬
䜒
䞩
䞹
䤑
䥝
䥲
䧢
䧹
䨎
䩺
䩽
䪯
䫜
䬝
䬬
䭂
䭊
䭐
䯠
䱀
䱵
䳨
䳼
䴈
䴍
䴠
䵃
𠃽
𠆇
𠆑
𠌘
𠕿
𠙶
𠙻
𠠜
𠢔
𠣑
𠤅
𠥺
𠩍
𠮴
𠰈
𠰶
𠴰
𠶺
𠹃
𡁊
𡂚
𡇳
𡈆
𡈮
𡋮
𡋸
𡌱
𡍻
𡐟
𡕉
𡘇
𡛙
𡝝
𡩥
𡩾
𡪃
𡪿
𡯁
𡯂
𡯭
𡯲
𡯳
𡯸
𢁱
𢂊
𢇭
𢈈
𢍢
𢓸
𢔎
𢖍
𢘌
𢝍
𢰃
𢱇
𢲷
𢼟
𣂻
𣈧
𣉗
𣉾
𣒈
𣓕
𣕽
𣖮
𣢨
𣢫
𣤃
𣪅
𣴦
𣵭
𣶂
𣽕
𣿏
𤁮
𤁽
𤇯
𤌏
𤎣
𤏶
𤓏
𤛐
𤛥
𤢐
𤩃
𤪄
𤬺
𤭄
𤭹
𤮏
𤯷
𤵎
𤶶
𤷀
𤷷
𤸡
𤸱
𤺾
𤻜
𤻮
𤾴
𥁒
𥃧
𥃺
𥃽
𥆚
𥆜
𥇠
𥈫
𥌽
𥌾
𥍼
𥑑
𥙏
𥥈
𥬓
𥱸
𥿌
𦉥
𦉦
𦊪
𦒥
𦞡
𦡽
𦤡
𦦿
𦧅
𦪗
𦫫
𦴊
𦵽
𦶂
𧅃
𧉔
𧌄
𧍬
𧎕
𧏺
𧓀
𧖼
𧗧
𧚐
𧛹
𧝒
𧞨
𧟧
𧢛
𧦅
𧨟
𧨲
𧪪
𧮆
𧮯
𧮴
𧲱
𧵌
𧼎
𨂁
𨉤
𨌧
𨓏
𨓹
𨕿
𨜔
𨜺
𨝴
𨞑
𨠗
𨤕
𨰅
𨸺
𨹝
𨾘
𨾡
𩀫
𩄘
𩇠
𩈏
𩊟
𩊧
𩋊
𩑴
𩔚
𩔸
𩞩
𩟇
𩡓
𩣻
𩥊
𩰎
𩲴
𩵭
𩼈
𩿼
𪀋
𪀌
𪁗
𪁘
𪁨
𪁾
𪈤
𪊏
𪊪
𪏓
𪏙
𪓛
𪖵
𪚻
𫠕
𫯱
𬻻
𬿲
𭅘
𭉘
𭙶
𮎦
𮎧
𮚶
𮞷
𮢚
㭷
𬄚