㣔
㣕
㣖
㣗
㣘
㣙
㣚
㣛
㣜
㣝
㣞
㣟
㣠
㣡
㣢
㣣
㣤
㣥
㣦
㣧
㣨
㣩
㣪
㣫
㣬
㣭
㣮
㣯
㣰
㣱
㣲
㣳
㣴
㣵
㣶
㣷
㣸
㣹
彴
彵
彶
彸
彺
彻
彽
彾
徆
徉
徍
徎
徏
徔
徕
徖
徚
徛
徜
徝
徟
徢
徣
徤
徥
徦
徧
徫
徬
徯
徰
徱
徲
徵
徶
德
徸
徺
徻
徾
徿
忀
忁
忂
鿈
鿉
復
律
徭
𢒼
𢒽
𢒾
𢒿
𢓀
𢓁
𢓂
𢓃
𢓄
𢓅
𢓆
𢓇
𢓈
𢓉
𢓊
𢓋
𢓌
𢓍
𢓎
𢓏
𢓐
𢓑
𢓒
𢓓
𢓔
𢓕
𢓖
𢓗
𢓘
𢓙
𢓚
𢓛
𢓜
𢓝
𢓞
𢓟
𢓠
𢓡
𢓢
𢓣
𢓤
𢓥
𢓦
𢓧
𢓨
𢓩
𢓪
𢓫
𢓬
𢓭
𢓮
𢓯
𢓰
𢓱
𢓲
𢓳
𢓴
𢓵
𢓶
𢓷
𢓸
𢓹
𢓺
𢓻
𢓼
𢓽
𢓾
𢓿
𢔀
𢔁
𢔂
𢔃
𢔄
𢔅
𢔆
𢔇
𢔈
𢔉
𢔊
𢔋
𢔌
𢔍
𢔎
𢔏
𢔐
𢔑
𢔒
𢔓
𢔔
𢔕
𢔖
𢔗
𢔘
𢔙
𢔚
𢔛
𢔜
𢔝
𢔞
𢔟
𢔠
𢔡
𢔢
𢔣
𢔤
𢔥
𢔦
𢔧
𢔨
𢔩
𢔪
𢔫
𢔭
𢔮
𢔯
𢔰
𢔱
𢔲
𢔳
𢔴
𢔵
𢔶
𢔷
𢔸
𢔹
𢔺
𢔻
𢔼
𢔽
𢔾
𢔿
𢕀
𢕁
𢕂
𢕃
𢕄
𢕅
𢕆
𢕇
𢕈
𢕉
𢕊
𢕋
𢕌
𢕍
𢕎
𢕏
𢕐
𢕑
𢕒
𢕓
𢕔
𢕕
𢕖
𢕗
𢕘
𢕙
𢕚
𢕛
𢕜
𢕝
𢕞
𢕟
𢕠
𢕡
𢕢
𢕣
𢕤
𢕥
𢕦
𢕧
𢕨
𢕩
𢕪
𢕫
𢕬
𢕭
𢕮
𢕯
𢕰
𢕱
𢕲
𢕳
𢕴
𢕵
𢕶
𢕷
𢕸
𢕹
𢕺
𢕻
𢕼
𢕽
𢕾
𢕿
𢖀
𢖁
𢖂
𢖃
𢖄
𢖆
𢖇
𢖈
𢖉
𢖊
𢖌
𢖍
𢖎
𢖏
𢖐
𢖑
𢖒
𢖓
𢖔
𢖕
𢖖
𢖗
𢖘
𢖙
𢖚
𢖜
𢖝
𢖞
𢖟
𢖠
𢖢
𢖣
𢖤
𢖥
𢖦
𢖧
𢖨
𪫋
𪫌
𪫍
𪫎
𪫏
𪫐
𪫑
𪫒
𪫓
𪫔
𪫕
𪫖
𪫗
𪫘
𪫙
𪫚
𪫛
𪫜
𫹋
𫹌
𫹍
𫹎
𫹏
𫹐
𫹑
𫹒
𫹓
𫹔
𫹕
𫹖
𫹗
𫹘
𫹙
𫹚
𫹛
𫹜
𫹝
𫹞
𫹟
𫹠
𫹡
𫹢
𫹣
𫹤
𫹥
𫹦
𫹧
𫹨
𫹩
𫹪
𭛜
𭛝
𭛞
𭛟
𭛠
𭛡
𭛢
𭛣
𭛤
𭛥
𭛦
𭛧
𭛨
𭛩
𭛪
𭛫
𭛬
𭛭
𭛮
𭛯
𭛰
𭛱
𭛲
𭛳
𭛴
𭛵
𭛶
𭛷
𭛸
𭛹
𭛺
𭛻
𭛼
𭛽
𭛾
𭛿
𭜀
𭜁
𭜂
𭜃
𭜄
𭜅
𭜆
𭜇
𭜈
𭜉
𭜊
𮱺
𮱻
𮱼
𮱽
𮱾
㣣
徚
𰐬
𰐭
𰐮
𰐯
𰐰
𰐱
𰐲
𰐳
𰐴
𰐵
𰐶
𰐷
𰐸
𰐹
𱝪
𱝫
𱝬
𱝭
𱝮
𱝯
𱝰
𱝱
𱝲
𱝳
𱝴
𱝵
𱝶
𱝷
𱝸
𱝹
𱝺
𱝻