㐀
㐁
䶶
丄
丅
丆
丌
专
业
丛
东
丝
丟
丠
丢
丣
两
严
丧
丽
亐
兰
卄
鿖
鿗
不
並
𠀀
𠀁
𠀂
𠀃
𠀄
𠀅
𠀆
𠀇
𠀈
𠀉
𠀊
𠀌
𠀍
𠀎
𠀏
𠀐
𠀑
𠀒
𠀓
𠀔
𠀕
𠀖
𠀗
𠀘
𠀙
𠀚
𠀜
𠀞
𠀟
𠀠
𠀡
𠀢
𠀣
𠀤
𠀦
𠀧
𠀨
𠀪
𠀫
𠀬
𠀭
𠀮
𠀰
𠀱
𠀲
𠀳
𠀴
𠀵
𠀶
𠀸
𠀺
𠀻
𠀽
𠀾
𠀿
𠁀
𠁁
𠁂
𠁃
𠁄
𠁅
𠁆
𠁇
𠁈
𠁊
𠁋
𠁌
𠁍
𠁎
𠁏
𠁐
𠁑
𠁒
𠁓
𠁔
𠁕
𠁖
𠁗
𠁘
𠁙
𠁚
𠁛
𠁝
𠁟
𠁠
𠤢
𤳏
𪛙
𪛚
𪜀
𪜁
𪜂
𪜃
𪜄
𪜅
𪜆
𪜇
𫝀
𫝁
𫝂
𫝃
𫠡
𫠢
𫠣
𫠤
𫠥
𫠦
𫠧
𫠨
𫠩
𫠪
𫠫
𫠬
𫠭
𫠮
𫠯
𫠰
𫠱
𫠲
𫠳
𫠴
𫠵
𫠶
𫠷
𫠸
𫠹
𫠺
𫠻
𫠼
𫠽
𫠾
𫠿
𫡀
𫡁
𫡂
𬺢
𬺣
𬺰
𬺱
𬺲
𬺳
𬺴
𬺵
𬺶
𬺷
𬺸
𬺹
𬺺
𬺻
𬺼
𬺽
𬺾
𬺿
𬻀
𬻁
𬻂
𬻃
𬻄
𬻅
𬻆
𬻇
𬻈
𬻉
𬻊
𬻋
𬻌
𬻍
𬻎
𬻏
𬻐
𬻑
𬻒
𬻓
𬻔
𬻕
𬻖
𬻗
𬻘
𬻙
𬻚
𬻛
𬻜
𬻝
𬻞
𬻟
𬻠
𬻡
𬻢
𬻣
𬻤
𬻥
𬻦
𬻧
𬻨
𬻩
𬻪
𬻫
𬻬
𬻭
𬻮
𬻯
𬻰
𬻱
𮯰
丽
𰀀
𰀁
𰀂
𰀃
𰀄
𰀅
𰀆
𰀇
𰀈
𰀉
𰀊
𰀋
𰀌
𰀍
𰀎
𰀏
𰀐
𰀑
𰀒
𰀓
𰀔
𰀕
𰀖
𰀗
𰀘
𰀙
𰀚
𰀛
𰀜
𰀝
𰀞
𰀟
𰰡
𱍐
𱍑
𱍒
𱍓
𱍔
𱍕
𱍖
𱍗
𱍘
𱍙
𱍚
𱍛
𱍜
𱍝
𱍞
𱍟
𱍠
𱍡
𱍢
𱍣
𱍤
𱍥
𱍦
𱍧
𱍨
𱍩
𱍪
𲎰
𲎱
𲎲
𲎳
𲎴
𲎵
𲎶
𲎷
𲎸
𲎹
𲐬
𲕟
𲰶
𳊙