㑤
㒵
㒺
㒻
㓁
㕵
㖼
㙙
㙹
㚹
㜴
㝑
㟌
㟐
㟿
㠓
㡃
㡆
㡌
㡔
㡛
㤀
㤶
㥬
㧇
㧌
㧍
㩚
㪞
㫄
㫧
㬒
㬥
㭋
㭌
㮄
㮘
㲒
㲝
㴘
㴳
㹸
㺺
㿞
䀄
䀤
䀮
䁅
䁫
䁳
䂜
䄱
䅒
䅦
䅭
䇇
䈍
䋃
䋷
䍏
䍙
䎧
䏬
䏵
䑃
䒎
䒐
䒽
䓝
䓮
䓼
䖟
䖥
䗈
䗋
䙦
䛌
䜼
䟥
䠙
䠢
䡚
䢍
䤓
䤖
䥂
䥈
䥐
䥰
䧛
䫉
䭷
䰃
䰒
䰣
䰷
䱕
䲛
䴌
䴿
䵆
䵨
𠈵
𠉏
𠉖
𠊮
𠍢
𠐧
𠔼
𠔿
𠕈
𠕚
𠕬
𠖆
𠤝
𠥨
𠨵
𠪹
𠫚
𠭦
𠮵
𠰅
𠰔
𡂘
𡇾
𡈌
𡈘
𡉩
𡌮
𡒯
𡘋
𡜋
𡜢
𡡨
𡦽
𡩩
𡩽
𡪎
𡬆
𡬌
𡭌
𡯎
𡯚
𡵀
𡷢
𡹰
𢁣
𢁶
𢂹
𢃱
𢃷
𢄎
𢄐
𢅉
𢎷
𢐊
𢓱
𢕙
𢗒
𢘅
𢘓
𢘕
𢛡
𢜗
𢜮
𢜯
𢝌
𢝽
𢟼
𢡗
𢤘
𢦧
𢧟
𢨯
𢨲
𢩺
𢪋
𢮏
𢮔
𢯾
𢼌
𣃙
𣃞
𣃟
𣃪
𣅇
𣆖
𣆻
𣇯
𣊴
𣍢
𣓍
𣓝
𣔺
𣘙
𣞑
𣥊
𣨆
𣨇
𣨞
𣬽
𣭅
𣭢
𣭮
𣮳
𣯬
𣱅
𣱉
𣴟
𣴭
𣶈
𣹪
𣹿
𣽭
𤔣
𤕰
𤛖
𤝄
𤝕
𤣴
𤣽
𤦛
𤧭
𤭐
𤯻
𤰡
𤱴
𤲧
𤵝
𤷐
𤼁
𤾬
𥁃
𥁚
𥁶
𥂂
𥄁
𥄸
𥆆
𥆈
𥆙
𥈆
𥉕
𥉗
𥉞
𥊄
𥋝
𥌋
𥌯
𥌱
𥍤
𥍥
𥎉
𥎟
𥎠
𥐞
𥒴
𥓺
𥝕
𥤩
𥥊
𥩿
𥪫
𥭚
𥭮
𥮎
𥲠
𥻭
𥿪
𥿵
𦀸
𦆟
𦉰
𦊏
𦊽
𦋍
𦋡
𦎦
𦒷
𦓄
𦓋
𦕋
𦕔
𦕕
𦖉
𦜶
𦟁
𦢧
𦣠
𦫰
𦬆
𦭷
𦮄
𦮠
𦯆
𦯌
𦯨
𦯮
𦱋
𦱘
𦱟
𦳁
𦳑
𦳶
𦷶
𦷹
𦹉
𦹾
𦺒
𦼪
𦽡
𦽹
𦿏
𦿗
𦿢
𧀆
𧀧
𧁊
𧁌
𧂕
𧂛
𧂡
𧃺
𧈧
𧈿
𧉯
𧋟
𧌇
𧌦
𧍑
𧍟
𧎄
𧎻
𧏊
𧐘
𧐟
𧒚
𧓼
𧓿
𧔨
𧕕
𧛕
𧜩
𧝘
𧝺
𧞑
𧠊
𧠑
𧦘
𧦥
𧧄
𧧜
𧨉
𧩂
𧩆
𧫢
𧭅
𧭊
𧰈
𧰷
𧲍
𧲎
𧳒
𧳖
𧴵
𧵍
𧵲
𧶝
𧶻
𧿆
𧿹
𨁳
𨂃
𨂣
𨄝
𨇅
𨈥
𨈶
𨊾
𨋹
𨌓
𨓅
𨛌
𨜷
𨝤
𨝪
𨞚
𨞫
𨞯
𨞵
𨡭
𨡵
𨢊
𨢠
𨣘
𨥨
𨦜
𨦵
𨨟
𨨸
𨩺
𨮒
𨯠
𨱞
𨱢
𨱨
𨳠
𨴍
𨹛
𨹹
𨺸
𨼿
𨾥
𨿙
𩄖
𩅁
𩆽
𩇦
𩇧
𩇨
𩐲
𩒿
𩕫
𩕱
𩖩
𩗧
𩙸
𩛨
𩝬
𩟞
𩢫
𩥃
𩦺
𩪎
𩫁
𩫷
𩭒
𩭾
𩮡
𩲘
𩲛
𩴲
𩶋
𩶡
𩶢
𩿂
𪁒
𪁪
𪃑
𪅇
𪆨
𪇓
𪇰
𪈆
𪋂
𪌁
𪌸
𪍓
𪍘
𪍫
𪍭
𪓑
𪓕
𪓖
𪓝
𪔳
𪕃
𪚢
𫎇
𫝁
𫟐
𫦱
𬼖
𭅵
𭐕
𭔌
𭜎
𭥗
𭥫
𭧂
𭩱
𭯰
𭸒
𭹕
𭻥
𭽇
𭿜
𭿵
𭿶
𮊌
𮎰
𮎷
𮐃
𮙪
𮚖
𮬔