䍏
䍐
䍑
䍒
䍓
䍔
䍕
䍖
䍗
䍘
䍙
䍚
䍛
䍜
䍝
䍞
䍟
䍠
䍡
䍢
䍣
䍤
䍥
䍦
罓
罖
罗
罙
罚
罛
罜
罝
罞
罢
罥
罦
罬
罯
罱
罳
罴
罶
罺
罻
罼
罿
羀
羁
羄
羉
鿡
羅
罹
𦉪
𦉫
𦉬
𦉭
𦉮
𦉯
𦉱
𦉲
𦉳
𦉴
𦉵
𦉶
𦉷
𦉸
𦉹
𦉺
𦉻
𦉼
𦉽
𦉾
𦉿
𦊀
𦊁
𦊂
𦊃
𦊄
𦊅
𦊇
𦊈
𦊉
𦊊
𦊋
𦊌
𦊍
𦊎
𦊏
𦊐
𦊑
𦊒
𦊓
𦊔
𦊕
𦊖
𦊗
𦊘
𦊙
𦊚
𦊛
𦊜
𦊝
𦊞
𦊟
𦊠
𦊡
𦊢
𦊣
𦊥
𦊦
𦊧
𦊨
𦊩
𦊪
𦊫
𦊬
𦊭
𦊮
𦊯
𦊰
𦊱
𦊲
𦊳
𦊴
𦊵
𦊶
𦊷
𦊸
𦊹
𦊺
𦊻
𦊼
𦊽
𦊾
𦊿
𦋀
𦋁
𦋂
𦋃
𦋄
𦋅
𦋆
𦋇
𦋈
𦋉
𦋊
𦋋
𦋌
𦋍
𦋎
𦋏
𦋐
𦋑
𦋒
𦋓
𦋔
𦋕
𦋖
𦋗
𦋘
𦋙
𦋚
𦋛
𦋜
𦋝
𦋞
𦋟
𦋠
𦋡
𦋢
𦋣
𦋤
𦋥
𦋦
𦋧
𦋨
𦋩
𦋫
𦋬
𦋭
𦋮
𦋯
𦋰
𦋱
𦋲
𦋳
𦋴
𦋵
𦋶
𦋷
𦋸
𦋹
𦋺
𦋻
𦋼
𦋽
𦋾
𦋿
𦌀
𦌁
𦌂
𦌃
𦌄
𦌅
𦌆
𦌇
𦌈
𦌉
𦌊
𦌋
𦌌
𦌍
𦌎
𦌏
𦌐
𦌑
𦌒
𦌓
𦌔
𦌕
𦌖
𦌗
𦌘
𦌙
𦌚
𦌛
𦌜
𦌝
𦌞
𦌟
𦌠
𦌡
𦌢
𦌣
𦌤
𦌥
𦌦
𦌧
𦌨
𦌪
𦌫
𦌬
𦌭
𦌮
𦌯
𦌰
𦌱
𦌲
𦌳
𦌴
𦌵
𦌶
𦌷
𦌸
𦌹
𦌺
𦌻
𦌼
𦌽
𦌾
𦌿
𦍀
𦍁
𦍂
𦍃
𦍄
𦍅
𦍆
𦍇
𦍈
𦍉
𦍊
𧐰
𧷅
𫅀
𫅁
𫅂
𫅃
𫅄
𫅅
𫅆
𫅇
𫅈
𫅉
𫅊
𫅋
𫅌
𫅍
𬙕
𬙖
𬙗
𬙘
𬙙
𬙚
𬙛
𬙜
𬙝
𬙞
𬙟
𬙠
𬙡
𬙢
𬙣
𬙤
𬙥
𬙦
𬙧
𬙨
𬙩
𬙪
𬙫
𮉼
𮉽
𮉾
𮉿
𮊀
𮊁
𮊂
𮊃
𮊄
𮊅
𮊆
𮊇
𮊈
𮊉
𮊊
𮊋
𮊌
𮊍
𮊎
𮊏
𮊐
𮊑
𮊒
𮊓
𮊔
𮊕
𮊖
𮊗
𮊘
𮊙
𮊚
𮊛
𮊜
𮊝
𮊞
𮊟
𮊠
𮊡
𮶇
䍙
𦋙
罺
𦌾
𰭈
𰭉
𰭊
𰭋
𰭌
𰭍
𰭎
𰭏
𰭐
𰭑
𰭒
𰭓
𰭔
𰭕
𰭖
𱺴
𱺵
𱺶
𱺷
𱺸
𱺹
𱺺
𱺻
𱺼
𱺽
𱺾
𱺿
𱻀
𱻁
𱻂
𱻃
𱻄
𱻅
𱻆
𱻇
𱻈
𲸽
𲸾
𲸿
𲹀
𲹁
𲹂
𲹃