䇂
䇃
䇄
䇅
䇆
䇇
䇈
䇉
䇊
䇋
䇌
䇍
䇎
䇏
䇐
䇑
䇒
䇓
䇔
䇕
产
亲
竌
竎
竐
竑
竔
竖
竗
竘
竛
竞
竤
竧
竨
竩
竫
竬
竮
竱
竲
竳
竴
竵
竷
立
靖
𠔳
𥩕
𥩖
𥩗
𥩘
𥩙
𥩚
𥩛
𥩜
𥩝
𥩞
𥩟
𥩠
𥩡
𥩢
𥩣
𥩤
𥩥
𥩦
𥩧
𥩨
𥩩
𥩪
𥩫
𥩬
𥩭
𥩮
𥩯
𥩰
𥩱
𥩲
𥩳
𥩴
𥩵
𥩶
𥩷
𥩸
𥩹
𥩺
𥩻
𥩼
𥩽
𥩾
𥩿
𥪀
𥪁
𥪂
𥪃
𥪄
𥪅
𥪆
𥪇
𥪈
𥪉
𥪊
𥪋
𥪌
𥪍
𥪎
𥪏
𥪐
𥪑
𥪒
𥪓
𥪔
𥪕
𥪖
𥪗
𥪘
𥪙
𥪚
𥪛
𥪜
𥪝
𥪞
𥪟
𥪠
𥪡
𥪢
𥪣
𥪤
𥪥
𥪦
𥪧
𥪨
𥪩
𥪪
𥪫
𥪬
𥪭
𥪮
𥪯
𥪰
𥪱
𥪲
𥪳
𥪴
𥪵
𥪶
𥪷
𥪸
𥪹
𥪺
𥪻
𥪼
𥪽
𥪾
𥪿
𥫀
𥫁
𥫃
𥫄
𥫅
𥫆
𥫇
𥫈
𥫉
𥫊
𥫋
𥫌
𥫍
𥫎
𥫏
𥫐
𥫑
𥫒
𥫓
𥫔
𥫕
𥫖
𫁞
𫁟
𫁠
𫁡
𫁢
𫁣
𫁤
𫁥
𫁦
𫁧
𫁨
𫁩
𫁪
𫁫
𫁬
𫁭
𫁮
𫁯
𫞻
𫞼
𬔖
𬔗
𬔘
𬔙
𬔚
𬔛
𬔜
𬔝
𬔞
𬔟
𬔠
𬔡
𬔢
𬔣
𬔤
𬔥
𬔦
𬔧
𬔨
𬔩
𬔪
𬔫
𬱻
𮄧
𮄨
𮄩
𮄪
𮄫
𮄬
𮄭
𮄮
𮄯
𮄰
𮄱
𮄲
𮄳
𮄴
𮄵
𮄶
𮄷
𮄸
𮄹
𮄺
𮄻
𮄼
𮄽
𮄾
𮄿
𮵥
𮵦
𮵧
𮵨
𮵩
𮵪
𥪧
𥪧
竮
𰩠
𰩡
𰩢
𰩣
𰩤
𰩥
𰩦
𰩧
𰩨
𰩩
𰩪
𰩫
𱷣
𱷤
𱷥
𱷦
𱷧
𱷨
𱷩
𱷪
𱷫
𱷬
𱷭