㐌
㐪
㑥
㒾
㕈
㖐
㖢
㙎
㙔
㙪
㛄
㜇
㞆
㟪
㟴
㠕
㠯
㡼
㢊
㢻
㣇
㣈
㣛
㣦
㤬
㥋
㥜
㥨
㥴
㦉
㦤
㦾
㧡
㨊
㫊
㬙
㭒
㮃
㮛
㰘
㰝
㰻
㱅
㱲
㳖
㷉
㸚
㹫
㹻
㺿
㼢
㾨
㿄
䄬
䈕
䈧
䍴
䍷
䑊
䒾
䓈
䓹
䔟
䔬
䔺
䗐
䗽
䙟
䙾
䜅
䜜
䝐
䝝
䝯
䞅
䦱
䧅
䧇
䧦
䨨
䩟
䪋
䪘
䪰
䪳
䫋
䫑
䬁
䬐
䬑
䬥
䬮
䭉
䭲
䮊
䱌
䲁
䲊
䴧
䵋
䵝
𠁼
𠂣
𠂽
𠄱
𠄿
𠅌
𠆎
𠈽
𠋣
𠍫
𠔱
𠗄
𠗺
𠙋
𠛃
𠤘
𠥎
𠥛
𠦏
𠩗
𠩦
𠪗
𠪙
𠰄
𠲚
𠳓
𠶷
𠷏
𠹤
𡄵
𡄻
𡇦
𡍄
𡔱
𡕆
𡖰
𡗝
𡙝
𡚈
𡜬
𡡌
𡣃
𡣸
𡤖
𡮕
𡰥
𡱃
𡱐
𡻣
𡼎
𢁔
𢂒
𢄖
𢄥
𢇏
𢈶
𢉝
𢊐
𢊘
𢊯
𢍖
𢍚
𢎯
𢏽
𢑞
𢑤
𢑩
𢑭
𢑯
𢑱
𢑲
𢑷
𢓡
𢙇
𢛧
𢟬
𢣉
𢣘
𢤏
𢦕
𢨮
𢨴
𢨹
𢩼
𢯷
𢰤
𢲴
𢷔
𢸦
𢼏
𢾁
𣀬
𣂊
𣄧
𣄫
𣄺
𣈎
𣉰
𣍄
𣐓
𣐵
𣐿
𣓑
𣙛
𣙤
𣙼
𣚂
𣚘
𣟥
𣢦
𣢭
𣢮
𣣢
𣨙
𣨟
𣪡
𣫪
𣸘
𣻗
𣽴
𤀷
𤁿
𤆾
𤇴
𤈫
𤓸
𤕮
𤕴
𤖌
𤘊
𤛌
𤛲
𤝳
𤝻
𤝽
𤡪
𤭘
𤰣
𤰰
𤰲
𤰴
𤰵
𤱖
𤱫
𤸆
𤸸
𤺉
𤻀
𤻌
𤼒
𤾡
𤾸
𥀊
𥀴
𥃠
𥄻
𥄿
𥅓
𥅣
𥅵
𥉖
𥌰
𥏚
𥏜
𥐄
𥑴
𥞀
𥟏
𥟻
𥦐
𥰧
𥹋
𥿫
𦆩
𦇅
𦇚
𦓽
𦚟
𦛂
𦝛
𦝩
𦞅
𦟧
𦠻
𦢿
𦣝
𦣤
𦥮
𦩝
𦩬
𦪒
𦮸
𦯴
𦳂
𦳉
𦳢
𦴗
𦶊
𦸒
𦻪
𦽳
𧀳
𧄙
𧅢
𧉅
𧊰
𧍥
𧍫
𧏕
𧐇
𧐌
𧑌
𧒞
𧓗
𧔥
𧕈
𧚕
𧛖
𧛽
𧜷
𧝕
𧝖
𧞸
𧡇
𧣟
𧤋
𧦩
𧦫
𧩀
𧩹
𧪁
𧬴
𧮒
𧱈
𧱞
𧱫
𧲁
𧲄
𧲆
𧲑
𧲗
𧲚
𧳁
𧳙
𧳞
𧳪
𧷅
𧸃
𧸯
𧸽
𨔻
𨕸
𨖿
𨗔
𨗨
𨗭
𨗮
𨜽
𨟗
𨠑
𨡪
𨢒
𨣬
𨤒
𨭄
𨲋
𨳷
𨴥
𨷕
𨻒
𨽽
𨾂
𨿭
𩀣
𩀶
𩁈
𩁌
𩋾
𩎩
𩎮
𩎯
𩎵
𩏐
𩏧
𩏬
𩑪
𩒫
𩔦
𩔽
𩕲
𩖹
𩖾
𩘚
𩙊
𩚂
𩚇
𩛆
𩛛
𩛮
𩞫
𩠛
𩠡
𩠢
𩠯
𩴜
𩴞
𩵠
𩷷
𩹂
𩹥
𩹷
𩻍
𩻟
𩼂
𩼏
𩽎
𪀓
𪁚
𪂄
𪅿
𪆖
𪈨
𪏇
𪐔
𪐘
𪑁
𪒕
𪘃
𫝅
𫞟
𫟱
𫾻
𬃪
𬔸
𬞼
𬻒
𬻿
𬼜
𬽆
𬽇
𭄧
𭑅
𭑿
𭓩
𭖀
𭘍
𭘣
𭚨
𭤮
𭥫
𭭊
𮊖
𮥴
𮥵
𮧮
𮧯
𮧰
𮨈