㒡
㔽
㕗
㕛
㕱
㗀
㘊
㘥
㚭
㛜
㝌
㤑
㥑
㦷
㫍
㫦
㰶
㱊
㳊
㳛
㳺
㴔
㴗
㶭
㷱
㷸
㹨
㺠
㼶
㽕
㾞
䀁
䅎
䆜
䇼
䉗
䊆
䌛
䍃
䑻
䒴
䓃
䔱
䖻
䗑
䚃
䚻
䛻
䞥
䢊
䢟
䥳
䦾
䧺
䬀
䭂
䱂
䱔
䳑
𠅓
𠈹
𠌘
𠖅
𠖋
𠘳
𠢢
𠧠
𠧪
𠧴
𠧷
𠨦
𠪍
𠫬
𠬺
𠮕
𠮢
𠮫
𠮬
𠲭
𠸰
𠹑
𠾈
𡇀
𡇃
𡈰
𡈱
𡈵
𡈸
𡈹
𡋧
𡋫
𡜳
𡬞
𡯉
𡯊
𡯙
𡱋
𡺒
𡺖
𢆶
𢆾
𢇑
𢇔
𢇕
𢈓
𢈞
𢋅
𢋣
𢓕
𢓿
𢖒
𢖟
𢚐
𢝊
𢞏
𢞘
𢟅
𢟜
𢥀
𢦨
𢪥
𢯇
𢱁
𢱼
𢶖
𢿚
𣁨
𣅺
𣏞
𣓛
𣜃
𣟾
𣠡
𣢄
𣢜
𣢢
𣣧
𣣸
𣤎
𣧥
𣲏
𣸠
𣿤
𤄘
𤍕
𤗱
𤘜
𤜴
𤝨
𤣙
𤣛
𤤧
𤩤
𤪎
𤱎
𤴦
𤴨
𤶛
𤷊
𤸈
𤾴
𥁓
𥃼
𥑿
𥙫
𥙿
𥜚
𥝘
𥣯
𥤃
𥯞
𥽟
𦎙
𦏇
𦐮
𦐯
𦑸
𦚥
𦥣
𦩲
𦫹
𦬓
𦬧
𦲃
𦳧
𦳩
𦳷
𦵵
𦶂
𦷿
𦸙
𦽈
𦽧
𦿥
𧀥
𧅲
𧆕
𧆘
𧌌
𧌕
𧍘
𧐔
𧖓
𧙗
𧠶
𧡹
𧥧
𧥩
𧰯
𧰰
𧳫
𨑫
𨒣
𨒰
𨓎
𨓘
𨔖
𨔟
𨖯
𨗫
𨗰
𨘁
𨘵
𨙂
𨙃
𨛕
𨜚
𨜲
𨞄
𨡴
𨣆
𨲟
𨳾
𨸙
𩈏
𩑌
𩑣
𩑲
𩔕
𩕂
𩗚
𩘈
𩘓
𩤹
𩥘
𩲎
𩳑
𩴊
𩴙
𩹊
𩼈
𩿬
𪊛
𪋎
𪏛
𪐤
𪕏
𫠘
𬌲
𬻕
𬿲
𭄫
𭣢
𭶂
𮈆
𮠕