䖈
䖉
䖊
䖋
䖌
䖍
䖎
䖏
䖐
䖑
䖒
䖓
䖔
䖕
䖖
䖗
䖘
䖙
䖚
䖛
䖜
虏
虑
虒
虘
虙
虝
虠
虡
虣
虤
虥
虦
虨
虩
虪
雐
𧆛
𧆜
𧆝
𧆞
𧆟
𧆠
𧆡
𧆢
𧆣
𧆤
𧆥
𧆦
𧆧
𧆨
𧆩
𧆪
𧆫
𧆬
𧆭
𧆮
𧆯
𧆰
𧆱
𧆲
𧆳
𧆴
𧆵
𧆶
𧆷
𧆸
𧆹
𧆺
𧆻
𧆼
𧆽
𧆾
𧆿
𧇀
𧇁
𧇂
𧇃
𧇄
𧇅
𧇆
𧇇
𧇈
𧇉
𧇊
𧇋
𧇌
𧇍
𧇎
𧇏
𧇐
𧇑
𧇒
𧇓
𧇔
𧇕
𧇖
𧇗
𧇘
𧇙
𧇚
𧇛
𧇜
𧇝
𧇞
𧇟
𧇠
𧇡
𧇢
𧇣
𧇤
𧇥
𧇦
𧇧
𧇨
𧇩
𧇪
𧇫
𧇬
𧇭
𧇮
𧇯
𧇰
𧇱
𧇲
𧇳
𧇴
𧇵
𧇶
𧇷
𧇸
𧇹
𧇺
𧇻
𧇼
𧇽
𧇾
𧇿
𧈀
𧈁
𧈂
𧈃
𧈄
𧈅
𧈆
𧈇
𧈈
𧈉
𧈊
𧈋
𧈌
𧈍
𧈎
𧈏
𧈑
𧈒
𧈓
𧈔
𧈕
𧈖
𧈗
𧈘
𧈙
𧈚
𧈛
𧈜
𫊝
𫊞
𫊟
𫊠
𫊡
𫊢
𫊣
𬟧
𬟨
𬟩
𬟪
𬟫
𬟬
𬟭
𬟮
𬟯
𬟰
𬟱
𬟲
𬟳
𮓗
𮓘
𮓙
𮓚
𮓛
𮓜
𮓝
𮓞
𮓟
𮓠
𮓡
𮓢
𮓣
𮓤
𮓥
𮓦
𮓧
𮓨
𮓩
𮓪
𮓫
𮓬
𮓭
𮓮
𮓯
𮶺
虐
虜
虧
虩
𰲘
𰲙
𰲚
𰲛
𰲜
𰲝
𰲞
𰲟
𰲠
𰲡
𰲢
𰲣
𰲤
𰲥
𰲦
𰲧
𰲨
𱿎
𱿏
𱿐
𱿑
𱿒
𱿓
𱿔
𱿕
𱿖
𱿗
𲾁
𲾂
𲾃
𲾄
𲾅
𲾆
𲾇
𲾈
𲾉