㕚
㕛
㕜
㕟
㕠
㕡
叏
叐
发
叒
叓
变
叜
叝
叞
叠
壡
对
戏
欢
艰
难
﨎
𠫳
𠬚
𠬛
𠬜
𠬞
𠬟
𠬠
𠬡
𠬢
𠬣
𠬤
𠬥
𠬦
𠬧
𠬨
𠬩
𠬪
𠬫
𠬬
𠬭
𠬮
𠬯
𠬰
𠬱
𠬲
𠬳
𠬴
𠬵
𠬶
𠬷
𠬸
𠬹
𠬺
𠬻
𠬼
𠬽
𠬾
𠬿
𠭀
𠭁
𠭂
𠭃
𠭄
𠭅
𠭆
𠭇
𠭈
𠭊
𠭋
𠭌
𠭍
𠭎
𠭏
𠭐
𠭑
𠭒
𠭓
𠭔
𠭕
𠭖
𠭗
𠭘
𠭙
𠭚
𠭛
𠭜
𠭝
𠭞
𠭟
𠭠
𠭡
𠭢
𠭣
𠭤
𠭥
𠭦
𠭧
𠭨
𠭩
𠭪
𠭫
𠭬
𠭭
𠭮
𠭯
𠭰
𠭱
𠭲
𠭳
𠭴
𠭵
𠭷
𠭸
𠭹
𠭺
𠭼
𠭽
𠭾
𠭿
𠮀
𠮁
𠮂
𠮃
𠮄
𠮅
𠮆
𠮇
𠮈
𠮉
𠮊
𠮋
𠮌
𠮍
𠮎
𠮏
𠮐
𠮑
𠮒
𠮓
𠮔
𠮕
𠮖
𠮗
𠮘
𡪞
𪠣
𪠤
𪠥
𪠦
𪠧
𪠨
𪠩
𪠪
𪠫
𪠬
𪠭
𪠮
𪠯
𪠰
𪠱
𫨲
𫨳
𫨴
𫨵
𫨶
𫨷
𫨸
𫨹
𫨺
𫨻
𫨼
𫨽
𫨾
𫨿
𫩀
𫩁
𫩂
𫩃
𫩄
𫩅
𫩆
𫩇
𫩈
𫩉
𫩊
𫩋
𫩌
𫩍
𫩎
𭆥
𭆦
𭆧
𭆨
𭆩
𭆪
𭆫
𭆬
𭆭
𭆮
𭆯
𭆰
𭆱
𭆲
𭆳
𭆴
𭆵
𭆶
𭆷
𮰓
及
叟
𠭣
𰆰
𰆱
𰆲
𰆳
𰆴
𰆵
𰆶
𰆷
𰆸
𰆹
𰆺
𰆻
𰆼
𰆽
𰆾
𰆿
𰇀
𰇁
𰇂
𰇃
𰇄
𰇅
𰇆
𱑱
𱑲
𱑳
𱑴
𱑵
𱑶
𱑷
𱑸
𱑹
𱑺
𱑻
𱑼
𱑽
𱑾