㐊
㐋
㐧
㓀
㓅
㔫
㔹
㕕
㕚
㕛
㝉
㞢
㠪
㢧
㲸
㸦
专
为
乌
乣
乤
乥
书
亓
亖
亣
仅
仉
仌
仑
仒
仓
兂
內
兯
冄
冇
冈
凤
刅
劝
办
勼
勽
卐
卝
厃
厅
历
厸
厹
圠
夃
尐
屲
巿
币
忆
戶
户
朩
毌
牜
罓
肀
艺
见
计
订
讣
认
讥
贝
车
邒
邓
长
闩
阞
队
韦
风
龰
龶
丹
不
六
什
切
歹
𠀇
𠀈
𠀉
𠀊
𠀌
𠁣
𠁾
𠁿
𠂏
𠂐
𠂑
𠂒
𠂓
𠃕
𠃖
𠃗
𠃘
𠃙
𠃚
𠃛
𠃜
𠃝
𠄒
𠄓
𠄔
𠄡
𠅁
𠆦
𠆧
𠆨
𠑶
𠓜
𠓝
𠓞
𠔁
𠔂
𠔃
𠔄
𠔽
𠔾
𠔿
𠕀
𠕳
𠕴
𠖭
𠘩
𠘪
𠘫
𠘬
𠘭
𠘮
𠘯
𠘰
𠙶
𠙷
𠙸
𠚥
𠚦
𠚧
𠚨
𠚩
𠚪
𠚫
𠚬
𠠳
𠠴
𠠵
𠣌
𠤏
𠤭
𠥭
𠥻
𠥿
𠨍
𠨎
𠨏
𠨐
𠨬
𠫗
𠫘
𠬚
𠬛
𠬜
𠬞
𠬟
𠬠
𠮙
𠮚
𠮛
𠮜
𠮝
𠮞
𡆠
𡆡
𡆢
𡈼
𡈾
𡗒
𡗓
𡗔
𡗜
𡚦
𡤽
𡦹
𡬝
𡭕
𡭖
𡯃
𡴮
𡴯
𡿧
𢀑
𢀒
𢀓
𢀔
𢀕
𢀳
𢆯
𢆰
𢆱
𢌗
𢌭
𢍻
𢍼
𢎙
𢎚
𢎛
𢎜
𢎝
𢎞
𢎟
𢎠
𢎡
𢒼
𢒽
𢖪
𢩥
𢩦
𢩧
𣁬
𣂑
𣎳
𣎴
𣥂
𣦵
𣦶
𣫬
𣬛
𣱲
𣱳
𣱴
𤓯
𤓰
𤕪
𤜚
𤣥
𤣩
𥘅
𧘇
𨙩
𨙪
𨸐
𨸑
𨸒
𨸓
𨸔
𨸕
𪛛
𪜂
𪜈
𪜧
𪟽
𪠣
𪠤
𪥁
𫄙
𫐞
𫜵
𫠡
𫡅
𫡢
𫢆
𫢇
𫢈
𫧇
𫧋
𫧹
𫨦
𫨲
𫩏
𫭖
𫯛
𫰆
𬌩
𬺣
𬺵
𬺶
𬺷
𬺸
𬺹
𬼅
𬼆
𬼘
𬼙
𬼛
𬽡
𬽢
𭀖
𭀗
𭀘
𭁟
𭂆
𭂇
𭂩
𭂪
𭂫
𭂬
𭃂
𭃃
𭃄
𭄞
𭅄
𭅔
𭅠
𭅳
𭅴
𭘂
𭙈
𭙉
𭣔
𭺪
𭺫
𮯰
𮯲
𮯴
𮰙
內
冗
仌
𠨬
廾
王
𰀅
𰀆
𰀇
𰀡
𰀱
𰁒
𰁕
𰁡
𰃵
𰄙
𰄚
𰅛
𰅭
𰅮
𰆋
𰉕
𰋵
𰍰
𰵊
𰿥
𱍷
𱎀
𱎚
𱐩
𱙁
𱝪
𱤻
𱼀
𲋄
𲎲
𲏈
𲏉
𲏊
𲐕
𲐖
𲑾
𲒇
𲓜
𲓝
𲓞
𲓱
𲜲
𲨰