㕑
㡡
㦵
㨨
㩅
䀺
䆔
䇠
䇬
䏔
䖞
䛣
䝑
䝬
䟞
䦌
䳠
𠑙
𠩈
𠰍
𡃮
𡸌
𡻑
𢨸
𢭆
𣷡
𣹞
𣻱
𤵃
𤾄
𥃧
𥅖
𥉈
𥌆
𥩣
𥫯
𥭥
𥯸
𥵬
𥷈
𦐣
𦙴
𦡴
𧎷
𧑤
𧗑
𧧔
𧬤
𧯛
𧳮
𧻖
𧼙
𨅒
𨈫
𨉢
𨖼
𨙔
𨙦
𨡑
𨤩
𨭅
𨳁
𨳳
𨾲
𩢸
𩣷
𩦛
𩳅
𪅈
𪎡
𪏿
𪐴
𪒒
𪚹
𫝟
𮕪
㕑
㙷
㞏
㡡
㣙
㦞
㨨
㩅
㳞
㿒
㿧
䀺
䅢
䆔
䈙
䊭
䌧
䏔
䐲
䖝
䖞
䛆
䛣
䩜
䬞
䯾
䱔
䲖
䳋
𠀐
𠁦
𠁧
𠁩
𠃠
𠍻
𠔈
𠔗
𠕳
𠝽
𠷎
𠾉
𡀑
𡁉
𡂣
𡆓
𡆣
𡆴
𡇄
𡈊
𡏀
𡕐
𡕑
𡥿
𡷻
𢁷
𢃖
𢄛
𢅂
𢍽
𢏚
𢑔
𢑜
𢒝
𢘷
𢝈
𢤉
𢥞
𢥰
𢭆
𢳏
𣀓
𣅯
𣖭
𣝷
𣪾
𣷡
𣻱
𤃲
𤐭
𤘶
𤚏
𤝅
𤲮
𤳝
𤳠
𤵃
𤶡
𤾊
𥂱
𥂲
𥃧
𥉈
𥌆
𥎻
𥏈
𥛅
𥡀
𥦅
𥫯
𥭥
𥵬
𥵽
𥷈
𦁖
𦂈
𦅬
𦅸
𦘘
𦞥
𦡴
𦬕
𦭸
𦱙
𦳌
𦺚
𦼾
𧒦
𧗑
𧣷
𧧔
𧪀
𧮻
𧻖
𨀔
𨅡
𨏺
𨖼
𨞪
𨡑
𨤷
𨤿
𨥋
𨨩
𨮚
𩅀
𩅞
𩊄
𩋰
𩘿
𩡳
𩢸
𩯦
𩰀
𩿀
𪆇
𪇘
𪔖
𪙹
𫟱
𫾭
𬾊
𬾮
𬿻
𭥜
𭳍
𮅶
𮓰
𮓱
𮓼
𮕪
𮣑
㤕
㾁
䟣
𠷅
𡴅
𧺶
𨲈
㑁
㔘
㤕
㾁
䆝
䘤
䟣
𠷅
𡧨
𡴅
𣢶
𤝞
𦬸
𦸇
𧺶
𨲈
𩶄
㡒
㵮
䞺
䡅
䣨
䣩
䦮
𣚆
𣝙
𤪪
𨋮
𨑞
𨙔
𩀐
𭕾
𭕿