㔓
㔔
㔕
㔖
㔗
㔘
㔙
㔚
㔛
㔜
㔝
㔞
㔠
㔡
㔢
㔣
㔤
㔥
㔦
㔧
㘞
劜
劝
办
务
劢
劥
劧
动
劮
劰
劲
劳
劶
劷
劸
劽
势
勀
勂
勄
勆
勋
勎
勏
勓
勔
勚
勜
勡
勥
勨
勩
勪
勫
勬
勭
勮
勯
勱
勴
勶
历
攰
穷
勞
勒
勵
力
劣
勇
𠆮
𠠲
𠠳
𠠴
𠠵
𠠶
𠠷
𠠸
𠠹
𠠻
𠠼
𠠽
𠠾
𠠿
𠡀
𠡁
𠡂
𠡃
𠡄
𠡅
𠡆
𠡇
𠡈
𠡉
𠡊
𠡋
𠡌
𠡍
𠡎
𠡏
𠡐
𠡑
𠡒
𠡓
𠡔
𠡕
𠡖
𠡗
𠡘
𠡙
𠡚
𠡛
𠡜
𠡝
𠡞
𠡟
𠡠
𠡡
𠡢
𠡣
𠡤
𠡥
𠡦
𠡧
𠡨
𠡩
𠡪
𠡫
𠡬
𠡭
𠡮
𠡯
𠡰
𠡱
𠡲
𠡳
𠡴
𠡵
𠡶
𠡷
𠡸
𠡹
𠡺
𠡻
𠡼
𠡽
𠡾
𠡿
𠢀
𠢁
𠢂
𠢃
𠢄
𠢅
𠢆
𠢇
𠢈
𠢉
𠢊
𠢋
𠢌
𠢍
𠢎
𠢏
𠢐
𠢑
𠢒
𠢓
𠢔
𠢕
𠢖
𠢗
𠢘
𠢙
𠢚
𠢛
𠢜
𠢝
𠢞
𠢟
𠢠
𠢡
𠢢
𠢣
𠢤
𠢥
𠢦
𠢧
𠢨
𠢩
𠢪
𠢫
𠢬
𠢭
𠢮
𠢯
𠢰
𠢱
𠢲
𠢳
𠢴
𠢵
𠢶
𠢷
𠢸
𠢺
𠢻
𠢼
𠢽
𠢾
𠢿
𠣀
𠣁
𠣂
𠣃
𠣄
𠣅
𠣆
𠣇
𠣈
𠣉
𠣊
𠣋
𪟗
𪟘
𪟙
𪟚
𪟛
𪟜
𪟝
𪟞
𪟟
𪟠
𪟡
𪟢
𪟣
𪟤
𪟥
𪟦
𪟧
𫝑
𫦤
𫦥
𫦦
𫦧
𫦨
𫦩
𫦪
𫦫
𫦬
𫦭
𫦮
𫦯
𫦰
𫦱
𫦲
𫦳
𫦴
𫦵
𫦶
𫦷
𫦸
𫦹
𫦺
𫦻
𫦼
𫦽
𫦾
𫦿
𭄞
𭄟
𭄠
𭄡
𭄢
𭄣
𭄤
𭄥
𭄦
𭄧
𭄨
𭄩
𭄪
𭄫
𭄬
𭄭
𭄮
𭄯
𭄰
𭄱
𭄲
𭄳
𭄴
𭄵
𭄶
𭄷
𭄸
𭄹
𭄺
𭄻
𭄼
𭄽
𭄾
𭄿
𭅀
𭅁
𭅂
𭅃
𮰍
𮰎
㔕
勇
勉
勤
劳
𰅉
𰅊
𰅋
𰅌
𰅍
𰅎
𰅏
𰅐
𰅑
𰅒
𰅓
𰅔
𰅕
𰅖
𰅗
𰅘
𰅙
𰅚
𱐩
𱐪
𱐫
𱐬
𱐭
𱐮
𱐯
𱐰
𱐱
𱐲
𱐳
𱐴
𱐵
𱐶
𱐷
𲓂
𲓃
𲓄
𲓅
𲓆
𲓇
𲓈
𲓉
𲓊
𲓋
𲓌
𲓍
𲓎
𲓏
𲓐
𳋻