㐫
㑋
㒶
㓚
㓛
㓬
㔶
㕬
㕳
㖃
㖆
㗕
㗢
㙀
㚉
㚱
㜌
㜹
㝅
㝌
㝤
㡚
㡱
㣘
㤨
㦆
㧃
㧬
㨭
㩴
㪺
㫒
㬬
㬴
㭔
㭟
㯯
㰭
㰯
㰻
㱗
㱙
㱠
㲁
㲃
㳜
㳟
㴦
㵻
㸜
㸨
㸯
㸸
㹗
㺉
㺬
㼋
㽛
㽱
㽲
㽳
㽽
㾋
䀇
䀠
䀧
䁱
䂂
䂬
䃓
䃔
䄔
䅓
䅝
䆪
䇢
䇨
䈮
䉐
䋌
䋧
䋷
䍍
䍛
䏏
䏫
䐟
䑦
䓢
䔈
䔯
䖉
䗂
䛪
䝭
䞤
䟬
䠗
䠻
䡂
䢼
䣱
䣴
䣿
䧁
䧢
䨞
䩒
䪷
䬨
䬲
䭅
䮃
䰗
䰧
䰸
䱋
䲥
䲲
䳍
䴣
䵶
䶙
䶚
𠃖
𠇲
𠋬
𠑹
𠒋
𠕮
𠙔
𠚨
𠛎
𠜉
𠟰
𠠳
𠡟
𠣪
𠣿
𠦕
𠪒
𠯜
𠯶
𠰋
𠵑
𠹎
𡎴
𡔕
𡖑
𡖜
𡗁
𡘎
𡚑
𡚮
𡜨
𡞯
𡟥
𡟫
𡯐
𡱅
𡱺
𡳍
𡳟
𡸕
𡺭
𡽂
𢀜
𢁢
𢂁
𢃐
𢄇
𢉢
𢌄
𢏆
𢑪
𢖳
𢖷
𢖸
𢗃
𢜥
𢞏
𢟭
𢡇
𢡔
𢦅
𢩨
𢪒
𢮍
𢯺
𢳉
𢼦
𢽦
𢽭
𢿛
𣂻
𣃖
𣇬
𣋶
𣑂
𣕌
𣚏
𣦑
𣧁
𣪋
𣪯
𣮔
𣯒
𣯸
𣰋
𣰠
𣶆
𣶉
𣹟
𣻎
𣽝
𣿟
𤅱
𤉥
𤕐
𤘐
𤘘
𤘽
𤚯
𤚲
𤛐
𤣓
𤣵
𤫱
𤬳
𤱨
𤴦
𤴮
𤹣
𤹪
𥃉
𥃔
𥃜
𥃳
𥄷
𥅚
𥅠
𥅪
𥇛
𥈀
𥈈
𥈋
𥈿
𥉁
𥉇
𥊧
𥋢
𥗫
𥘮
𥥧
𥦆
𥦥
𥧒
𥨐
𥫷
𥯔
𥯶
𥰲
𥲉
𥳎
𥴪
𥴴
𥽙
𥿍
𥿺
𦀒
𦁈
𦄜
𦈩
𦎯
𦐛
𦔬
𦔸
𦕠
𦙶
𦜛
𦞨
𦦝
𦩼
𦬅
𦬘
𦭺
𦮁
𦮎
𦮿
𦰰
𦰲
𦱄
𦱇
𦱠
𦱣
𦱱
𦲰
𦴎
𦵡
𦵷
𦶐
𦶔
𦽋
𧂜
𧃛
𧃨
𧄒
𧆐
𧆜
𧆞
𧆻
𧇁
𧇡
𧊘
𧊛
𧌆
𧌧
𧍕
𧎡
𧏺
𧗌
𧘆
𧘏
𧙆
𧚬
𧛩
𧟣
𧠩
𧡑
𧥣
𧥦
𧦅
𧦝
𧧷
𧩊
𧩘
𧪮
𧬕
𧮶
𧲰
𧷻
𧻁
𧽒
𧾧
𧾱
𧿖
𨁺
𨄅
𨈬
𨊘
𨊵
𨋑
𨐡
𨖏
𨙫
𨛵
𨝘
𨟛
𨠋
𨡱
𨢣
𨣂
𨪋
𨬟
𨳊
𨸟
𨸯
𨹁
𨺁
𨾉
𩄢
𩇵
𩈸
𩉿
𩊓
𩌌
𩐁
𩐠
𩑕
𩒓
𩒼
𩕉
𩗄
𩗆
𩝠
𩡎
𩢧
𩢮
𩢳
𩢽
𩣌
𩣕
𩣗
𩤀
𩧘
𩧚
𩩝
𩪍
𩮄
𩲧
𩲼
𩳨
𩴡
𩵅
𩵈
𩶈
𩽩
𩾹
𩿩
𪀊
𪁖
𪃺
𪄊
𪄌
𪄗
𪄮
𪄺
𪅺
𪆉
𪇂
𪇄
𪉶
𪌫
𪎞
𪓞
𪓟
𪓩
𪔣
𪕿
𪖏
𪖛
𪙫
𪚭
𪚶
𪚺
𪛃
𫝄
𫞹
𬯵
𬻉
𬽦
𭅯
𭅰
𭉘
𭑃
𭓾
𭚥
𭜦
𭾏
𮀁
𮁯
𮊁
𮌚
𮓗
𮓙
𮓜
𮓣
𮗷
𮝀
𮞷
𮥾
𮨇
𮭠
𮮦
𮯌
𮯜
𮯝
𮯞
𮯟