䯭
䯮
䯯
䯰
䯱
䯲
䯳
䯴
䯵
䯶
䯷
䯸
䯹
䯺
䯻
䯼
䯽
䯾
䯿
䰀
䰁
䰂
䰃
䰄
䰅
䰆
䰇
䰈
䰉
䰊
䰋
䰌
䰍
䰎
䰏
䰐
䰑
䰒
䰓
䰔
䰕
䰖
髡
髤
髧
髨
髬
髰
髲
髳
髵
髶
髸
髺
髼
髽
髾
髿
鬀
鬁
鬄
鬅
鬇
鬉
鬊
鬋
鬍
鬎
鬏
鬑
鬓
鬔
鬕
鬗
鬙
鬛
鬝
鬞
鬡
鬤
鬒
𩫴
𩫵
𩫶
𩫷
𩫸
𩫹
𩫺
𩫻
𩫼
𩫽
𩫾
𩫿
𩬀
𩬁
𩬂
𩬃
𩬄
𩬅
𩬆
𩬇
𩬈
𩬉
𩬊
𩬋
𩬌
𩬍
𩬎
𩬏
𩬐
𩬑
𩬒
𩬓
𩬔
𩬕
𩬖
𩬗
𩬘
𩬙
𩬚
𩬛
𩬜
𩬝
𩬞
𩬟
𩬠
𩬡
𩬢
𩬣
𩬤
𩬥
𩬦
𩬧
𩬨
𩬩
𩬪
𩬫
𩬬
𩬭
𩬮
𩬯
𩬰
𩬱
𩬲
𩬳
𩬴
𩬵
𩬶
𩬷
𩬸
𩬹
𩬺
𩬻
𩬼
𩬽
𩬾
𩬿
𩭀
𩭁
𩭂
𩭃
𩭄
𩭅
𩭆
𩭇
𩭈
𩭉
𩭊
𩭋
𩭌
𩭍
𩭎
𩭏
𩭐
𩭑
𩭒
𩭓
𩭔
𩭕
𩭖
𩭗
𩭘
𩭙
𩭚
𩭛
𩭜
𩭝
𩭞
𩭟
𩭠
𩭡
𩭢
𩭣
𩭤
𩭥
𩭦
𩭧
𩭨
𩭩
𩭪
𩭫
𩭬
𩭭
𩭮
𩭯
𩭰
𩭱
𩭲
𩭳
𩭴
𩭵
𩭶
𩭷
𩭸
𩭹
𩭺
𩭻
𩭼
𩭽
𩭾
𩭿
𩮀
𩮁
𩮂
𩮃
𩮄
𩮅
𩮆
𩮇
𩮈
𩮉
𩮊
𩮋
𩮌
𩮍
𩮎
𩮏
𩮐
𩮑
𩮒
𩮓
𩮔
𩮕
𩮖
𩮗
𩮘
𩮙
𩮚
𩮛
𩮜
𩮝
𩮞
𩮟
𩮠
𩮡
𩮢
𩮣
𩮤
𩮥
𩮦
𩮧
𩮨
𩮩
𩮪
𩮫
𩮬
𩮭
𩮮
𩮯
𩮰
𩮱
𩮲
𩮳
𩮴
𩮵
𩮶
𩮷
𩮸
𩮹
𩮺
𩮻
𩮼
𩮽
𩮾
𩮿
𩯀
𩯁
𩯂
𩯃
𩯄
𩯅
𩯆
𩯇
𩯈
𩯉
𩯊
𩯋
𩯌
𩯍
𩯎
𩯏
𩯐
𩯑
𩯒
𩯓
𩯔
𩯕
𩯖
𩯗
𩯘
𩯙
𩯚
𩯛
𩯜
𩯝
𩯞
𩯟
𩯠
𩯡
𩯢
𩯣
𩯤
𩯥
𩯦
𩯧
𩯨
𩯩
𩯪
𩯫
𩯬
𩯭
𩯮
𩯯
𩯰
𩯱
𩯲
𩯳
𩯴
𩯵
𩯶
𩯷
𩯸
𩯹
𩯺
𩯻
𩯼
𩯽
𩯾
𩯿
𩰀
𩰁
𩰂
𩰃
𩰄
𩰅
𩰆
𩰇
𩰈
𩰉
𫘸
𫘹
𫘺
𫘻
𫘼
𫘽
𫘾
𫘿
𫙀
𫙁
𫙂
𫙃
𬴧
𬴨
𬴩
𬴪
𬴫
𬴬
𬴭
𬴮
𬴯
𮪽
𮪾
𮪿
𮫀
𮫁
𮫂
𮫃
𮫄
𮫅
𮫆
𮫇
𮫈
𮫉
𮫊
𮫋
𮫌
𮫍
𮫎
𮫏
𮫐
𮫑
𮫒
𮫓
𩬰
鬒
𱅿
𱆀
𱆁
𱆂
𱆃
𱆄
𱆅
𱆆
𱆇
𱆈
𲌚
𲌛
𲌜
𲌝
𲌞
𲌟
𲌠
𲌡
𲌢
𲌣