㒥
㓡
㕊
㕮
㕻
㙛
㚴
㜂
㠦
㠸
㤔
㤱
㥉
㨐
㩠
㩤
㫙
㭪
㰴
㲄
㲗
㳍
㴘
㵯
㸼
㽬
㾈
䀯
䀱
䂤
䃿
䄮
䊿
䋨
䌗
䍍
䍖
䍸
䎍
䎔
䎷
䑧
䒀
䒄
䒠
䓏
䓵
䔰
䗄
䝪
䝾
䞜
䞤
䞯
䞳
䟔
䟪
䠵
䡍
䦣
䩉
䪔
䬏
䭸
䮒
䮛
䯙
䯱
䯽
䱐
䲕
䳕
䳝
䳞
䴸
䵾
𠀚
𠃃
𠉏
𠓗
𠙊
𠙐
𠜙
𠟌
𠣵
𠪻
𠬣
𠮎
𠹪
𠻰
𠽾
𡎽
𡏪
𡜊
𡠞
𡣷
𡤺
𡥭
𡵛
𡵯
𢀣
𢁙
𢁻
𢂆
𢇯
𢇴
𢉶
𢋲
𢍮
𢓱
𢗫
𢗲
𢜳
𢞦
𢠲
𢰆
𢱿
𢻀
𢻬
𢻲
𢻳
𢼹
𢽰
𢾭
𢾾
𣏘
𣘧
𣞒
𣥋
𣩇
𣻜
𣻥
𣿆
𣿝
𤈣
𤊻
𤓽
𤕾
𤙤
𤙭
𤝔
𤣰
𤰑
𤱽
𤵗
𤸑
𤸗
𤺧
𤽦
𥂈
𥄑
𥄓
𥈛
𥑢
𥒫
𥒰
𥙳
𥞂
𥧷
𥱀
𥲛
𥷜
𥷱
𥹃
𥼼
𦇁
𦈢
𦈴
𦊾
𦋄
𦐷
𦑹
𦓞
𦔍
𦔾
𦖀
𦝗
𦢚
𦥁
𦦝
𦰮
𦱖
𦳓
𦵿
𦺉
𦻌
𦽏
𧀮
𧀴
𧁔
𧆉
𧉊
𧉩
𧊆
𧊦
𧌓
𧌛
𧑉
𧒙
𧙛
𧥱
𧥹
𧦞
𧨽
𧫭
𧭘
𧵐
𧶣
𧷲
𧻳
𧻷
𧽴
𧿤
𨁏
𨁜
𨁵
𨊽
𨋞
𨑑
𨓥
𨕍
𨛔
𨛥
𨞻
𨟤
𨥏
𨦶
𨴪
𨸏
𨺢
𨾚
𨾝
𨾪
𩂆
𩂎
𩆣
𩈨
𩉧
𩋮
𩍏
𩏵
𩒙
𩒺
𩓄
𩓖
𩔻
𩖬
𩘵
𩜖
𩠤
𩬙
𩭍
𩭺
𩱉
𩳐
𩵩
𩵹
𩶉
𩷺
𩸅
𩹲
𩺹
𩺼
𩾖
𩾿
𩿧
𪂀
𪂥
𪂾
𪃓
𪄇
𪊐
𪐃
𭁻
𭑯
𭔵
𭘆
𭷰
𮂔
𮄧
𮈷
𮙘
𮚖