㔧
㛎
㠠
㭚
㱺
㾔
䕡
䥨
䮉
䮫
䰕
𠢻
𠣊
𠣋
𡜅
𡣭
𡾅
𢈚
𢙲
𢣻
𢰈
𣀞
𣃨
𣄆
𣖺
𣥏
𣥐
𣥓
𤁵
𤾺
𥀵
𥖼
𥙎
𥜠
𥰠
𥱾
𥶆
𥶌
𥷠
𦊼
𦛗
𦢛
𧈘
𧓻
𧜊
𧭜
𨇖
𩥆
𭞐
𭢆
𭳩
𭾊
𭾐
𮎗
㒳
㔀
㔝
㖫
㙙
㙩
㚑
㝋
㟹
㡣
㡵
㡻
㥄
㦭
㪮
㯿
㰍
㱥
㲆
㲱
㵳
㸳
㹁
㼲
㾉
㾗
䀶
䁁
䁽
䃳
䄥
䄦
䈊
䉁
䉼
䌢
䎆
䑠
䓣
䔖
䕘
䚖
䜍
䜮
䜲
䝀
䝓
䝤
䝶
䠃
䡿
䢧
䣼
䧙
䨅
䩍
䩫
䪉
䬅
䭷
䮚
䮾
䯍
䰱
䴇
𠄖
𠅙
𠈓
𠉒
𠊋
𠏗
𠒨
𠓜
𠖂
𠗲
𠟨
𠠌
𠠢
𠡭
𠨥
𠯱
𠱠
𠻠
𠻱
𠾥
𡁓
𡂏
𡂩
𡆨
𡏵
𡒏
𡓍
𡕮
𡢴
𡫝
𡫱
𡬕
𡮎
𡯌
𡰩
𡳇
𡹃
𡺿
𡻪
𡽐
𡽟
𡿡
𢀂
𢄷
𢄺
𢅛
𢌔
𢔁
𢝋
𢟺
𢴫
𢺰
𢿞
𣁰
𣄴
𣄵
𣄶
𣄷
𣌣
𣌩
𣎎
𣎸
𣓈
𣘪
𣛀
𣝚
𣟆
𣠄
𣣋
𣩢
𣬹
𣰌
𣰫
𣸑
𣹷
𣼢
𣽓
𤁯
𤁸
𤃩
𤉞
𤊽
𤎚
𤎞
𤐗
𤐱
𤑗
𤒧
𤖦
𤚒
𤜙
𤢙
𤢪
𤢸
𤣍
𤣘
𤣤
𤨻
𤪃
𤫊
𤫲
𤭃
𤮵
𤵠
𤷖
𤻲
𤼃
𤿅
𥇉
𥈘
𥌼
𥗀
𥘃
𥛰
𥜧
𥞹
𥣷
𥤜
𥤞
𥥋
𥧯
𥨽
𥪂
𥪐
𥪑
𥫈
𥬆
𥭣
𥭷
𥱋
𥲁
𥲊
𥵐
𥵝
𥶢
𥷨
𥸾
𥺙
𦄗
𦆖
𦉢
𦊓
𦌒
𦏰
𦕵
𦕼
𦖩
𦗖
𦠼
𦪕
𦪽
𦫃
𦫊
𦱉
𦱸
𦺹
𦼤
𦾳
𦿌
𧀨
𧁽
𧂏
𧅊
𧆺
𧓐
𧕅
𧖜
𧘈
𧞕
𧞪
𧟙
𧡜
𧭌
𧭞
𧰓
𧰠
𧰻
𧽽
𧾇
𧾮
𨄈
𨆍
𨎅
𨝷
𨣀
𨤥
𨤦
𨭼
𨲲
𨵶
𨷰
𨹧
𨻪
𨽲
𩁻
𩆒
𩆕
𩆚
𩆜
𩆮
𩊂
𩑊
𩕐
𩖊
𩖝
𩖵
𩗖
𩗬
𩗾
𩘁
𩙂
𩙑
𩙘
𩙠
𩚹
𩜁
𩟃
𩦏
𩧆
𩪚
𩪥
𩬔
𩭌
𩭫
𩮮
𩯊
𩯝
𩯻
𩰂
𩲩
𩳮
𩴤
𩵀
𩵂
𩵌
𩼭
𪅋
𪋚
𪋾
𪌀
𪌏
𪌒
𪌵
𪑘
𪑞
𪑧
𪔷
𪕌
𪖷
𪚑
𪚝
𪚠
𪛈
𪳏
𬼸
𬾻
𭁢
𭸡
𭼎
𮁣
𮈦
𮊿
𮋀
𮫋
㪖
㫽
㯤
㲶
䐂
䚄
䟿
䱚
𠠲
𠢠
𡕮
𡯄
𢅞
𢡑
𣲒
𤜜
𦾯
𧨹
𧲡
𩾜
𪎂