㰝
㰞
㰟
㰠
㰡
㰢
㰣
㰤
㰥
㰦
㰧
㰨
㰩
㰪
㰫
㰬
㰭
㰮
㰯
㰰
㰱
㰲
㰳
㰴
㰵
㰶
㰸
㰹
㰺
㰻
㰼
㰽
㰾
㰿
㱀
㱁
㱂
㱃
㱄
㱅
㱆
㱇
㱈
㱉
㱊
㱋
㱌
㱍
㱎
䶾
欢
欤
欥
欦
欨
欩
欪
欫
欬
欭
欮
欯
欰
欱
欳
欴
欵
欶
欻
欼
欿
歀
歁
歂
歄
歅
歆
歈
歊
歋
歍
歏
歑
歒
歕
歖
歗
歘
歚
歜
歝
歞
歠
𣢀
𣢁
𣢂
𣢃
𣢄
𣢅
𣢆
𣢇
𣢈
𣢉
𣢊
𣢋
𣢌
𣢍
𣢎
𣢏
𣢐
𣢑
𣢒
𣢓
𣢔
𣢕
𣢖
𣢗
𣢘
𣢙
𣢚
𣢛
𣢜
𣢝
𣢞
𣢟
𣢠
𣢡
𣢢
𣢣
𣢤
𣢥
𣢦
𣢧
𣢨
𣢩
𣢪
𣢫
𣢬
𣢭
𣢮
𣢯
𣢰
𣢱
𣢲
𣢳
𣢴
𣢵
𣢶
𣢷
𣢸
𣢹
𣢺
𣢻
𣢼
𣢽
𣢾
𣢿
𣣀
𣣁
𣣂
𣣃
𣣄
𣣅
𣣆
𣣇
𣣈
𣣉
𣣊
𣣋
𣣌
𣣍
𣣎
𣣏
𣣐
𣣑
𣣒
𣣓
𣣔
𣣕
𣣖
𣣗
𣣘
𣣙
𣣚
𣣛
𣣜
𣣝
𣣞
𣣟
𣣠
𣣡
𣣢
𣣣
𣣤
𣣥
𣣦
𣣧
𣣨
𣣩
𣣪
𣣫
𣣭
𣣮
𣣯
𣣰
𣣱
𣣲
𣣳
𣣴
𣣵
𣣶
𣣷
𣣸
𣣹
𣣺
𣣻
𣣼
𣣽
𣣾
𣣿
𣤀
𣤁
𣤂
𣤃
𣤄
𣤅
𣤆
𣤇
𣤈
𣤉
𣤊
𣤋
𣤌
𣤍
𣤎
𣤏
𣤐
𣤑
𣤒
𣤓
𣤔
𣤕
𣤖
𣤗
𣤘
𣤙
𣤚
𣤛
𣤜
𣤝
𣤞
𣤟
𣤠
𣤡
𣤢
𣤣
𣤤
𣤥
𣤦
𣤧
𣤨
𣤩
𣤪
𣤫
𣤬
𣤭
𣤮
𣤯
𣤰
𣤱
𣤲
𣤳
𣤴
𣤵
𣤶
𣤷
𣤸
𣤹
𣤺
𣤻
𣤼
𣤽
𣤾
𣤿
𣥀
𣥁
𪴩
𪴪
𪴫
𪴬
𪴭
𪴮
𪴯
𪴰
𪴱
𪴲
𪴳
𪴴
𬅝
𬅞
𬅟
𬅠
𬅡
𬅢
𬅣
𬅤
𬅥
𬅦
𬅧
𬅨
𬅩
𬅪
𬅫
𬅬
𬅭
𬅮
𬅯
𬅰
𬅱
𬅲
𬅳
𬅴
𬅵
𭭄
𭭅
𭭆
𭭇
𭭈
𭭉
𭭊
𭭋
𭭌
𭭍
𭭎
𭭏
𭭐
𭭑
𭭒
𭭓
𭭔
𭭕
𭭖
𭭗
𮲾
次
𣢧
歔
㱎
𰙊
𰙋
𰙌
𰙍
𰙎
𰙏
𰙐
𰙑
𰙒
𰙓
𰙔
𰙕
𰙖
𰙗
𰙘
𰙙
𱤷
𱤸
𱤹
𱤺