㿻
㿼
㿽
㿾
㿿
䀀
䀁
䀂
䀃
䀄
䀅
䀆
䀇
䀈
䀉
䀊
䀋
䀌
䀍
盀
盁
盄
盇
盋
盏
盐
监
盓
盕
盘
盙
盚
盝
盠
盢
盩
盫
盭
盧
益
益
盛
𥀿
𥁀
𥁁
𥁂
𥁃
𥁄
𥁅
𥁆
𥁇
𥁈
𥁉
𥁋
𥁌
𥁍
𥁎
𥁏
𥁐
𥁑
𥁒
𥁓
𥁔
𥁖
𥁗
𥁘
𥁙
𥁚
𥁛
𥁜
𥁝
𥁞
𥁟
𥁠
𥁡
𥁢
𥁣
𥁤
𥁥
𥁦
𥁧
𥁨
𥁩
𥁪
𥁫
𥁬
𥁭
𥁮
𥁯
𥁰
𥁱
𥁲
𥁳
𥁴
𥁵
𥁶
𥁷
𥁸
𥁹
𥁺
𥁻
𥁼
𥁽
𥁾
𥁿
𥂀
𥂁
𥂂
𥂃
𥂄
𥂅
𥂆
𥂇
𥂈
𥂉
𥂊
𥂋
𥂌
𥂍
𥂎
𥂏
𥂐
𥂑
𥂒
𥂓
𥂔
𥂕
𥂖
𥂗
𥂘
𥂙
𥂚
𥂛
𥂜
𥂝
𥂞
𥂟
𥂠
𥂡
𥂢
𥂣
𥂤
𥂥
𥂦
𥂧
𥂨
𥂩
𥂪
𥂫
𥂬
𥂭
𥂮
𥂯
𥂰
𥂱
𥂲
𥂴
𥂵
𥂶
𥂷
𥂸
𥂹
𥂺
𥂻
𥂼
𥂽
𥂾
𥂿
𥃀
𥃁
𥃂
𥃃
𥃄
𥃅
𥃆
𥃇
𥃈
𥃉
𥃊
𥃋
𥃌
𥃍
𥃎
𥃏
𥃐
𥃑
𥃒
𥃓
𥃔
𥃕
𥃖
𥃗
𥃘
𥃙
𥃚
𥃛
𥃜
𥃝
𥃞
𥃟
𥃠
𥃡
𥃢
𥃣
𦪹
𪾊
𪾋
𪾌
𪾍
𪾎
𪾏
𪾐
𪾑
𪾒
𪾓
𪾔
𪾕
𪾖
𪾗
𪾘
𪾙
𪾚
𪾛
𪾜
𪾝
𪾞
𫞯
𫞰
𫞱
𬐗
𬐘
𬐙
𬐚
𬐛
𬐜
𬐝
𬐞
𬐟
𬐠
𬐡
𬐢
𬐣
𬐤
𬐥
𬐦
𬐧
𬐨
𬐩
𬐪
𬐫
𬐬
𬐭
𬐮
𬐯
𬐰
𬐱
𬐲
𬐳
𬐴
𬐵
𬐶
𬐷
𬐸
𬐹
𬐺
𬐻
𬐼
𬐽
𬐾
𬐿
𬑀
𬑁
𬑂
𬑃
𬑄
𭽼
𭽽
𭽾
𭽿
𭾀
𭾁
𭾂
𭾃
𭾄
𭾅
𭾆
𭾇
𭾈
𭾉
𭾊
𭾋
𭾌
𭾍
𭾎
𭾏
𭾐
𭾑
𭾒
𭾓
𭾔
𭾕
𭾖
𥁄
㿼
䀈
𰤲
𰤳
𰤴
𰤵
𰤶
𰤷
𰤸
𰤹
𰤺
𰤻
𰤼
𰤽
𰤾
𰤿
𰥀
𰥁
𰥂
𰥃
𰥄
𰥅
𰥆
𰥇
𰥈
𰥉
𰥊
𱲋
𱲌
𱲍
𱲎
𱲏
𱲐
𱲑
𱲒
𱲓
𱲔
𱲕
𱲖
𱲗
𱲘
𱲙
𱲚
𱲛
𱲜
𱲝
𱲞
𱲟
𱲠
𱲡
𱲢