㢧
㢨
㢩
㢪
㢫
㢬
㢭
㢮
㢯
㢰
㢱
㢲
㢳
㢴
㢵
㢶
㢷
㢸
㢹
㢺
㢻
㢼
㢽
㢾
㢿
㣀
㣁
㣂
㣃
㣄
㣅
㣆
弙
弚
张
弡
弢
弤
弨
弪
弫
弬
弮
弰
弲
弳
弹
强
弻
弿
彂
彃
彄
彆
彉
彋
彍
彏
𠄴
𠔘
𢎗
𢎘
𢎙
𢎚
𢎛
𢎜
𢎝
𢎞
𢎟
𢎠
𢎡
𢎢
𢎣
𢎤
𢎥
𢎦
𢎧
𢎨
𢎩
𢎪
𢎫
𢎬
𢎮
𢎯
𢎰
𢎱
𢎲
𢎳
𢎴
𢎵
𢎶
𢎷
𢎸
𢎹
𢎺
𢎻
𢎼
𢎽
𢎾
𢎿
𢏀
𢏁
𢏂
𢏃
𢏄
𢏅
𢏆
𢏇
𢏈
𢏉
𢏊
𢏋
𢏌
𢏍
𢏎
𢏏
𢏐
𢏑
𢏒
𢏓
𢏔
𢏕
𢏖
𢏗
𢏘
𢏙
𢏚
𢏛
𢏜
𢏝
𢏞
𢏟
𢏠
𢏡
𢏢
𢏣
𢏤
𢏥
𢏦
𢏧
𢏨
𢏩
𢏪
𢏫
𢏬
𢏭
𢏮
𢏯
𢏰
𢏱
𢏲
𢏳
𢏴
𢏵
𢏶
𢏷
𢏸
𢏹
𢏺
𢏻
𢏼
𢏽
𢏾
𢏿
𢐀
𢐁
𢐂
𢐃
𢐄
𢐅
𢐆
𢐇
𢐈
𢐉
𢐊
𢐋
𢐌
𢐍
𢐎
𢐏
𢐐
𢐑
𢐒
𢐓
𢐔
𢐕
𢐖
𢐗
𢐘
𢐙
𢐚
𢐛
𢐜
𢐝
𢐞
𢐟
𢐠
𢐡
𢐢
𢐣
𢐤
𢐥
𢐦
𢐧
𢐨
𢐩
𢐪
𢐬
𢐭
𢐮
𢐯
𢐰
𢐱
𢐲
𢐳
𢐴
𢐵
𢐶
𢐷
𢐸
𢐹
𢐺
𢐻
𢐼
𢐽
𢐾
𢐿
𢑀
𢑁
𢑂
𢑃
𢑄
𢑅
𢑆
𢑇
𢑈
𢑉
𢑊
𢑋
𢑌
𢑍
𢑎
𤯽
𪪺
𪪻
𪪼
𪪽
𪪾
𪪿
𪫀
𪫁
𪫂
𪫃
𪫄
𪫅
𫸥
𫸦
𫸧
𫸨
𫸩
𫸪
𫸫
𫸬
𫸭
𫸮
𫸯
𫸰
𫸱
𫸲
𫸳
𫸴
𫸵
𫸶
𫸷
𫸸
𫸹
𫸺
𫸻
𫸼
𫸽
𫸾
𫸿
𫹀
𫹁
𫹂
𫹃
𭚥
𭚦
𭚧
𭚨
𭚩
𭚪
𭚫
𭚬
𭚭
𭚮
𭚯
𭚰
𭚱
𭚲
𭚳
𭚴
𭚵
𭚶
𭚷
𭚸
𭚹
𭚺
𭚻
𭚼
𭚽
𭚾
𭚿
𭛀
𭛁
𭛂
𭛃
𭛄
𭛅
𭛆
𭛇
𭛈
𭛉
𭛊
𭛋
𭛌
𮱴
𮱵
𮱶
𮱷
𮱸
弢
弢
𰐓
𰐔
𰐕
𰐖
𰐗
𰐘
𰐙
𰐚
𰐛
𰐜
𰐝
𰐞
𰐟
𰐠
𰐡
𰐢
𱝙
𱝚
𱝛
𱝜
𱝝
𱝞