䶔
䶕
䶖
䶗
䶘
䶙
䶚
䶛
䶜
䶝
䶞
䶟
䶠
䶡
䶢
䶣
䶤
䶥
䶦
䶧
䶨
䶩
䶪
䶫
齖
齙
齚
齛
齜
齞
齤
齥
齨
齫
齮
齯
齱
齳
齴
齸
齹
齺
齻
齼
齽
齾
齿
龀
龁
龂
龃
龄
龅
龆
龇
龈
龉
龊
龋
龌
𠎜
𣦊
𣦋
𪗔
𪗕
𪗖
𪗗
𪗘
𪗙
𪗚
𪗛
𪗜
𪗝
𪗞
𪗟
𪗠
𪗡
𪗢
𪗣
𪗤
𪗥
𪗦
𪗧
𪗨
𪗩
𪗪
𪗫
𪗬
𪗭
𪗮
𪗯
𪗰
𪗲
𪗳
𪗴
𪗵
𪗶
𪗷
𪗸
𪗹
𪗺
𪗻
𪗼
𪗽
𪗾
𪗿
𪘀
𪘁
𪘃
𪘄
𪘅
𪘆
𪘇
𪘈
𪘉
𪘊
𪘋
𪘌
𪘍
𪘎
𪘏
𪘐
𪘑
𪘒
𪘓
𪘔
𪘕
𪘖
𪘗
𪘘
𪘙
𪘛
𪘜
𪘝
𪘞
𪘟
𪘠
𪘡
𪘢
𪘣
𪘤
𪘥
𪘦
𪘧
𪘨
𪘩
𪘪
𪘫
𪘬
𪘭
𪘮
𪘯
𪘰
𪘱
𪘲
𪘳
𪘴
𪘵
𪘶
𪘷
𪘸
𪘹
𪘺
𪘻
𪘼
𪘽
𪘾
𪘿
𪙀
𪙁
𪙂
𪙃
𪙄
𪙅
𪙆
𪙇
𪙈
𪙉
𪙊
𪙋
𪙌
𪙍
𪙎
𪙏
𪙐
𪙑
𪙒
𪙓
𪙔
𪙕
𪙖
𪙗
𪙘
𪙙
𪙚
𪙛
𪙜
𪙝
𪙞
𪙟
𪙠
𪙡
𪙢
𪙣
𪙤
𪙥
𪙦
𪙧
𪙨
𪙩
𪙪
𪙫
𪙬
𪙭
𪙮
𪙯
𪙰
𪙱
𪙲
𪙳
𪙴
𪙵
𪙶
𪙷
𪙸
𪙹
𪙺
𪙻
𪙼
𪙽
𪙾
𪙿
𪚀
𪚁
𪚂
𪚃
𪚄
𪚅
𪚆
𪚇
𪚈
𪚉
𪚊
𪚋
𪚌
𪚍
𪚎
𪚏
𪚐
𫜥
𫜦
𫜧
𫜨
𫜩
𫜪
𫜫
𫜬
𫜭
𫜮
𫜯
𫜰
𫠙
𫠚
𫠛
𫠜
𬹴
𬹵
𬹶
𬹷
𬹸
𬹹
𬹺
𬹻
𬹼
𬹽
𬹾
𬹿
𬺀
𬺁
𬺂
𬺃
𬺄
𬺅
𬺆
𬺇
𬺈
𬺉
𬺊
𬺋
𬺌
𬺍
𬺎
𬺏
𬺐
𬺑
𬺒
𬺓
𬺔
𬺕
𬺖
𮮽
𮮾
𮮿
𮯀
𮯁
𮯂
𮯃
𮯄
𮯅
𮯆
𮯇
𮯈
𮯉
𮯊
𮯋
𮯌
𮯍
𮯎
𮯏
𮯐
𮯑
𮯒
𮯓
𮯔
𮯕
𮯖
𮯗
𮯘
𮯙
𪘀
𱌚
𱌛
𱌜
𱌝
𱌞
𱌟
𱌠
𱌡
𱌢
𱌣
𱌤
𱌥
𱌦
𱌧
𱌨
𱌩
𱌪
𱌫
𱌬
𱌭
𱌮
𱌯
𱌰
𱌱
𱌲
𱌳
𱌴
𱌵
𱌶
𱌷
𱌸
𱌹
𱌺
𱌻
𱌼
𱌽
𲎢
𲎣
𲎤
𲎥
𲎦
𲎧
𲎨
𲎩
𲎪
𲎫
𲒬
𳑩
𳑪
𳑫
𳑬
𳑭
𳑮
𳑯
𳑰
𳑱
𳑲